{"total": {"lines":{"total":1355,"covered":1105,"skipped":0,"pct":81.54},"statements":{"total":1377,"covered":1127,"skipped":0,"pct":81.84},"functions":{"total":148,"covered":125,"skipped":0,"pct":84.45},"branches":{"total":677,"covered":505,"skipped":0,"pct":74.59},"branchesTrue":{"total":0,"covered":0,"skipped":0,"pct":100}}
,"C:\\Necxu\\projects\\medicamenta.me\\applications\\medicamenta.me-back-functions\\src\\index.ts": {"lines":{"total":133,"covered":0,"skipped":0,"pct":0},"functions":{"total":10,"covered":0,"skipped":0,"pct":0},"statements":{"total":133,"covered":0,"skipped":0,"pct":0},"branches":{"total":65,"covered":0,"skipped":0,"pct":0}}
,"C:\\Necxu\\projects\\medicamenta.me\\applications\\medicamenta.me-back-functions\\src\\ocr-cloud-vision.ts": {"lines":{"total":70,"covered":68,"skipped":0,"pct":97.14},"functions":{"total":2,"covered":2,"skipped":0,"pct":100},"statements":{"total":71,"covered":69,"skipped":0,"pct":97.18},"branches":{"total":62,"covered":51,"skipped":0,"pct":82.25}}
,"C:\\Necxu\\projects\\medicamenta.me\\applications\\medicamenta.me-back-functions\\src\\pagseguro-functions.ts": {"lines":{"total":163,"covered":160,"skipped":0,"pct":98.15},"functions":{"total":12,"covered":12,"skipped":0,"pct":100},"statements":{"total":163,"covered":160,"skipped":0,"pct":98.15},"branches":{"total":106,"covered":81,"skipped":0,"pct":76.41}}
,"C:\\Necxu\\projects\\medicamenta.me\\applications\\medicamenta.me-back-functions\\src\\pagseguro.ts": {"lines":{"total":93,"covered":0,"skipped":0,"pct":0},"functions":{"total":12,"covered":0,"skipped":0,"pct":0},"statements":{"total":93,"covered":0,"skipped":0,"pct":0},"branches":{"total":38,"covered":0,"skipped":0,"pct":0}}
,"C:\\Necxu\\projects\\medicamenta.me\\applications\\medicamenta.me-back-functions\\src\\stripe-functions.ts": {"lines":{"total":176,"covered":169,"skipped":0,"pct":96.02},"functions":{"total":17,"covered":17,"skipped":0,"pct":100},"statements":{"total":176,"covered":169,"skipped":0,"pct":96.02},"branches":{"total":95,"covered":77,"skipped":0,"pct":81.05}}
,"C:\\Necxu\\projects\\medicamenta.me\\applications\\medicamenta.me-back-functions\\src\\api\\index.ts": {"lines":{"total":47,"covered":47,"skipped":0,"pct":100},"functions":{"total":6,"covered":6,"skipped":0,"pct":100},"statements":{"total":47,"covered":47,"skipped":0,"pct":100},"branches":{"total":2,"covered":1,"skipped":0,"pct":50}}
,"C:\\Necxu\\projects\\medicamenta.me\\applications\\medicamenta.me-back-functions\\src\\api\\middleware\\api-key-validator.ts": {"lines":{"total":55,"covered":55,"skipped":0,"pct":100},"functions":{"total":7,"covered":7,"skipped":0,"pct":100},"statements":{"total":56,"covered":56,"skipped":0,"pct":100},"branches":{"total":19,"covered":17,"skipped":0,"pct":89.47}}
,"C:\\Necxu\\projects\\medicamenta.me\\applications\\medicamenta.me-back-functions\\src\\api\\middleware\\auth.ts": {"lines":{"total":40,"covered":40,"skipped":0,"pct":100},"functions":{"total":7,"covered":7,"skipped":0,"pct":100},"statements":{"total":40,"covered":40,"skipped":0,"pct":100},"branches":{"total":20,"covered":20,"skipped":0,"pct":100}}
,"C:\\Necxu\\projects\\medicamenta.me\\applications\\medicamenta.me-back-functions\\src\\api\\middleware\\error-handler.ts": {"lines":{"total":10,"covered":10,"skipped":0,"pct":100},"functions":{"total":1,"covered":1,"skipped":0,"pct":100},"statements":{"total":10,"covered":10,"skipped":0,"pct":100},"branches":{"total":6,"covered":6,"skipped":0,"pct":100}}
,"C:\\Necxu\\projects\\medicamenta.me\\applications\\medicamenta.me-back-functions\\src\\api\\middleware\\logger.ts": {"lines":{"total":23,"covered":22,"skipped":0,"pct":95.65},"functions":{"total":5,"covered":5,"skipped":0,"pct":100},"statements":{"total":23,"covered":22,"skipped":0,"pct":95.65},"branches":{"total":6,"covered":5,"skipped":0,"pct":83.33}}
,"C:\\Necxu\\projects\\medicamenta.me\\applications\\medicamenta.me-back-functions\\src\\api\\middleware\\rate-limiter.ts": {"lines":{"total":40,"covered":38,"skipped":0,"pct":95},"functions":{"total":5,"covered":4,"skipped":0,"pct":80},"statements":{"total":40,"covered":38,"skipped":0,"pct":95},"branches":{"total":20,"covered":19,"skipped":0,"pct":95}}
,"C:\\Necxu\\projects\\medicamenta.me\\applications\\medicamenta.me-back-functions\\src\\api\\utils\\api-error.ts": {"lines":{"total":16,"covered":16,"skipped":0,"pct":100},"functions":{"total":9,"covered":9,"skipped":0,"pct":100},"statements":{"total":16,"covered":16,"skipped":0,"pct":100},"branches":{"total":4,"covered":4,"skipped":0,"pct":100}}
,"C:\\Necxu\\projects\\medicamenta.me\\applications\\medicamenta.me-back-functions\\src\\api\\v1\\adherence.routes.ts": {"lines":{"total":88,"covered":88,"skipped":0,"pct":100},"functions":{"total":14,"covered":14,"skipped":0,"pct":100},"statements":{"total":97,"covered":97,"skipped":0,"pct":100},"branches":{"total":47,"covered":45,"skipped":0,"pct":95.74}}
,"C:\\Necxu\\projects\\medicamenta.me\\applications\\medicamenta.me-back-functions\\src\\api\\v1\\auth.routes.ts": {"lines":{"total":79,"covered":77,"skipped":0,"pct":97.46},"functions":{"total":3,"covered":3,"skipped":0,"pct":100},"statements":{"total":79,"covered":77,"skipped":0,"pct":97.46},"branches":{"total":44,"covered":40,"skipped":0,"pct":90.9}}
,"C:\\Necxu\\projects\\medicamenta.me\\applications\\medicamenta.me-back-functions\\src\\api\\v1\\medications.routes.ts": {"lines":{"total":84,"covered":83,"skipped":0,"pct":98.8},"functions":{"total":7,"covered":7,"skipped":0,"pct":100},"statements":{"total":86,"covered":85,"skipped":0,"pct":98.83},"branches":{"total":44,"covered":43,"skipped":0,"pct":97.72}}
,"C:\\Necxu\\projects\\medicamenta.me\\applications\\medicamenta.me-back-functions\\src\\api\\v1\\patients.routes.ts": {"lines":{"total":89,"covered":88,"skipped":0,"pct":98.87},"functions":{"total":8,"covered":8,"skipped":0,"pct":100},"statements":{"total":91,"covered":90,"skipped":0,"pct":98.9},"branches":{"total":49,"covered":49,"skipped":0,"pct":100}}
,"C:\\Necxu\\projects\\medicamenta.me\\applications\\medicamenta.me-back-functions\\src\\api\\v1\\reports.routes.ts": {"lines":{"total":66,"covered":64,"skipped":0,"pct":96.96},"functions":{"total":13,"covered":13,"skipped":0,"pct":100},"statements":{"total":70,"covered":68,"skipped":0,"pct":97.14},"branches":{"total":25,"covered":23,"skipped":0,"pct":92}}
,"C:\\Necxu\\projects\\medicamenta.me\\applications\\medicamenta.me-back-functions\\src\\api\\v1\\webhooks.routes.ts": {"lines":{"total":83,"covered":80,"skipped":0,"pct":96.38},"functions":{"total":10,"covered":10,"skipped":0,"pct":100},"statements":{"total":86,"covered":83,"skipped":0,"pct":96.51},"branches":{"total":25,"covered":24,"skipped":0,"pct":96}}
}
