TN:
SF:src\index.ts
FN:44,getPriceId
FN:57,getOrCreateCustomer
FN:98,(anonymous_10)
FN:167,(anonymous_11)
FN:216,(anonymous_12)
FN:273,handleCheckoutSessionCompleted
FN:320,handleSubscriptionUpdate
FN:362,handleSubscriptionDeleted
FN:389,handleInvoicePaymentSucceeded
FN:419,handleInvoicePaymentFailed
FNF:10
FNH:0
FNDA:0,getPriceId
FNDA:0,getOrCreateCustomer
FNDA:0,(anonymous_10)
FNDA:0,(anonymous_11)
FNDA:0,(anonymous_12)
FNDA:0,handleCheckoutSessionCompleted
FNDA:0,handleSubscriptionUpdate
FNDA:0,handleSubscriptionDeleted
FNDA:0,handleInvoicePaymentSucceeded
FNDA:0,handleInvoicePaymentFailed
DA:1,0
DA:2,0
DA:3,0
DA:6,0
DA:7,0
DA:10,0
DA:13,0
DA:16,0
DA:19,0
DA:23,0
DA:24,0
DA:30,0
DA:45,0
DA:46,0
DA:48,0
DA:49,0
DA:51,0
DA:59,0
DA:60,0
DA:62,0
DA:63,0
DA:64,0
DA:68,0
DA:77,0
DA:88,0
DA:89,0
DA:96,0
DA:99,0
DA:100,0
DA:102,0
DA:103,0
DA:106,0
DA:109,0
DA:112,0
DA:140,0
DA:147,0
DA:150,0
DA:153,0
DA:165,0
DA:168,0
DA:169,0
DA:171,0
DA:172,0
DA:175,0
DA:176,0
DA:178,0
DA:179,0
DA:182,0
DA:183,0
DA:186,0
DA:192,0
DA:199,0
DA:202,0
DA:204,0
DA:216,0
DA:217,0
DA:218,0
DA:222,0
DA:224,0
DA:226,0
DA:227,0
DA:228,0
DA:231,0
DA:233,0
DA:235,0
DA:237,0
DA:238,0
DA:242,0
DA:243,0
DA:246,0
DA:247,0
DA:250,0
DA:251,0
DA:254,0
DA:255,0
DA:258,0
DA:261,0
DA:264,0
DA:265,0
DA:274,0
DA:275,0
DA:276,0
DA:277,0
DA:280,0
DA:282,0
DA:285,0
DA:286,0
DA:289,0
DA:290,0
DA:303,0
DA:304,0
DA:314,0
DA:321,0
DA:322,0
DA:323,0
DA:324,0
DA:327,0
DA:331,0
DA:332,0
DA:333,0
DA:334,0
DA:336,0
DA:340,0
DA:341,0
DA:350,0
DA:351,0
DA:363,0
DA:364,0
DA:365,0
DA:366,0
DA:369,0
DA:372,0
DA:373,0
DA:382,0
DA:383,0
DA:390,0
DA:393,0
DA:398,0
DA:399,0
DA:400,0
DA:403,0
DA:405,0
DA:408,0
DA:409,0
DA:420,0
DA:423,0
DA:428,0
DA:429,0
DA:430,0
DA:433,0
DA:435,0
DA:438,0
DA:439,0
LF:133
LH:0
BRDA:23,0,0,0
BRDA:23,0,1,0
BRDA:23,0,2,0
BRDA:32,1,0,0
BRDA:32,1,1,0
BRDA:33,2,0,0
BRDA:33,2,1,0
BRDA:36,3,0,0
BRDA:36,3,1,0
BRDA:37,4,0,0
BRDA:37,4,1,0
BRDA:45,5,0,0
BRDA:45,5,1,0
BRDA:46,6,0,0
BRDA:46,6,1,0
BRDA:48,7,0,0
BRDA:48,7,1,0
BRDA:49,8,0,0
BRDA:49,8,1,0
BRDA:62,9,0,0
BRDA:62,9,1,0
BRDA:81,10,0,0
BRDA:81,10,1,0
BRDA:125,11,0,0
BRDA:125,11,1,0
BRDA:178,12,0,0
BRDA:178,12,1,0
BRDA:218,13,0,0
BRDA:218,13,1,0
BRDA:218,13,2,0
BRDA:235,14,0,0
BRDA:235,14,1,0
BRDA:235,14,2,0
BRDA:235,14,3,0
BRDA:235,14,4,0
BRDA:235,14,5,0
BRDA:235,14,6,0
BRDA:275,15,0,0
BRDA:275,15,1,0
BRDA:292,16,0,0
BRDA:292,16,1,0
BRDA:296,17,0,0
BRDA:296,17,1,0
BRDA:297,18,0,0
BRDA:297,18,1,0
BRDA:298,19,0,0
BRDA:298,19,1,0
BRDA:322,20,0,0
BRDA:322,20,1,0
BRDA:331,21,0,0
BRDA:331,21,1,0
BRDA:333,22,0,0
BRDA:333,22,1,0
BRDA:343,23,0,0
BRDA:343,23,1,0
BRDA:344,24,0,0
BRDA:344,24,1,0
BRDA:345,25,0,0
BRDA:345,25,1,0
BRDA:364,26,0,0
BRDA:364,26,1,0
BRDA:398,27,0,0
BRDA:398,27,1,0
BRDA:428,28,0,0
BRDA:428,28,1,0
BRF:65
BRH:0
end_of_record
TN:
SF:src\ocr-cloud-vision.ts
FN:51,(anonymous_6)
FN:187,(anonymous_7)
FNF:2
FNH:2
FNDA:12,(anonymous_6)
FNDA:9,(anonymous_7)
DA:8,2
DA:9,2
DA:10,2
DA:13,2
DA:45,2
DA:53,12
DA:54,1
DA:60,11
DA:63,11
DA:64,2
DA:71,9
DA:72,1
DA:78,8
DA:79,8
DA:82,8
DA:83,8
DA:86,8
DA:90,5
DA:92,5
DA:93,1
DA:100,4
DA:101,4
DA:104,4
DA:105,4
DA:108,4
DA:109,4
DA:110,3
DA:112,3
DA:113,3
DA:115,3
DA:126,3
DA:127,3
DA:131,4
DA:134,4
DA:135,0
DA:147,4
DA:149,4
DA:157,3
DA:159,3
DA:162,3
DA:163,0
DA:173,3
DA:183,2
DA:188,9
DA:189,9
DA:192,9
DA:193,9
DA:194,9
DA:196,9
DA:197,6
DA:199,6
DA:201,6
DA:203,6
DA:204,1
DA:205,1
DA:209,5
DA:210,5
DA:213,5
DA:217,4
DA:219,4
DA:220,1
DA:222,1
DA:229,1
DA:233,3
DA:234,3
DA:237,3
DA:248,3
DA:251,1
DA:253,1
DA:255,1
LF:70
LH:68
BRDA:53,0,0,1
BRDA:53,0,1,11
BRDA:63,1,0,2
BRDA:63,1,1,9
BRDA:63,2,0,11
BRDA:63,2,1,10
BRDA:71,3,0,1
BRDA:71,3,1,8
BRDA:92,4,0,1
BRDA:92,4,1,4
BRDA:92,5,0,5
BRDA:92,5,1,5
BRDA:101,6,0,4
BRDA:101,6,1,0
BRDA:112,7,0,3
BRDA:112,7,1,0
BRDA:112,8,0,3
BRDA:112,8,1,3
BRDA:112,8,2,3
BRDA:118,9,0,3
BRDA:118,9,1,0
BRDA:119,10,0,3
BRDA:119,10,1,1
BRDA:120,11,0,3
BRDA:120,11,1,1
BRDA:121,12,0,3
BRDA:121,12,1,0
BRDA:121,13,0,3
BRDA:121,13,1,1
BRDA:122,14,0,3
BRDA:122,14,1,0
BRDA:122,15,0,3
BRDA:122,15,1,1
BRDA:131,16,0,2
BRDA:131,16,1,2
BRDA:134,17,0,0
BRDA:134,17,1,4
BRDA:159,18,0,3
BRDA:159,18,1,0
BRDA:162,19,0,0
BRDA:162,19,1,3
BRDA:192,20,0,9
BRDA:192,20,1,1
BRDA:193,21,0,9
BRDA:193,21,1,0
BRDA:196,22,0,6
BRDA:196,22,1,3
BRDA:196,23,0,9
BRDA:196,23,1,8
BRDA:196,23,2,7
BRDA:203,24,0,1
BRDA:203,24,1,5
BRDA:219,25,0,1
BRDA:219,25,1,3
BRDA:219,26,0,4
BRDA:219,26,1,4
BRDA:233,27,0,3
BRDA:233,27,1,0
BRDA:242,28,0,3
BRDA:242,28,1,3
BRDA:253,29,0,1
BRDA:253,29,1,0
BRF:62
BRH:51
end_of_record
TN:
SF:src\pagseguro-functions.ts
FN:28,(anonymous_7)
FN:102,buildSubscriptionXml
FN:122,(anonymous_9)
FN:168,handlePreApprovalNotification
FN:211,handleTransactionNotification
FN:262,mapPagSeguroStatus
FN:282,(anonymous_13)
FN:324,(anonymous_14)
FN:356,(anonymous_15)
FN:388,(anonymous_16)
FN:420,(anonymous_17)
FN:449,(anonymous_18)
FNF:12
FNH:12
FNDA:8,(anonymous_7)
FNDA:5,buildSubscriptionXml
FNDA:17,(anonymous_9)
FNDA:7,handlePreApprovalNotification
FNDA:4,handleTransactionNotification
FNDA:7,mapPagSeguroStatus
FNDA:7,(anonymous_13)
FNDA:11,(anonymous_14)
FNDA:11,(anonymous_15)
FNDA:11,(anonymous_16)
FNDA:10,(anonymous_17)
FNDA:2,(anonymous_18)
DA:1,7
DA:2,7
DA:3,7
DA:4,7
DA:7,7
DA:18,7
DA:19,7
DA:20,7
DA:27,7
DA:29,8
DA:30,8
DA:31,1
DA:37,7
DA:39,7
DA:40,2
DA:46,5
DA:47,5
DA:50,5
DA:53,5
DA:64,4
DA:65,4
DA:67,3
DA:70,2
DA:87,2
DA:92,6
DA:93,6
DA:94,6
DA:103,5
DA:122,7
DA:123,17
DA:124,17
DA:125,17
DA:127,17
DA:128,2
DA:129,2
DA:132,15
DA:133,15
DA:136,15
DA:137,15
DA:138,9
DA:139,6
DA:140,5
DA:142,1
DA:143,1
DA:146,14
DA:149,12
DA:150,12
DA:152,11
DA:153,7
DA:154,4
DA:155,4
DA:158,10
DA:160,4
DA:161,4
DA:169,7
DA:170,7
DA:171,7
DA:172,7
DA:173,7
DA:176,7
DA:179,7
DA:191,6
DA:192,1
DA:201,6
DA:203,1
DA:204,1
DA:212,4
DA:213,4
DA:214,4
DA:215,4
DA:226,4
DA:228,3
DA:240,3
DA:241,1
DA:243,1
DA:251,1
DA:254,0
DA:255,0
DA:265,7
DA:267,4
DA:269,1
DA:272,2
DA:274,0
DA:281,7
DA:283,7
DA:284,1
DA:287,6
DA:289,6
DA:290,1
DA:293,5
DA:294,5
DA:295,5
DA:297,5
DA:301,3
DA:302,3
DA:303,2
DA:305,2
DA:313,3
DA:314,3
DA:315,3
DA:323,7
DA:325,11
DA:326,1
DA:329,10
DA:331,10
DA:332,2
DA:335,8
DA:336,8
DA:337,8
DA:339,8
DA:343,3
DA:345,5
DA:346,5
DA:347,5
DA:355,7
DA:357,11
DA:358,1
DA:361,10
DA:363,10
DA:364,2
DA:367,8
DA:368,8
DA:369,8
DA:371,8
DA:375,3
DA:377,5
DA:378,5
DA:379,5
DA:387,7
DA:389,11
DA:390,1
DA:393,10
DA:395,10
DA:396,2
DA:399,8
DA:400,8
DA:401,8
DA:403,8
DA:407,3
DA:409,5
DA:410,5
DA:411,5
DA:419,7
DA:421,10
DA:422,1
DA:425,9
DA:427,9
DA:428,1
DA:431,8
DA:432,8
DA:433,8
DA:435,8
DA:436,8
DA:437,8
DA:439,8
DA:443,5
DA:444,5
DA:446,4
DA:448,4
DA:449,2
DA:465,4
DA:466,4
DA:467,4
LF:163
LH:160
BRDA:18,0,0,7
BRDA:18,0,1,0
BRDA:19,1,0,0
BRDA:19,1,1,7
BRDA:20,2,0,0
BRDA:20,2,1,7
BRDA:30,3,0,1
BRDA:30,3,1,7
BRDA:39,4,0,2
BRDA:39,4,1,5
BRDA:39,5,0,7
BRDA:39,5,1,6
BRDA:39,5,2,6
BRDA:39,5,3,6
BRDA:46,6,0,5
BRDA:46,6,1,0
BRDA:47,7,0,5
BRDA:47,7,1,0
BRDA:92,8,0,6
BRDA:92,8,1,0
BRDA:124,9,0,17
BRDA:124,9,1,2
BRDA:125,10,0,17
BRDA:125,10,1,2
BRDA:127,11,0,2
BRDA:127,11,1,15
BRDA:127,12,0,17
BRDA:127,12,1,16
BRDA:132,13,0,15
BRDA:132,13,1,0
BRDA:133,14,0,15
BRDA:133,14,1,0
BRDA:137,15,0,9
BRDA:137,15,1,6
BRDA:139,16,0,5
BRDA:139,16,1,1
BRDA:152,17,0,7
BRDA:152,17,1,4
BRDA:154,18,0,4
BRDA:154,18,1,0
BRDA:191,19,0,1
BRDA:191,19,1,5
BRDA:226,20,0,3
BRDA:226,20,1,1
BRDA:226,21,0,4
BRDA:226,21,1,2
BRDA:241,22,0,1
BRDA:241,22,1,0
BRDA:265,23,0,4
BRDA:265,23,1,1
BRDA:265,23,2,1
BRDA:265,23,3,2
BRDA:265,23,4,0
BRDA:283,24,0,1
BRDA:283,24,1,6
BRDA:289,25,0,1
BRDA:289,25,1,5
BRDA:294,26,0,5
BRDA:294,26,1,0
BRDA:295,27,0,5
BRDA:295,27,1,0
BRDA:313,28,0,2
BRDA:313,28,1,1
BRDA:325,29,0,1
BRDA:325,29,1,10
BRDA:331,30,0,2
BRDA:331,30,1,8
BRDA:336,31,0,8
BRDA:336,31,1,0
BRDA:337,32,0,8
BRDA:337,32,1,0
BRDA:345,33,0,2
BRDA:345,33,1,3
BRDA:357,34,0,1
BRDA:357,34,1,10
BRDA:363,35,0,2
BRDA:363,35,1,8
BRDA:368,36,0,8
BRDA:368,36,1,0
BRDA:369,37,0,8
BRDA:369,37,1,0
BRDA:377,38,0,5
BRDA:377,38,1,0
BRDA:389,39,0,1
BRDA:389,39,1,10
BRDA:395,40,0,2
BRDA:395,40,1,8
BRDA:400,41,0,8
BRDA:400,41,1,0
BRDA:401,42,0,8
BRDA:401,42,1,0
BRDA:409,43,0,5
BRDA:409,43,1,0
BRDA:421,44,0,1
BRDA:421,44,1,9
BRDA:425,45,0,5
BRDA:427,46,0,1
BRDA:427,46,1,8
BRDA:432,47,0,8
BRDA:432,47,1,0
BRDA:433,48,0,8
BRDA:433,48,1,0
BRDA:446,49,0,4
BRDA:446,49,1,0
BRDA:465,50,0,4
BRDA:465,50,1,0
BRF:106
BRH:81
end_of_record
TN:
SF:src\pagseguro.ts
FN:34,getPagSeguroConfig
FN:42,pagSeguroRequest
FN:66,(anonymous_9)
FN:129,(anonymous_10)
FN:191,(anonymous_11)
FN:192,(anonymous_12)
FN:216,(anonymous_13)
FN:283,(anonymous_14)
FN:321,handleChargePaid
FN:354,handleChargeDeclined
FN:373,handleChargeCanceled
FN:392,activateSubscription
FNF:12
FNH:0
FNDA:0,getPagSeguroConfig
FNDA:0,pagSeguroRequest
FNDA:0,(anonymous_9)
FNDA:0,(anonymous_10)
FNDA:0,(anonymous_11)
FNDA:0,(anonymous_12)
FNDA:0,(anonymous_13)
FNDA:0,(anonymous_14)
FNDA:0,handleChargePaid
FNDA:0,handleChargeDeclined
FNDA:0,handleChargeCanceled
FNDA:0,activateSubscription
DA:11,0
DA:12,0
DA:13,0
DA:15,0
DA:20,0
DA:35,0
DA:36,0
DA:43,0
DA:45,0
DA:56,0
DA:64,0
DA:67,0
DA:68,0
DA:71,0
DA:72,0
DA:75,0
DA:76,0
DA:79,0
DA:99,0
DA:110,0
DA:113,0
DA:115,0
DA:127,0
DA:130,0
DA:131,0
DA:134,0
DA:135,0
DA:138,0
DA:139,0
DA:142,0
DA:143,0
DA:147,0
DA:148,0
DA:151,0
DA:185,0
DA:191,0
DA:192,0
DA:197,0
DA:200,0
DA:202,0
DA:214,0
DA:217,0
DA:218,0
DA:221,0
DA:222,0
DA:225,0
DA:226,0
DA:229,0
DA:255,0
DA:261,0
DA:264,0
DA:265,0
DA:269,0
DA:271,0
DA:283,0
DA:287,0
DA:289,0
DA:290,0
DA:293,0
DA:295,0
DA:296,0
DA:299,0
DA:300,0
DA:303,0
DA:304,0
DA:307,0
DA:310,0
DA:313,0
DA:314,0
DA:322,0
DA:325,0
DA:330,0
DA:331,0
DA:332,0
DA:335,0
DA:336,0
DA:339,0
DA:345,0
DA:348,0
DA:355,0
DA:357,0
DA:362,0
DA:363,0
DA:374,0
DA:376,0
DA:381,0
DA:382,0
DA:393,0
DA:394,0
DA:396,0
DA:399,0
DA:400,0
DA:413,0
LF:93
LH:0
BRDA:23,0,0,0
BRDA:23,0,1,0
BRDA:23,0,2,0
BRDA:27,1,0,0
BRDA:27,1,1,0
BRDA:27,1,2,0
BRDA:36,2,0,0
BRDA:36,2,1,0
BRDA:71,3,0,0
BRDA:71,3,1,0
BRDA:116,4,0,0
BRDA:116,4,1,0
BRDA:134,5,0,0
BRDA:134,5,1,0
BRDA:142,6,0,0
BRDA:142,6,1,0
BRDA:191,7,0,0
BRDA:191,7,1,0
BRDA:203,8,0,0
BRDA:203,8,1,0
BRDA:221,9,0,0
BRDA:221,9,1,0
BRDA:264,10,0,0
BRDA:264,10,1,0
BRDA:272,11,0,0
BRDA:272,11,1,0
BRDA:293,12,0,0
BRDA:293,12,1,0
BRDA:293,12,2,0
BRDA:293,12,3,0
BRDA:330,13,0,0
BRDA:330,13,1,0
BRDA:362,14,0,0
BRDA:362,14,1,0
BRDA:381,15,0,0
BRDA:381,15,1,0
BRDA:408,16,0,0
BRDA:408,16,1,0
BRF:38
BRH:0
end_of_record
TN:
SF:src\stripe-functions.ts
FN:15,(anonymous_7)
FN:99,(anonymous_8)
FN:151,handleCheckoutSessionCompleted
FN:183,handleSubscriptionUpdate
FN:206,handleSubscriptionDeleted
FN:226,handleInvoicePaid
FN:263,handleInvoicePaymentFailed
FN:294,updateUserSubscription
FN:318,mapStripeStatus
FN:341,(anonymous_16)
FN:372,(anonymous_17)
FN:400,(anonymous_18)
FN:428,(anonymous_19)
FN:456,(anonymous_20)
FN:487,(anonymous_21)
FN:505,(anonymous_22)
FN:523,(anonymous_23)
FNF:17
FNH:17
FNDA:10,(anonymous_7)
FNDA:11,(anonymous_8)
FNDA:3,handleCheckoutSessionCompleted
FNDA:2,handleSubscriptionUpdate
FNDA:1,handleSubscriptionDeleted
FNDA:2,handleInvoicePaid
FNDA:1,handleInvoicePaymentFailed
FNDA:5,updateUserSubscription
FNDA:7,mapStripeStatus
FNDA:9,(anonymous_16)
FNDA:4,(anonymous_17)
FNDA:4,(anonymous_18)
FNDA:9,(anonymous_19)
FNDA:11,(anonymous_20)
FNDA:12,(anonymous_21)
FNDA:28,(anonymous_22)
FNDA:12,(anonymous_23)
DA:1,8
DA:2,8
DA:3,8
DA:6,8
DA:7,8
DA:14,8
DA:16,10
DA:18,10
DA:19,1
DA:25,9
DA:28,9
DA:29,3
DA:36,6
DA:37,6
DA:39,6
DA:41,6
DA:43,3
DA:50,2
DA:53,2
DA:59,5
DA:84,4
DA:89,6
DA:90,6
DA:99,8
DA:100,11
DA:101,11
DA:105,11
DA:106,11
DA:108,1
DA:109,1
DA:110,1
DA:113,10
DA:115,10
DA:117,3
DA:118,2
DA:122,2
DA:123,2
DA:126,1
DA:127,1
DA:130,2
DA:131,2
DA:134,1
DA:135,1
DA:138,1
DA:141,9
DA:143,1
DA:144,1
DA:152,3
DA:153,3
DA:154,3
DA:156,3
DA:157,1
DA:158,1
DA:161,2
DA:164,2
DA:167,1
DA:177,1
DA:184,2
DA:186,2
DA:187,0
DA:188,0
DA:191,2
DA:193,2
DA:200,2
DA:207,1
DA:209,1
DA:210,0
DA:211,0
DA:214,1
DA:220,1
DA:227,2
DA:230,2
DA:237,2
DA:238,1
DA:239,1
DA:242,1
DA:245,1
DA:257,1
DA:264,1
DA:267,1
DA:274,1
DA:275,0
DA:276,0
DA:279,1
DA:281,1
DA:288,1
DA:295,5
DA:296,5
DA:298,5
DA:300,2
DA:308,3
DA:321,7
DA:323,4
DA:326,1
DA:329,1
DA:331,1
DA:333,0
DA:340,8
DA:342,9
DA:343,1
DA:346,8
DA:348,8
DA:349,1
DA:352,7
DA:353,7
DA:355,5
DA:363,2
DA:364,2
DA:372,8
DA:373,4
DA:374,1
DA:377,3
DA:379,3
DA:380,1
DA:383,2
DA:385,2
DA:389,1
DA:391,1
DA:392,1
DA:399,8
DA:401,4
DA:402,1
DA:405,3
DA:407,3
DA:408,1
DA:411,2
DA:412,2
DA:416,1
DA:418,1
DA:419,1
DA:427,8
DA:429,9
DA:430,1
DA:433,8
DA:435,8
DA:436,1
DA:439,7
DA:440,7
DA:445,5
DA:447,2
DA:448,2
DA:456,8
DA:457,11
DA:458,1
DA:461,10
DA:463,10
DA:464,2
DA:467,8
DA:468,8
DA:472,6
DA:479,2
DA:480,2
DA:487,8
DA:488,12
DA:489,1
DA:492,11
DA:494,11
DA:495,1
DA:498,10
DA:499,10
DA:504,8
DA:505,28
DA:515,2
DA:516,2
DA:523,8
DA:524,12
DA:525,1
DA:528,11
DA:530,11
DA:531,3
DA:534,8
DA:536,8
DA:539,7
DA:549,6
DA:556,2
DA:557,2
LF:176
LH:169
BRDA:6,0,0,8
BRDA:6,0,1,0
BRDA:6,0,2,0
BRDA:7,1,0,8
BRDA:7,1,1,0
BRDA:18,2,0,1
BRDA:18,2,1,9
BRDA:28,3,0,3
BRDA:28,3,1,6
BRDA:28,4,0,9
BRDA:28,4,1,8
BRDA:28,4,2,7
BRDA:41,5,0,3
BRDA:41,5,1,3
BRDA:90,6,0,6
BRDA:90,6,1,0
BRDA:101,7,0,11
BRDA:101,7,1,0
BRDA:109,8,0,1
BRDA:109,8,1,0
BRDA:115,9,0,3
BRDA:115,9,1,1
BRDA:115,9,2,2
BRDA:115,9,3,1
BRDA:115,9,4,2
BRDA:115,9,5,1
BRDA:115,9,6,1
BRDA:144,10,0,1
BRDA:144,10,1,0
BRDA:156,11,0,1
BRDA:156,11,1,2
BRDA:156,12,0,3
BRDA:156,12,1,2
BRDA:186,13,0,0
BRDA:186,13,1,2
BRDA:209,14,0,0
BRDA:209,14,1,1
BRDA:237,15,0,1
BRDA:237,15,1,1
BRDA:274,16,0,0
BRDA:274,16,1,1
BRDA:298,17,0,2
BRDA:298,17,1,3
BRDA:321,18,0,4
BRDA:321,18,1,1
BRDA:321,18,2,1
BRDA:321,18,3,1
BRDA:321,18,4,1
BRDA:321,18,5,1
BRDA:321,18,6,0
BRDA:342,19,0,1
BRDA:342,19,1,8
BRDA:348,20,0,1
BRDA:348,20,1,7
BRDA:364,21,0,2
BRDA:364,21,1,0
BRDA:373,22,0,1
BRDA:373,22,1,3
BRDA:379,23,0,1
BRDA:379,23,1,2
BRDA:392,24,0,1
BRDA:392,24,1,0
BRDA:401,25,0,1
BRDA:401,25,1,3
BRDA:407,26,0,1
BRDA:407,26,1,2
BRDA:419,27,0,1
BRDA:419,27,1,0
BRDA:429,28,0,1
BRDA:429,28,1,8
BRDA:435,29,0,1
BRDA:435,29,1,7
BRDA:448,30,0,2
BRDA:448,30,1,0
BRDA:457,31,0,1
BRDA:457,31,1,10
BRDA:463,32,0,2
BRDA:463,32,1,8
BRDA:480,33,0,2
BRDA:480,33,1,0
BRDA:488,34,0,1
BRDA:488,34,1,11
BRDA:492,35,0,8
BRDA:494,36,0,1
BRDA:494,36,1,10
BRDA:516,37,0,2
BRDA:516,37,1,0
BRDA:524,38,0,1
BRDA:524,38,1,11
BRDA:530,39,0,3
BRDA:530,39,1,8
BRDA:530,40,0,11
BRDA:530,40,1,9
BRDA:557,41,0,2
BRDA:557,41,1,0
BRF:95
BRH:77
end_of_record
TN:
SF:src\api\index.ts
FN:89,(anonymous_7)
FN:98,(anonymous_8)
FN:138,(anonymous_9)
FN:143,(anonymous_10)
FN:183,(anonymous_11)
FN:192,(anonymous_12)
FNF:6
FNH:6
FNDA:3,(anonymous_7)
FNDA:2,(anonymous_8)
FNDA:1,(anonymous_9)
FNDA:1,(anonymous_10)
FNDA:1,(anonymous_11)
FNDA:7,(anonymous_12)
DA:17,1
DA:18,1
DA:19,1
DA:20,1
DA:21,1
DA:22,1
DA:23,1
DA:24,1
DA:25,1
DA:26,1
DA:27,1
DA:30,1
DA:31,1
DA:32,1
DA:33,1
DA:34,1
DA:35,1
DA:38,1
DA:39,1
DA:43,1
DA:50,1
DA:67,1
DA:76,1
DA:79,1
DA:80,1
DA:83,1
DA:89,1
DA:90,3
DA:98,1
DA:99,2
DA:125,1
DA:128,1
DA:129,1
DA:130,1
DA:131,1
DA:132,1
DA:138,1
DA:139,1
DA:143,1
DA:144,1
DA:183,1
DA:184,1
DA:192,1
DA:193,7
DA:204,1
DA:211,1
DA:213,1
LF:47
LH:47
BRDA:38,0,0,1
BRDA:38,0,1,0
BRF:2
BRH:1
end_of_record
TN:
SF:src\api\middleware\api-key-validator.ts
FN:40,validateApiKey
FN:115,attachApiKeyInfo
FN:125,updateApiKeyUsage
FN:137,generateApiKey
FN:179,revokeApiKey
FN:198,getRateLimitForTier
FN:216,generateRandomString
FNF:7
FNH:7
FNDA:10,validateApiKey
FNDA:4,attachApiKeyInfo
FNDA:3,updateApiKeyUsage
FNDA:5,generateApiKey
FNDA:1,revokeApiKey
FNDA:10,getRateLimitForTier
FNDA:5,generateRandomString
DA:8,2
DA:9,2
DA:11,2
DA:34,2
DA:35,2
DA:40,2
DA:45,10
DA:46,10
DA:48,10
DA:49,1
DA:57,9
DA:58,9
DA:59,1
DA:60,1
DA:64,8
DA:65,8
DA:70,7
DA:71,1
DA:74,6
DA:75,6
DA:81,6
DA:82,2
DA:90,4
DA:91,1
DA:95,3
DA:98,3
DA:104,3
DA:106,3
DA:108,6
DA:116,4
DA:117,4
DA:118,4
DA:119,4
DA:126,3
DA:128,3
DA:137,2
DA:144,5
DA:146,5
DA:163,5
DA:166,5
DA:173,5
DA:179,2
DA:180,1
DA:182,1
DA:188,1
DA:189,1
DA:190,1
DA:191,1
DA:202,10
DA:210,10
DA:217,5
DA:218,5
DA:219,5
DA:220,160
DA:222,5
LF:55
LH:55
BRDA:48,0,0,1
BRDA:48,0,1,9
BRDA:58,1,0,1
BRDA:58,1,1,8
BRDA:58,2,0,9
BRDA:58,2,1,1
BRDA:70,3,0,1
BRDA:70,3,1,6
BRDA:81,4,0,2
BRDA:81,4,1,4
BRDA:90,5,0,1
BRDA:90,5,1,3
BRDA:90,6,0,4
BRDA:90,6,1,1
BRDA:141,7,0,1
BRDA:190,8,0,1
BRDA:190,8,1,0
BRDA:210,9,0,10
BRDA:210,9,1,0
BRF:19
BRH:17
end_of_record
TN:
SF:src\api\middleware\auth.ts
FN:35,authenticate
FN:99,generateAccessToken
FN:116,generateRefreshToken
FN:127,verifyRefreshToken
FN:137,requirePermissions
FN:138,(anonymous_12)
FN:145,(anonymous_13)
FNF:7
FNH:7
FNDA:8,authenticate
FNDA:7,generateAccessToken
FNDA:5,generateRefreshToken
FNDA:5,verifyRefreshToken
FNDA:6,requirePermissions
FNDA:6,(anonymous_12)
FNDA:8,(anonymous_13)
DA:11,2
DA:12,2
DA:13,2
DA:30,2
DA:35,2
DA:40,8
DA:41,8
DA:43,8
DA:44,1
DA:48,7
DA:50,7
DA:51,1
DA:54,6
DA:55,1
DA:59,5
DA:60,5
DA:62,2
DA:69,2
DA:75,3
DA:76,3
DA:78,2
DA:86,2
DA:88,1
DA:92,4
DA:99,2
DA:106,7
DA:116,2
DA:117,5
DA:127,2
DA:128,5
DA:137,2
DA:138,6
DA:139,6
DA:140,1
DA:143,5
DA:144,5
DA:145,8
DA:148,5
DA:149,2
DA:156,3
LF:40
LH:40
BRDA:30,0,0,2
BRDA:30,0,1,2
BRDA:43,1,0,1
BRDA:43,1,1,7
BRDA:50,2,0,1
BRDA:50,2,1,6
BRDA:54,3,0,1
BRDA:54,3,1,5
BRDA:66,4,0,2
BRDA:66,4,1,1
BRDA:82,5,0,2
BRDA:82,5,1,1
BRDA:139,6,0,1
BRDA:139,6,1,5
BRDA:143,7,0,5
BRDA:143,7,1,1
BRDA:145,8,0,8
BRDA:145,8,1,5
BRDA:148,9,0,2
BRDA:148,9,1,3
BRF:20
BRH:20
end_of_record
TN:
SF:src\api\middleware\error-handler.ts
FN:8,errorHandler
FNF:1
FNH:1
FNDA:64,errorHandler
DA:6,7
DA:8,7
DA:15,64
DA:24,64
DA:25,57
DA:26,57
DA:30,7
DA:31,1
DA:39,1
DA:43,6
LF:10
LH:10
BRDA:24,0,0,57
BRDA:24,0,1,7
BRDA:30,1,0,1
BRDA:30,1,1,6
BRDA:46,2,0,1
BRDA:46,2,1,5
BRF:6
BRH:6
end_of_record
TN:
SF:src\api\middleware\logger.ts
FN:10,requestLogger
FN:35,(anonymous_7)
FN:58,sanitizeHeaders
FN:69,generateRequestId
FN:73,logToFirestore
FNF:5
FNH:5
FNDA:8,requestLogger
FNDA:4,(anonymous_7)
FNDA:8,sanitizeHeaders
FNDA:8,generateRequestId
FNDA:4,logToFirestore
DA:6,1
DA:8,1
DA:10,1
DA:15,8
DA:16,8
DA:19,8
DA:20,8
DA:23,8
DA:35,8
DA:36,4
DA:38,4
DA:47,4
DA:50,4
DA:55,8
DA:59,8
DA:62,8
DA:63,8
DA:64,8
DA:66,8
DA:70,8
DA:75,4
DA:76,4
DA:79,0
LF:23
LH:22
BRDA:29,0,0,8
BRDA:29,0,1,1
BRDA:75,1,0,4
BRDA:75,1,1,0
BRDA:75,2,0,4
BRDA:75,2,1,4
BRF:6
BRH:5
end_of_record
TN:
SF:src\api\middleware\rate-limiter.ts
FN:46,getRateLimitConfig
FN:53,getClientId
FN:73,rateLimiter
FN:138,cleanupOldRecords
FN:151,redisRateLimiter
FNF:5
FNH:4
FNDA:321,getRateLimitConfig
FNDA:321,getClientId
FNDA:321,rateLimiter
FNDA:1,cleanupOldRecords
FNDA:0,redisRateLimiter
DA:9,1
DA:12,1
DA:20,1
DA:47,321
DA:55,321
DA:56,321
DA:57,6
DA:61,315
DA:62,1
DA:66,314
DA:67,314
DA:73,1
DA:78,321
DA:79,321
DA:82,321
DA:83,321
DA:85,321
DA:86,320
DA:89,320
DA:91,320
DA:92,18
DA:96,18
DA:100,320
DA:103,320
DA:104,320
DA:105,320
DA:108,320
DA:109,3
DA:110,3
DA:112,3
DA:125,317
DA:126,1
DA:129,317
DA:131,4
DA:139,1
DA:140,1
DA:141,1
DA:142,0
DA:151,1
DA:161,0
LF:40
LH:38
BRDA:47,0,0,321
BRDA:47,0,1,1
BRDA:47,1,0,321
BRDA:47,1,1,11
BRDA:56,2,0,6
BRDA:56,2,1,315
BRDA:61,3,0,1
BRDA:61,3,1,314
BRDA:66,4,0,314
BRDA:66,4,1,313
BRDA:91,5,0,18
BRDA:91,5,1,302
BRDA:91,6,0,320
BRDA:91,6,1,302
BRDA:108,7,0,3
BRDA:108,7,1,317
BRDA:125,8,0,1
BRDA:125,8,1,316
BRDA:141,9,0,0
BRDA:141,9,1,1
BRF:20
BRH:19
end_of_record
TN:
SF:src\api\utils\api-error.ts
FN:12,(anonymous_0)
FN:28,(anonymous_1)
FN:45,(anonymous_2)
FN:48,(anonymous_3)
FN:51,(anonymous_4)
FN:54,(anonymous_5)
FN:57,(anonymous_6)
FN:65,(anonymous_7)
FN:68,(anonymous_8)
FNF:9
FNH:9
FNDA:110,(anonymous_0)
FNDA:64,(anonymous_1)
FNDA:3,(anonymous_2)
FNDA:2,(anonymous_3)
FNDA:4,(anonymous_4)
FNDA:5,(anonymous_5)
FNDA:5,(anonymous_6)
FNDA:2,(anonymous_7)
FNDA:2,(anonymous_8)
DA:7,11
DA:18,110
DA:19,110
DA:20,110
DA:21,110
DA:22,110
DA:25,110
DA:29,64
DA:44,11
DA:46,3
DA:49,2
DA:52,4
DA:55,5
DA:58,5
DA:66,2
DA:69,2
LF:16
LH:16
BRDA:45,0,0,1
BRDA:48,1,0,1
BRDA:65,2,0,1
BRDA:68,3,0,1
BRF:4
BRH:4
end_of_record
TN:
SF:src\api\v1\adherence.routes.ts
FN:12,(anonymous_6)
FN:18,(anonymous_7)
FN:54,(anonymous_8)
FN:58,(anonymous_9)
FN:59,(anonymous_10)
FN:60,(anonymous_11)
FN:61,(anonymous_12)
FN:90,(anonymous_13)
FN:126,(anonymous_14)
FN:148,(anonymous_15)
FN:222,getAdherenceByMedication
FN:233,(anonymous_17)
FN:240,(anonymous_18)
FN:242,(anonymous_19)
FNF:14
FNH:14
FNDA:38,(anonymous_6)
FNDA:6,(anonymous_7)
FNDA:8,(anonymous_8)
FNDA:8,(anonymous_9)
FNDA:8,(anonymous_10)
FNDA:8,(anonymous_11)
FNDA:8,(anonymous_12)
FNDA:6,(anonymous_13)
FNDA:6,(anonymous_14)
FNDA:9,(anonymous_15)
FNDA:3,getAdherenceByMedication
FNDA:3,(anonymous_17)
FNDA:6,(anonymous_18)
FNDA:6,(anonymous_19)
DA:7,1
DA:8,1
DA:9,1
DA:11,1
DA:12,38
DA:18,1
DA:19,6
DA:20,6
DA:21,6
DA:22,6
DA:25,6
DA:26,6
DA:28,6
DA:29,1
DA:32,5
DA:33,1
DA:37,4
DA:40,4
DA:41,1
DA:44,4
DA:45,1
DA:48,4
DA:49,1
DA:52,4
DA:54,8
DA:57,4
DA:58,8
DA:59,8
DA:60,8
DA:61,8
DA:63,4
DA:65,4
DA:82,2
DA:90,1
DA:91,6
DA:92,6
DA:93,6
DA:94,6
DA:97,6
DA:98,6
DA:100,6
DA:101,1
DA:104,5
DA:105,1
DA:108,4
DA:111,4
DA:112,1
DA:115,4
DA:116,1
DA:119,4
DA:124,4
DA:126,6
DA:131,4
DA:140,2
DA:148,1
DA:149,9
DA:150,9
DA:151,9
DA:153,9
DA:154,3
DA:162,6
DA:163,6
DA:165,6
DA:166,1
DA:169,5
DA:170,1
DA:174,4
DA:175,4
DA:177,4
DA:178,1
DA:181,3
DA:182,1
DA:186,2
DA:199,2
DA:202,2
DA:208,2
DA:215,7
DA:226,3
DA:232,3
DA:234,3
DA:236,3
DA:240,6
DA:241,3
DA:242,6
DA:243,3
DA:245,3
DA:256,3
DA:259,1
LF:88
LH:88
BRDA:28,0,0,1
BRDA:28,0,1,5
BRDA:32,1,0,1
BRDA:32,1,1,4
BRDA:40,2,0,1
BRDA:40,2,1,3
BRDA:44,3,0,1
BRDA:44,3,1,3
BRDA:48,4,0,1
BRDA:48,4,1,3
BRDA:63,5,0,4
BRDA:63,5,1,0
BRDA:68,6,0,4
BRDA:68,6,1,3
BRDA:69,7,0,4
BRDA:69,7,1,3
BRDA:79,8,0,1
BRDA:79,8,1,3
BRDA:94,9,0,5
BRDA:94,10,0,5
BRDA:100,11,0,1
BRDA:100,11,1,5
BRDA:104,12,0,1
BRDA:104,12,1,4
BRDA:111,13,0,1
BRDA:111,13,1,3
BRDA:115,14,0,1
BRDA:115,14,1,3
BRDA:153,15,0,3
BRDA:153,15,1,6
BRDA:153,16,0,9
BRDA:153,16,1,8
BRDA:153,16,2,7
BRDA:165,17,0,1
BRDA:165,17,1,5
BRDA:169,18,0,1
BRDA:169,18,1,4
BRDA:177,19,0,1
BRDA:177,19,1,3
BRDA:181,20,0,1
BRDA:181,20,1,2
BRDA:192,21,0,1
BRDA:192,21,1,1
BRDA:194,22,0,2
BRDA:194,22,1,1
BRDA:243,23,0,3
BRDA:243,23,1,0
BRF:47
BRH:45
end_of_record
TN:
SF:src\api\v1\auth.routes.ts
FN:28,(anonymous_6)
FN:158,(anonymous_7)
FN:191,(anonymous_8)
FNF:3
FNH:3
FNDA:14,(anonymous_6)
FNDA:4,(anonymous_7)
FNDA:5,(anonymous_8)
DA:7,1
DA:8,1
DA:9,1
DA:14,1
DA:15,1
DA:17,1
DA:18,1
DA:28,1
DA:29,14
DA:30,14
DA:32,14
DA:33,1
DA:37,13
DA:38,8
DA:39,1
DA:47,7
DA:48,7
DA:50,7
DA:51,1
DA:54,6
DA:56,6
DA:57,1
DA:60,5
DA:61,1
DA:65,4
DA:71,4
DA:74,4
DA:82,4
DA:88,4
DA:92,5
DA:93,4
DA:94,1
DA:99,3
DA:100,3
DA:102,1
DA:106,2
DA:107,2
DA:112,2
DA:113,0
DA:117,2
DA:118,2
DA:119,1
DA:123,1
DA:124,1
DA:126,1
DA:127,0
DA:130,1
DA:133,1
DA:139,1
DA:144,1
DA:147,1
DA:150,9
DA:158,1
DA:159,4
DA:160,4
DA:162,4
DA:163,1
DA:167,3
DA:168,3
DA:173,3
DA:174,2
DA:175,2
DA:181,3
DA:183,1
DA:191,1
DA:192,5
DA:193,5
DA:197,5
DA:199,5
DA:200,1
DA:204,4
DA:205,4
DA:207,4
DA:208,2
DA:212,2
DA:213,2
DA:220,2
DA:228,3
DA:232,1
LF:79
LH:77
BRDA:32,0,0,1
BRDA:32,0,1,13
BRDA:37,1,0,8
BRDA:37,1,1,5
BRDA:38,2,0,1
BRDA:38,2,1,7
BRDA:38,3,0,8
BRDA:38,3,1,8
BRDA:50,4,0,1
BRDA:50,4,1,6
BRDA:56,5,0,1
BRDA:56,5,1,5
BRDA:60,6,0,1
BRDA:60,6,1,4
BRDA:68,7,0,4
BRDA:68,7,1,0
BRDA:92,8,0,4
BRDA:92,8,1,1
BRDA:93,9,0,1
BRDA:93,9,1,3
BRDA:112,10,0,0
BRDA:112,10,1,2
BRDA:118,11,0,1
BRDA:118,11,1,1
BRDA:126,12,0,0
BRDA:126,12,1,1
BRDA:136,13,0,1
BRDA:136,13,1,0
BRDA:162,14,0,1
BRDA:162,14,1,3
BRDA:173,15,0,2
BRDA:173,15,1,1
BRDA:193,16,0,4
BRDA:193,17,0,4
BRDA:199,18,0,1
BRDA:199,18,1,4
BRDA:199,19,0,5
BRDA:199,19,1,4
BRDA:207,20,0,2
BRDA:207,20,1,2
BRDA:207,21,0,4
BRDA:207,21,1,3
BRDA:212,22,0,2
BRDA:212,22,1,1
BRF:44
BRH:40
end_of_record
TN:
SF:src\api\v1\medications.routes.ts
FN:14,(anonymous_6)
FN:20,(anonymous_7)
FN:98,(anonymous_8)
FN:121,(anonymous_9)
FN:143,(anonymous_10)
FN:174,(anonymous_11)
FN:232,(anonymous_12)
FNF:7
FNH:7
FNDA:20,(anonymous_6)
FNDA:5,(anonymous_7)
FNDA:4,(anonymous_8)
FNDA:7,(anonymous_9)
FNDA:3,(anonymous_10)
FNDA:4,(anonymous_11)
FNDA:3,(anonymous_12)
DA:7,1
DA:8,1
DA:9,1
DA:11,1
DA:14,20
DA:20,1
DA:21,5
DA:22,5
DA:35,5
DA:38,5
DA:39,1
DA:47,4
DA:48,4
DA:50,4
DA:51,1
DA:54,3
DA:55,1
DA:59,2
DA:81,2
DA:83,2
DA:90,3
DA:98,1
DA:99,4
DA:100,4
DA:101,4
DA:103,4
DA:106,4
DA:107,1
DA:110,4
DA:111,1
DA:114,4
DA:119,4
DA:121,7
DA:126,4
DA:135,0
DA:143,1
DA:144,3
DA:145,3
DA:146,3
DA:148,3
DA:149,3
DA:151,3
DA:152,1
DA:155,2
DA:157,2
DA:158,1
DA:161,1
DA:166,2
DA:174,1
DA:175,4
DA:176,4
DA:177,4
DA:179,4
DA:180,4
DA:182,4
DA:183,1
DA:186,3
DA:188,3
DA:189,1
DA:192,2
DA:206,2
DA:207,2
DA:208,22
DA:209,4
DA:213,2
DA:215,2
DA:217,2
DA:219,2
DA:224,2
DA:232,1
DA:233,3
DA:234,3
DA:235,3
DA:237,3
DA:238,3
DA:240,3
DA:241,1
DA:244,2
DA:246,2
DA:247,1
DA:251,1
DA:256,1
DA:258,2
DA:262,1
LF:84
LH:83
BRDA:38,0,0,1
BRDA:38,0,1,4
BRDA:38,1,0,5
BRDA:38,1,1,5
BRDA:38,1,2,5
BRDA:38,1,3,4
BRDA:50,2,0,1
BRDA:50,2,1,3
BRDA:54,3,0,1
BRDA:54,3,1,2
BRDA:65,4,0,2
BRDA:65,4,1,1
BRDA:66,5,0,1
BRDA:66,5,1,1
BRDA:67,6,0,0
BRDA:67,6,1,2
BRDA:68,7,0,2
BRDA:68,7,1,1
BRDA:69,8,0,2
BRDA:69,8,1,1
BRDA:70,9,0,2
BRDA:70,9,1,1
BRDA:71,10,0,2
BRDA:71,10,1,1
BRDA:101,11,0,3
BRDA:101,12,0,3
BRDA:106,13,0,1
BRDA:106,13,1,3
BRDA:110,14,0,1
BRDA:110,14,1,3
BRDA:151,15,0,1
BRDA:151,15,1,2
BRDA:157,16,0,1
BRDA:157,16,1,1
BRDA:182,17,0,1
BRDA:182,17,1,3
BRDA:188,18,0,1
BRDA:188,18,1,2
BRDA:208,19,0,4
BRDA:208,19,1,18
BRDA:240,20,0,1
BRDA:240,20,1,2
BRDA:246,21,0,1
BRDA:246,21,1,1
BRF:44
BRH:43
end_of_record
TN:
SF:src\api\v1\patients.routes.ts
FN:12,(anonymous_6)
FN:18,(anonymous_7)
FN:85,(anonymous_8)
FN:115,(anonymous_9)
FN:135,(anonymous_10)
FN:144,(anonymous_11)
FN:165,(anonymous_12)
FN:236,(anonymous_13)
FNF:8
FNH:8
FNDA:26,(anonymous_6)
FNDA:5,(anonymous_7)
FNDA:3,(anonymous_8)
FNDA:4,(anonymous_9)
FNDA:7,(anonymous_10)
FNDA:2,(anonymous_11)
FNDA:5,(anonymous_12)
FNDA:4,(anonymous_13)
DA:7,1
DA:8,1
DA:9,1
DA:11,1
DA:12,26
DA:18,1
DA:19,5
DA:20,5
DA:32,5
DA:35,5
DA:36,2
DA:45,3
DA:62,3
DA:65,3
DA:72,3
DA:78,2
DA:85,1
DA:86,3
DA:87,3
DA:88,3
DA:90,3
DA:91,3
DA:93,3
DA:94,1
DA:97,2
DA:100,2
DA:101,1
DA:104,1
DA:108,2
DA:115,1
DA:116,4
DA:117,4
DA:118,4
DA:120,4
DA:124,4
DA:125,1
DA:129,4
DA:133,4
DA:135,7
DA:141,4
DA:142,4
DA:143,1
DA:144,1
DA:145,2
DA:150,4
DA:158,0
DA:165,1
DA:166,5
DA:167,5
DA:168,5
DA:170,5
DA:171,5
DA:173,5
DA:174,1
DA:177,4
DA:180,4
DA:181,1
DA:185,3
DA:199,3
DA:200,3
DA:201,33
DA:202,3
DA:206,3
DA:207,1
DA:210,2
DA:212,2
DA:215,2
DA:223,2
DA:225,2
DA:229,3
DA:236,1
DA:237,4
DA:238,4
DA:239,4
DA:240,4
DA:242,4
DA:243,4
DA:245,4
DA:246,1
DA:249,3
DA:252,3
DA:253,1
DA:256,2
DA:258,1
DA:261,1
DA:268,2
DA:275,2
DA:276,2
DA:279,1
LF:89
LH:88
BRDA:35,0,0,2
BRDA:35,0,1,3
BRDA:35,1,0,5
BRDA:35,1,1,4
BRDA:48,2,0,3
BRDA:48,2,1,2
BRDA:49,3,0,3
BRDA:49,3,1,2
BRDA:51,4,0,3
BRDA:51,4,1,2
BRDA:52,5,0,3
BRDA:52,5,1,2
BRDA:53,6,0,3
BRDA:53,6,1,2
BRDA:54,7,0,3
BRDA:54,7,1,2
BRDA:55,8,0,3
BRDA:55,8,1,2
BRDA:56,9,0,3
BRDA:56,9,1,2
BRDA:93,10,0,1
BRDA:93,10,1,2
BRDA:100,11,0,1
BRDA:100,11,1,1
BRDA:118,12,0,3
BRDA:118,13,0,3
BRDA:124,14,0,1
BRDA:124,14,1,3
BRDA:142,15,0,1
BRDA:142,15,1,3
BRDA:145,16,0,2
BRDA:145,16,1,1
BRDA:173,17,0,1
BRDA:173,17,1,4
BRDA:180,18,0,1
BRDA:180,18,1,3
BRDA:201,19,0,3
BRDA:201,19,1,30
BRDA:206,20,0,1
BRDA:206,20,1,2
BRDA:240,21,0,3
BRDA:245,22,0,1
BRDA:245,22,1,3
BRDA:252,23,0,1
BRDA:252,23,1,2
BRDA:256,24,0,1
BRDA:256,24,1,1
BRDA:269,25,0,1
BRDA:269,25,1,1
BRF:49
BRH:49
end_of_record
TN:
SF:src\api\v1\reports.routes.ts
FN:10,(anonymous_6)
FN:16,(anonymous_7)
FN:31,(anonymous_8)
FN:52,(anonymous_9)
FN:55,(anonymous_10)
FN:64,(anonymous_11)
FN:81,(anonymous_12)
FN:94,(anonymous_13)
FN:122,(anonymous_14)
FN:134,(anonymous_15)
FN:135,(anonymous_16)
FN:137,(anonymous_17)
FN:151,(anonymous_18)
FNF:13
FNH:13
FNDA:24,(anonymous_6)
FNDA:5,(anonymous_7)
FNDA:5,(anonymous_8)
FNDA:10,(anonymous_9)
FNDA:10,(anonymous_10)
FNDA:10,(anonymous_11)
FNDA:5,(anonymous_12)
FNDA:3,(anonymous_13)
FNDA:6,(anonymous_14)
FNDA:6,(anonymous_15)
FNDA:6,(anonymous_16)
FNDA:6,(anonymous_17)
FNDA:6,(anonymous_18)
DA:5,1
DA:6,1
DA:7,1
DA:9,1
DA:10,24
DA:16,1
DA:17,5
DA:18,5
DA:19,5
DA:21,5
DA:24,5
DA:25,1
DA:28,5
DA:30,5
DA:32,5
DA:35,5
DA:41,5
DA:44,5
DA:45,1
DA:47,5
DA:48,1
DA:51,5
DA:52,10
DA:54,5
DA:55,10
DA:56,5
DA:58,5
DA:64,10
DA:70,5
DA:81,5
DA:86,0
DA:94,1
DA:95,3
DA:96,3
DA:99,3
DA:104,3
DA:107,3
DA:112,3
DA:115,3
DA:116,3
DA:118,3
DA:122,6
DA:124,3
DA:134,6
DA:135,6
DA:137,6
DA:143,0
DA:151,1
DA:152,6
DA:153,6
DA:155,6
DA:156,1
DA:161,5
DA:163,3
DA:164,2
DA:165,1
DA:167,1
DA:171,4
DA:172,2
DA:173,2
DA:174,1
DA:175,1
DA:176,1
DA:178,1
DA:181,3
DA:185,1
LF:66
LH:64
BRDA:24,0,0,1
BRDA:24,0,1,4
BRDA:44,1,0,1
BRDA:44,1,1,4
BRDA:47,2,0,1
BRDA:47,2,1,4
BRDA:56,3,0,5
BRDA:56,3,1,0
BRDA:73,4,0,5
BRDA:73,4,1,4
BRDA:74,5,0,5
BRDA:74,5,1,4
BRDA:136,6,0,3
BRDA:136,6,1,0
BRDA:153,7,0,1
BRDA:155,8,0,1
BRDA:155,8,1,5
BRDA:161,9,0,3
BRDA:161,9,1,2
BRDA:164,10,0,1
BRDA:164,10,1,1
BRDA:171,11,0,2
BRDA:171,11,1,2
BRDA:173,12,0,1
BRDA:173,12,1,1
BRF:25
BRH:23
end_of_record
TN:
SF:src\api\v1\webhooks.routes.ts
FN:13,(anonymous_7)
FN:19,(anonymous_8)
FN:54,(anonymous_9)
FN:99,(anonymous_10)
FN:107,(anonymous_11)
FN:127,(anonymous_12)
FN:158,(anonymous_13)
FN:188,(anonymous_14)
FN:231,generateWebhookSecret
FN:238,deliverWebhook
FNF:10
FNH:10
FNDA:14,(anonymous_7)
FNDA:7,(anonymous_8)
FNDA:6,(anonymous_9)
FNDA:2,(anonymous_10)
FNDA:4,(anonymous_11)
FNDA:3,(anonymous_12)
FNDA:3,(anonymous_13)
FNDA:3,(anonymous_14)
FNDA:2,generateWebhookSecret
FNDA:1,deliverWebhook
DA:7,1
DA:8,1
DA:9,1
DA:10,1
DA:12,1
DA:13,14
DA:19,1
DA:20,7
DA:21,7
DA:22,7
DA:24,7
DA:25,2
DA:33,5
DA:34,5
DA:36,1
DA:40,4
DA:54,6
DA:55,4
DA:56,1
DA:65,3
DA:67,3
DA:82,3
DA:84,3
DA:91,4
DA:99,1
DA:100,2
DA:101,2
DA:103,2
DA:107,4
DA:114,2
DA:119,0
DA:127,1
DA:128,3
DA:129,3
DA:130,3
DA:132,3
DA:133,3
DA:135,3
DA:136,1
DA:139,2
DA:141,2
DA:142,1
DA:145,1
DA:150,2
DA:158,1
DA:159,3
DA:160,3
DA:161,3
DA:163,3
DA:164,3
DA:166,3
DA:167,1
DA:170,2
DA:172,2
DA:173,1
DA:176,1
DA:178,1
DA:180,2
DA:188,1
DA:189,3
DA:190,3
DA:191,3
DA:193,3
DA:194,3
DA:196,3
DA:197,1
DA:200,2
DA:202,2
DA:203,1
DA:207,1
DA:216,1
DA:218,1
DA:224,2
DA:232,2
DA:243,1
DA:244,1
DA:245,1
DA:248,1
DA:253,1
DA:264,1
DA:269,0
DA:270,0
DA:274,1
LF:83
LH:80
BRDA:24,0,0,2
BRDA:24,0,1,5
BRDA:24,1,0,7
BRDA:24,1,1,6
BRDA:24,1,2,5
BRDA:55,2,0,1
BRDA:55,2,1,3
BRDA:65,3,0,3
BRDA:65,3,1,2
BRDA:135,4,0,1
BRDA:135,4,1,2
BRDA:141,5,0,1
BRDA:141,5,1,1
BRDA:166,6,0,1
BRDA:166,6,1,2
BRDA:172,7,0,1
BRDA:172,7,1,1
BRDA:196,8,0,1
BRDA:196,8,1,2
BRDA:202,9,0,1
BRDA:202,9,1,1
BRDA:221,10,0,0
BRDA:221,10,1,1
BRDA:258,11,0,1
BRDA:258,11,1,1
BRF:25
BRH:24
end_of_record
