TN:
SF:src\index.ts
FN:23,(anonymous_8)
FN:24,(anonymous_9)
FN:25,(anonymous_10)
FN:26,(anonymous_11)
FN:27,(anonymous_12)
FN:28,(anonymous_13)
FN:29,(anonymous_14)
FN:55,getPriceId
FN:68,getOrCreateCustomer
FNF:9
FNH:0
FNDA:0,(anonymous_8)
FNDA:0,(anonymous_9)
FNDA:0,(anonymous_10)
FNDA:0,(anonymous_11)
FNDA:0,(anonymous_12)
FNDA:0,(anonymous_13)
FNDA:0,(anonymous_14)
FNDA:0,getPriceId
FNDA:0,getOrCreateCustomer
DA:1,0
DA:2,0
DA:3,0
DA:6,0
DA:7,0
DA:10,0
DA:13,0
DA:16,0
DA:19,0
DA:22,0
DA:23,0
DA:24,0
DA:25,0
DA:26,0
DA:27,0
DA:28,0
DA:29,0
DA:34,0
DA:35,0
DA:41,0
DA:56,0
DA:57,0
DA:59,0
DA:60,0
DA:62,0
DA:70,0
DA:71,0
DA:73,0
DA:74,0
DA:75,0
DA:79,0
DA:88,0
DA:99,0
DA:100,0
LF:34
LH:0
BRDA:34,0,0,0
BRDA:34,0,1,0
BRDA:34,0,2,0
BRDA:43,1,0,0
BRDA:43,1,1,0
BRDA:44,2,0,0
BRDA:44,2,1,0
BRDA:47,3,0,0
BRDA:47,3,1,0
BRDA:48,4,0,0
BRDA:48,4,1,0
BRDA:56,5,0,0
BRDA:56,5,1,0
BRDA:57,6,0,0
BRDA:57,6,1,0
BRDA:59,7,0,0
BRDA:59,7,1,0
BRDA:60,8,0,0
BRDA:60,8,1,0
BRDA:73,9,0,0
BRDA:73,9,1,0
BRDA:92,10,0,0
BRDA:92,10,1,0
BRF:23
BRH:0
end_of_record
TN:
SF:src\ocr-cloud-vision.ts
FN:51,(anonymous_6)
FN:190,(anonymous_7)
FNF:2
FNH:2
FNDA:12,(anonymous_6)
FNDA:9,(anonymous_7)
DA:8,2
DA:9,2
DA:10,2
DA:13,2
DA:45,2
DA:53,12
DA:54,1
DA:60,11
DA:63,11
DA:64,2
DA:71,9
DA:72,1
DA:78,8
DA:79,8
DA:82,8
DA:83,8
DA:86,8
DA:90,5
DA:92,5
DA:93,1
DA:100,4
DA:101,4
DA:104,4
DA:105,4
DA:108,4
DA:109,4
DA:110,3
DA:112,3
DA:113,3
DA:115,3
DA:126,3
DA:127,3
DA:131,4
DA:134,4
DA:135,0
DA:147,4
DA:152,4
DA:160,3
DA:162,3
DA:165,3
DA:166,0
DA:176,3
DA:186,2
DA:191,9
DA:192,9
DA:195,9
DA:196,9
DA:197,9
DA:199,9
DA:200,6
DA:205,6
DA:207,6
DA:209,6
DA:210,1
DA:211,1
DA:215,5
DA:216,5
DA:219,5
DA:223,4
DA:225,4
DA:226,1
DA:228,1
DA:235,1
DA:239,3
DA:240,3
DA:243,3
DA:254,3
DA:257,1
DA:259,1
DA:261,1
LF:70
LH:68
BRDA:53,0,0,1
BRDA:53,0,1,11
BRDA:63,1,0,2
BRDA:63,1,1,9
BRDA:63,2,0,11
BRDA:63,2,1,10
BRDA:71,3,0,1
BRDA:71,3,1,8
BRDA:92,4,0,1
BRDA:92,4,1,4
BRDA:92,5,0,5
BRDA:92,5,1,5
BRDA:101,6,0,4
BRDA:101,6,1,0
BRDA:112,7,0,3
BRDA:112,7,1,0
BRDA:112,8,0,3
BRDA:112,8,1,3
BRDA:112,8,2,3
BRDA:118,9,0,3
BRDA:118,9,1,0
BRDA:119,10,0,3
BRDA:119,10,1,1
BRDA:120,11,0,3
BRDA:120,11,1,1
BRDA:121,12,0,3
BRDA:121,12,1,0
BRDA:121,13,0,3
BRDA:121,13,1,1
BRDA:122,14,0,3
BRDA:122,14,1,0
BRDA:122,15,0,3
BRDA:122,15,1,1
BRDA:131,16,0,2
BRDA:131,16,1,2
BRDA:134,17,0,0
BRDA:134,17,1,4
BRDA:162,18,0,3
BRDA:162,18,1,0
BRDA:165,19,0,0
BRDA:165,19,1,3
BRDA:195,20,0,9
BRDA:195,20,1,1
BRDA:196,21,0,9
BRDA:196,21,1,0
BRDA:199,22,0,6
BRDA:199,22,1,3
BRDA:199,23,0,9
BRDA:199,23,1,8
BRDA:199,23,2,7
BRDA:209,24,0,1
BRDA:209,24,1,5
BRDA:225,25,0,1
BRDA:225,25,1,3
BRDA:225,26,0,4
BRDA:225,26,1,4
BRDA:239,27,0,3
BRDA:239,27,1,0
BRDA:248,28,0,3
BRDA:248,28,1,3
BRDA:259,29,0,1
BRDA:259,29,1,0
BRF:62
BRH:51
end_of_record
TN:
SF:src\pagseguro-functions.ts
FN:28,(anonymous_7)
FN:102,buildSubscriptionXml
FN:122,(anonymous_9)
FN:168,handlePreApprovalNotification
FN:211,handleTransactionNotification
FN:262,mapPagSeguroStatus
FN:282,(anonymous_13)
FN:324,(anonymous_14)
FN:356,(anonymous_15)
FN:388,(anonymous_16)
FN:420,(anonymous_17)
FN:449,(anonymous_18)
FNF:12
FNH:12
FNDA:8,(anonymous_7)
FNDA:5,buildSubscriptionXml
FNDA:25,(anonymous_9)
FNDA:9,handlePreApprovalNotification
FNDA:7,handleTransactionNotification
FNDA:9,mapPagSeguroStatus
FNDA:7,(anonymous_13)
FNDA:11,(anonymous_14)
FNDA:11,(anonymous_15)
FNDA:11,(anonymous_16)
FNDA:10,(anonymous_17)
FNDA:2,(anonymous_18)
DA:1,7
DA:2,7
DA:3,7
DA:4,7
DA:7,7
DA:18,7
DA:19,7
DA:20,7
DA:27,7
DA:29,8
DA:30,8
DA:31,1
DA:37,7
DA:39,7
DA:40,2
DA:46,5
DA:47,5
DA:50,5
DA:53,5
DA:64,4
DA:65,4
DA:67,3
DA:70,2
DA:87,2
DA:92,6
DA:93,6
DA:94,6
DA:103,5
DA:122,7
DA:123,25
DA:124,25
DA:125,25
DA:127,25
DA:128,2
DA:129,2
DA:132,23
DA:133,23
DA:136,23
DA:137,23
DA:138,11
DA:139,12
DA:140,11
DA:142,1
DA:143,1
DA:146,22
DA:149,19
DA:150,19
DA:152,16
DA:153,9
DA:154,7
DA:155,7
DA:158,11
DA:160,11
DA:161,11
DA:169,9
DA:170,9
DA:171,9
DA:172,9
DA:173,9
DA:176,9
DA:179,9
DA:191,7
DA:192,1
DA:201,7
DA:203,2
DA:204,2
DA:212,7
DA:213,7
DA:214,7
DA:215,6
DA:226,6
DA:228,5
DA:240,3
DA:241,1
DA:243,1
DA:251,1
DA:254,3
DA:255,3
DA:265,9
DA:267,5
DA:269,1
DA:272,2
DA:274,1
DA:281,7
DA:283,7
DA:284,1
DA:287,6
DA:289,6
DA:290,1
DA:293,5
DA:294,5
DA:295,5
DA:297,5
DA:301,3
DA:302,3
DA:303,2
DA:305,2
DA:313,3
DA:314,3
DA:315,3
DA:323,7
DA:325,11
DA:326,1
DA:329,10
DA:331,10
DA:332,2
DA:335,8
DA:336,8
DA:337,8
DA:339,8
DA:343,3
DA:345,5
DA:346,5
DA:347,5
DA:355,7
DA:357,11
DA:358,1
DA:361,10
DA:363,10
DA:364,2
DA:367,8
DA:368,8
DA:369,8
DA:371,8
DA:375,3
DA:377,5
DA:378,5
DA:379,5
DA:387,7
DA:389,11
DA:390,1
DA:393,10
DA:395,10
DA:396,2
DA:399,8
DA:400,8
DA:401,8
DA:403,8
DA:407,3
DA:409,5
DA:410,5
DA:411,5
DA:419,7
DA:421,10
DA:422,1
DA:425,9
DA:427,9
DA:428,1
DA:431,8
DA:432,8
DA:433,8
DA:435,8
DA:436,8
DA:437,8
DA:439,8
DA:441,8
DA:443,5
DA:444,5
DA:446,4
DA:448,4
DA:449,2
DA:465,4
DA:466,4
DA:467,4
LF:164
LH:164
BRDA:18,0,0,7
BRDA:18,0,1,0
BRDA:19,1,0,0
BRDA:19,1,1,7
BRDA:20,2,0,0
BRDA:20,2,1,7
BRDA:30,3,0,1
BRDA:30,3,1,7
BRDA:39,4,0,2
BRDA:39,4,1,5
BRDA:39,5,0,7
BRDA:39,5,1,6
BRDA:39,5,2,6
BRDA:39,5,3,6
BRDA:46,6,0,5
BRDA:46,6,1,0
BRDA:47,7,0,5
BRDA:47,7,1,0
BRDA:92,8,0,6
BRDA:92,8,1,0
BRDA:124,9,0,25
BRDA:124,9,1,2
BRDA:125,10,0,25
BRDA:125,10,1,2
BRDA:127,11,0,2
BRDA:127,11,1,23
BRDA:127,12,0,25
BRDA:127,12,1,24
BRDA:132,13,0,23
BRDA:132,13,1,0
BRDA:133,14,0,23
BRDA:133,14,1,0
BRDA:137,15,0,11
BRDA:137,15,1,12
BRDA:139,16,0,11
BRDA:139,16,1,1
BRDA:152,17,0,9
BRDA:152,17,1,7
BRDA:154,18,0,7
BRDA:154,18,1,0
BRDA:191,19,0,1
BRDA:191,19,1,6
BRDA:226,20,0,5
BRDA:226,20,1,1
BRDA:226,21,0,6
BRDA:226,21,1,2
BRDA:241,22,0,1
BRDA:241,22,1,0
BRDA:265,23,0,5
BRDA:265,23,1,1
BRDA:265,23,2,1
BRDA:265,23,3,2
BRDA:265,23,4,1
BRDA:283,24,0,1
BRDA:283,24,1,6
BRDA:289,25,0,1
BRDA:289,25,1,5
BRDA:294,26,0,5
BRDA:294,26,1,0
BRDA:295,27,0,5
BRDA:295,27,1,0
BRDA:313,28,0,2
BRDA:313,28,1,1
BRDA:325,29,0,1
BRDA:325,29,1,10
BRDA:331,30,0,2
BRDA:331,30,1,8
BRDA:336,31,0,8
BRDA:336,31,1,0
BRDA:337,32,0,8
BRDA:337,32,1,0
BRDA:345,33,0,2
BRDA:345,33,1,3
BRDA:357,34,0,1
BRDA:357,34,1,10
BRDA:363,35,0,2
BRDA:363,35,1,8
BRDA:368,36,0,8
BRDA:368,36,1,0
BRDA:369,37,0,8
BRDA:369,37,1,0
BRDA:377,38,0,5
BRDA:377,38,1,0
BRDA:389,39,0,1
BRDA:389,39,1,10
BRDA:395,40,0,2
BRDA:395,40,1,8
BRDA:400,41,0,8
BRDA:400,41,1,0
BRDA:401,42,0,8
BRDA:401,42,1,0
BRDA:409,43,0,5
BRDA:409,43,1,0
BRDA:421,44,0,1
BRDA:421,44,1,9
BRDA:425,45,0,5
BRDA:427,46,0,1
BRDA:427,46,1,8
BRDA:432,47,0,8
BRDA:432,47,1,0
BRDA:433,48,0,8
BRDA:433,48,1,0
BRDA:446,49,0,4
BRDA:446,49,1,0
BRDA:465,50,0,4
BRDA:465,50,1,0
BRF:106
BRH:82
end_of_record
TN:
SF:src\pagseguro.ts
FN:34,getPagSeguroConfig
FN:42,pagSeguroRequest
FN:66,(anonymous_9)
FN:129,(anonymous_10)
FN:191,(anonymous_11)
FN:192,(anonymous_12)
FN:216,(anonymous_13)
FN:284,(anonymous_14)
FN:322,handleChargePaid
FN:355,handleChargeDeclined
FN:374,handleChargeCanceled
FN:393,activateSubscription
FNF:12
FNH:0
FNDA:0,getPagSeguroConfig
FNDA:0,pagSeguroRequest
FNDA:0,(anonymous_9)
FNDA:0,(anonymous_10)
FNDA:0,(anonymous_11)
FNDA:0,(anonymous_12)
FNDA:0,(anonymous_13)
FNDA:0,(anonymous_14)
FNDA:0,handleChargePaid
FNDA:0,handleChargeDeclined
FNDA:0,handleChargeCanceled
FNDA:0,activateSubscription
DA:11,0
DA:12,0
DA:13,0
DA:15,0
DA:20,0
DA:35,0
DA:36,0
DA:43,0
DA:45,0
DA:56,0
DA:64,0
DA:67,0
DA:68,0
DA:71,0
DA:72,0
DA:75,0
DA:76,0
DA:79,0
DA:99,0
DA:110,0
DA:113,0
DA:115,0
DA:127,0
DA:130,0
DA:131,0
DA:134,0
DA:135,0
DA:138,0
DA:139,0
DA:142,0
DA:143,0
DA:147,0
DA:148,0
DA:151,0
DA:185,0
DA:191,0
DA:192,0
DA:197,0
DA:200,0
DA:202,0
DA:214,0
DA:217,0
DA:218,0
DA:221,0
DA:222,0
DA:225,0
DA:226,0
DA:229,0
DA:255,0
DA:261,0
DA:264,0
DA:265,0
DA:269,0
DA:271,0
DA:283,0
DA:288,0
DA:290,0
DA:291,0
DA:294,0
DA:296,0
DA:297,0
DA:300,0
DA:301,0
DA:304,0
DA:305,0
DA:308,0
DA:311,0
DA:314,0
DA:315,0
DA:323,0
DA:326,0
DA:331,0
DA:332,0
DA:333,0
DA:336,0
DA:337,0
DA:340,0
DA:346,0
DA:349,0
DA:356,0
DA:358,0
DA:363,0
DA:364,0
DA:375,0
DA:377,0
DA:382,0
DA:383,0
DA:394,0
DA:395,0
DA:397,0
DA:400,0
DA:401,0
DA:414,0
LF:93
LH:0
BRDA:23,0,0,0
BRDA:23,0,1,0
BRDA:23,0,2,0
BRDA:27,1,0,0
BRDA:27,1,1,0
BRDA:27,1,2,0
BRDA:36,2,0,0
BRDA:36,2,1,0
BRDA:71,3,0,0
BRDA:71,3,1,0
BRDA:116,4,0,0
BRDA:116,4,1,0
BRDA:134,5,0,0
BRDA:134,5,1,0
BRDA:142,6,0,0
BRDA:142,6,1,0
BRDA:191,7,0,0
BRDA:191,7,1,0
BRDA:203,8,0,0
BRDA:203,8,1,0
BRDA:221,9,0,0
BRDA:221,9,1,0
BRDA:264,10,0,0
BRDA:264,10,1,0
BRDA:272,11,0,0
BRDA:272,11,1,0
BRDA:294,12,0,0
BRDA:294,12,1,0
BRDA:294,12,2,0
BRDA:294,12,3,0
BRDA:331,13,0,0
BRDA:331,13,1,0
BRDA:363,14,0,0
BRDA:363,14,1,0
BRDA:382,15,0,0
BRDA:382,15,1,0
BRDA:409,16,0,0
BRDA:409,16,1,0
BRF:38
BRH:0
end_of_record
TN:
SF:src\stripe-functions.ts
FN:15,(anonymous_7)
FN:99,(anonymous_8)
FN:151,handleCheckoutSessionCompleted
FN:183,handleSubscriptionUpdate
FN:206,handleSubscriptionDeleted
FN:226,handleInvoicePaid
FN:263,handleInvoicePaymentFailed
FN:294,updateUserSubscription
FN:318,mapStripeStatus
FN:341,(anonymous_16)
FN:372,(anonymous_17)
FN:400,(anonymous_18)
FN:428,(anonymous_19)
FN:456,(anonymous_20)
FN:487,(anonymous_21)
FN:505,(anonymous_22)
FN:523,(anonymous_23)
FNF:17
FNH:17
FNDA:10,(anonymous_7)
FNDA:11,(anonymous_8)
FNDA:3,handleCheckoutSessionCompleted
FNDA:2,handleSubscriptionUpdate
FNDA:1,handleSubscriptionDeleted
FNDA:2,handleInvoicePaid
FNDA:1,handleInvoicePaymentFailed
FNDA:5,updateUserSubscription
FNDA:7,mapStripeStatus
FNDA:9,(anonymous_16)
FNDA:4,(anonymous_17)
FNDA:4,(anonymous_18)
FNDA:9,(anonymous_19)
FNDA:11,(anonymous_20)
FNDA:12,(anonymous_21)
FNDA:28,(anonymous_22)
FNDA:12,(anonymous_23)
DA:1,8
DA:2,8
DA:3,8
DA:6,8
DA:7,8
DA:14,8
DA:16,10
DA:18,10
DA:19,1
DA:25,9
DA:28,9
DA:29,3
DA:36,6
DA:37,6
DA:39,6
DA:41,6
DA:43,4
DA:50,3
DA:53,3
DA:59,5
DA:84,4
DA:89,6
DA:90,6
DA:99,8
DA:100,11
DA:101,11
DA:105,11
DA:106,11
DA:108,1
DA:109,1
DA:110,1
DA:113,10
DA:115,10
DA:117,3
DA:118,2
DA:122,2
DA:123,2
DA:126,1
DA:127,1
DA:130,2
DA:131,2
DA:134,1
DA:135,1
DA:138,1
DA:141,9
DA:143,1
DA:144,1
DA:152,3
DA:153,3
DA:154,3
DA:156,3
DA:157,1
DA:158,1
DA:161,2
DA:164,2
DA:167,1
DA:177,1
DA:184,2
DA:186,2
DA:187,0
DA:188,0
DA:191,2
DA:193,2
DA:200,2
DA:207,1
DA:209,1
DA:210,0
DA:211,0
DA:214,1
DA:220,1
DA:227,2
DA:230,2
DA:237,2
DA:238,1
DA:239,1
DA:242,1
DA:245,1
DA:257,1
DA:264,1
DA:267,1
DA:274,1
DA:275,0
DA:276,0
DA:279,1
DA:281,1
DA:288,1
DA:295,5
DA:296,5
DA:298,5
DA:300,2
DA:308,3
DA:321,7
DA:323,4
DA:326,1
DA:329,1
DA:331,1
DA:333,0
DA:340,8
DA:342,9
DA:343,1
DA:346,8
DA:348,8
DA:349,1
DA:352,7
DA:353,7
DA:355,5
DA:363,2
DA:364,2
DA:372,8
DA:373,4
DA:374,1
DA:377,3
DA:379,3
DA:380,1
DA:383,2
DA:385,2
DA:389,1
DA:391,1
DA:392,1
DA:399,8
DA:401,4
DA:402,1
DA:405,3
DA:407,3
DA:408,1
DA:411,2
DA:412,2
DA:416,1
DA:418,1
DA:419,1
DA:427,8
DA:429,9
DA:430,1
DA:433,8
DA:435,8
DA:436,1
DA:439,7
DA:440,7
DA:445,5
DA:447,2
DA:448,2
DA:456,8
DA:457,11
DA:458,1
DA:461,10
DA:463,10
DA:464,2
DA:467,8
DA:468,8
DA:472,6
DA:479,2
DA:480,2
DA:487,8
DA:488,12
DA:489,1
DA:492,11
DA:494,11
DA:495,1
DA:498,10
DA:499,10
DA:504,8
DA:505,28
DA:515,2
DA:516,2
DA:523,8
DA:524,12
DA:525,1
DA:528,11
DA:530,11
DA:531,3
DA:534,8
DA:536,8
DA:539,7
DA:549,6
DA:556,2
DA:557,2
LF:176
LH:169
BRDA:6,0,0,8
BRDA:6,0,1,0
BRDA:6,0,2,0
BRDA:7,1,0,8
BRDA:7,1,1,0
BRDA:18,2,0,1
BRDA:18,2,1,9
BRDA:28,3,0,3
BRDA:28,3,1,6
BRDA:28,4,0,9
BRDA:28,4,1,8
BRDA:28,4,2,7
BRDA:41,5,0,4
BRDA:41,5,1,2
BRDA:90,6,0,6
BRDA:90,6,1,0
BRDA:101,7,0,11
BRDA:101,7,1,0
BRDA:109,8,0,1
BRDA:109,8,1,0
BRDA:115,9,0,3
BRDA:115,9,1,1
BRDA:115,9,2,2
BRDA:115,9,3,1
BRDA:115,9,4,2
BRDA:115,9,5,1
BRDA:115,9,6,1
BRDA:144,10,0,1
BRDA:144,10,1,0
BRDA:156,11,0,1
BRDA:156,11,1,2
BRDA:156,12,0,3
BRDA:156,12,1,2
BRDA:186,13,0,0
BRDA:186,13,1,2
BRDA:209,14,0,0
BRDA:209,14,1,1
BRDA:237,15,0,1
BRDA:237,15,1,1
BRDA:274,16,0,0
BRDA:274,16,1,1
BRDA:298,17,0,2
BRDA:298,17,1,3
BRDA:321,18,0,4
BRDA:321,18,1,1
BRDA:321,18,2,1
BRDA:321,18,3,1
BRDA:321,18,4,1
BRDA:321,18,5,1
BRDA:321,18,6,0
BRDA:342,19,0,1
BRDA:342,19,1,8
BRDA:348,20,0,1
BRDA:348,20,1,7
BRDA:364,21,0,2
BRDA:364,21,1,0
BRDA:373,22,0,1
BRDA:373,22,1,3
BRDA:379,23,0,1
BRDA:379,23,1,2
BRDA:392,24,0,1
BRDA:392,24,1,0
BRDA:401,25,0,1
BRDA:401,25,1,3
BRDA:407,26,0,1
BRDA:407,26,1,2
BRDA:419,27,0,1
BRDA:419,27,1,0
BRDA:429,28,0,1
BRDA:429,28,1,8
BRDA:435,29,0,1
BRDA:435,29,1,7
BRDA:448,30,0,2
BRDA:448,30,1,0
BRDA:457,31,0,1
BRDA:457,31,1,10
BRDA:463,32,0,2
BRDA:463,32,1,8
BRDA:480,33,0,2
BRDA:480,33,1,0
BRDA:488,34,0,1
BRDA:488,34,1,11
BRDA:492,35,0,8
BRDA:494,36,0,1
BRDA:494,36,1,10
BRDA:516,37,0,2
BRDA:516,37,1,0
BRDA:524,38,0,1
BRDA:524,38,1,11
BRDA:530,39,0,3
BRDA:530,39,1,8
BRDA:530,40,0,11
BRDA:530,40,1,9
BRDA:557,41,0,2
BRDA:557,41,1,0
BRF:95
BRH:77
end_of_record
TN:
SF:src\api\cold-start-optimizer.ts
FN:51,(anonymous_6)
FN:53,(anonymous_7)
FN:62,(anonymous_8)
FN:73,(anonymous_9)
FN:74,(anonymous_10)
FN:82,(anonymous_11)
FN:88,(anonymous_12)
FN:88,(anonymous_13)
FN:94,warmupFirestore
FN:103,(anonymous_15)
FN:133,trackRequest
FN:146,getColdStartMetrics
FN:158,logInitComplete
FN:167,prewarmCriticalPaths
FNF:14
FNH:11
FNDA:1,(anonymous_6)
FNDA:1,(anonymous_7)
FNDA:1,(anonymous_8)
FNDA:1,(anonymous_9)
FNDA:0,(anonymous_10)
FNDA:0,(anonymous_11)
FNDA:1,(anonymous_12)
FNDA:1,(anonymous_13)
FNDA:1,warmupFirestore
FNDA:0,(anonymous_15)
FNDA:6,trackRequest
FNDA:3,getColdStartMetrics
FNDA:1,logInitComplete
FNDA:1,prewarmCriticalPaths
DA:17,1
DA:29,1
DA:37,1
DA:48,1
DA:49,1
DA:51,1
DA:54,1
DA:55,0
DA:58,1
DA:59,0
DA:62,1
DA:63,1
DA:64,1
DA:67,1
DA:74,1
DA:83,0
DA:88,2
DA:94,1
DA:95,1
DA:97,1
DA:98,1
DA:100,1
DA:122,1
DA:133,1
DA:134,6
DA:135,1
DA:136,1
DA:138,6
DA:139,6
DA:140,6
DA:146,1
DA:147,3
DA:148,3
DA:158,1
DA:159,1
DA:160,1
DA:167,1
DA:168,1
DA:171,1
DA:174,1
DA:176,1
DA:180,1
LF:42
LH:39
BRDA:54,0,0,0
BRDA:54,0,1,1
BRDA:58,1,0,0
BRDA:58,1,1,1
BRDA:134,2,0,1
BRDA:134,2,1,5
BRDA:151,3,0,3
BRDA:151,3,1,0
BRF:8
BRH:5
end_of_record
TN:
SF:src\api\index.ts
FN:92,(anonymous_7)
FN:101,(anonymous_8)
FN:154,(anonymous_9)
FN:159,(anonymous_10)
FN:169,(anonymous_11)
FNF:5
FNH:5
FNDA:3,(anonymous_7)
FNDA:2,(anonymous_8)
FNDA:1,(anonymous_9)
FNDA:1,(anonymous_10)
FNDA:7,(anonymous_11)
DA:17,1
DA:18,1
DA:19,1
DA:20,1
DA:21,1
DA:22,1
DA:23,1
DA:24,1
DA:25,1
DA:26,1
DA:27,1
DA:30,1
DA:31,1
DA:32,1
DA:33,1
DA:34,1
DA:35,1
DA:38,1
DA:41,1
DA:42,1
DA:46,1
DA:53,1
DA:70,1
DA:79,1
DA:82,1
DA:83,1
DA:86,1
DA:92,1
DA:93,3
DA:101,1
DA:102,2
DA:128,1
DA:131,1
DA:132,1
DA:133,1
DA:134,1
DA:135,1
DA:142,1
DA:148,1
DA:151,1
DA:154,1
DA:155,1
DA:159,1
DA:160,1
DA:161,1
DA:169,1
DA:170,7
DA:181,1
DA:188,1
DA:190,1
LF:50
LH:50
BRDA:41,0,0,1
BRDA:41,0,1,0
BRF:2
BRH:1
end_of_record
TN:
SF:src\api\swagger.ts
FN:404,setupSwagger
FN:424,(anonymous_2)
FN:430,(anonymous_3)
FNF:3
FNH:1
FNDA:1,setupSwagger
FNDA:0,(anonymous_2)
FNDA:0,(anonymous_3)
DA:11,2
DA:12,2
DA:18,2
DA:399,2
DA:404,2
DA:406,1
DA:424,1
DA:425,0
DA:426,0
DA:430,1
DA:431,0
DA:432,0
DA:433,0
DA:437,2
LF:14
LH:9
BRF:0
BRH:0
end_of_record
TN:
SF:src\api\middleware\admin.ts
FN:42,(anonymous_6)
FN:53,adminOnly
FN:117,requireRole
FN:118,(anonymous_9)
FN:126,(anonymous_10)
FN:155,requirePermission
FN:156,(anonymous_12)
FN:164,(anonymous_13)
FN:177,(anonymous_14)
FNF:9
FNH:9
FNDA:9,(anonymous_6)
FNDA:15,adminOnly
FNDA:7,requireRole
FNDA:10,(anonymous_9)
FNDA:2,(anonymous_10)
FNDA:15,requirePermission
FNDA:21,(anonymous_12)
FNDA:2,(anonymous_13)
FNDA:7,(anonymous_14)
DA:12,3
DA:13,3
DA:42,9
DA:53,3
DA:58,15
DA:59,15
DA:61,15
DA:62,3
DA:65,12
DA:67,12
DA:68,2
DA:73,10
DA:74,10
DA:76,1
DA:80,9
DA:85,9
DA:86,1
DA:89,8
DA:92,8
DA:93,2
DA:97,6
DA:105,6
DA:107,9
DA:117,3
DA:118,7
DA:123,10
DA:125,10
DA:126,2
DA:129,10
DA:130,1
DA:134,9
DA:135,1
DA:142,8
DA:144,2
DA:155,3
DA:156,15
DA:161,21
DA:163,21
DA:164,2
DA:167,21
DA:168,1
DA:172,20
DA:173,15
DA:177,5
DA:178,7
DA:181,5
DA:182,2
DA:189,3
DA:191,3
DA:199,3
LF:50
LH:50
BRDA:61,0,0,3
BRDA:61,0,1,12
BRDA:67,1,0,2
BRDA:67,1,1,10
BRDA:67,2,0,12
BRDA:67,2,1,11
BRDA:85,3,0,1
BRDA:85,3,1,8
BRDA:92,4,0,2
BRDA:92,4,1,6
BRDA:99,5,0,6
BRDA:99,5,1,1
BRDA:101,6,0,6
BRDA:101,6,1,1
BRDA:125,7,0,2
BRDA:125,7,1,8
BRDA:129,8,0,1
BRDA:129,8,1,9
BRDA:134,9,0,1
BRDA:134,9,1,8
BRDA:163,10,0,2
BRDA:163,10,1,19
BRDA:167,11,0,1
BRDA:167,11,1,20
BRDA:172,12,0,15
BRDA:172,12,1,5
BRDA:181,13,0,2
BRDA:181,13,1,3
BRF:28
BRH:28
end_of_record
TN:
SF:src\api\middleware\api-key-validator.ts
FN:40,validateApiKey
FN:115,attachApiKeyInfo
FN:125,updateApiKeyUsage
FN:137,generateApiKey
FN:179,revokeApiKey
FN:198,getRateLimitForTier
FN:216,generateRandomString
FNF:7
FNH:7
FNDA:10,validateApiKey
FNDA:4,attachApiKeyInfo
FNDA:3,updateApiKeyUsage
FNDA:5,generateApiKey
FNDA:1,revokeApiKey
FNDA:10,getRateLimitForTier
FNDA:5,generateRandomString
DA:8,2
DA:9,2
DA:11,2
DA:34,2
DA:35,2
DA:40,2
DA:45,10
DA:46,10
DA:48,10
DA:49,1
DA:57,9
DA:58,9
DA:59,1
DA:60,1
DA:64,8
DA:65,8
DA:70,7
DA:71,1
DA:74,6
DA:75,6
DA:81,6
DA:82,2
DA:90,4
DA:91,1
DA:95,3
DA:98,3
DA:104,3
DA:106,3
DA:108,6
DA:116,4
DA:117,4
DA:118,4
DA:119,4
DA:126,3
DA:128,3
DA:137,2
DA:144,5
DA:146,5
DA:163,5
DA:166,5
DA:173,5
DA:179,2
DA:180,1
DA:182,1
DA:188,1
DA:189,1
DA:190,1
DA:191,1
DA:202,10
DA:210,10
DA:217,5
DA:218,5
DA:219,5
DA:220,160
DA:222,5
LF:55
LH:55
BRDA:48,0,0,1
BRDA:48,0,1,9
BRDA:58,1,0,1
BRDA:58,1,1,8
BRDA:58,2,0,9
BRDA:58,2,1,1
BRDA:70,3,0,1
BRDA:70,3,1,6
BRDA:81,4,0,2
BRDA:81,4,1,4
BRDA:90,5,0,1
BRDA:90,5,1,3
BRDA:90,6,0,4
BRDA:90,6,1,1
BRDA:141,7,0,1
BRDA:190,8,0,1
BRDA:190,8,1,0
BRDA:210,9,0,10
BRDA:210,9,1,2
BRF:19
BRH:18
end_of_record
TN:
SF:src\api\middleware\auth.ts
FN:35,authenticate
FN:99,generateAccessToken
FN:116,generateRefreshToken
FN:127,verifyRefreshToken
FN:137,requirePermissions
FN:138,(anonymous_12)
FN:145,(anonymous_13)
FNF:7
FNH:7
FNDA:8,authenticate
FNDA:4,generateAccessToken
FNDA:2,generateRefreshToken
FNDA:7,verifyRefreshToken
FNDA:6,requirePermissions
FNDA:6,(anonymous_12)
FNDA:8,(anonymous_13)
DA:11,2
DA:12,2
DA:13,2
DA:30,2
DA:35,2
DA:40,8
DA:41,8
DA:43,8
DA:44,1
DA:48,7
DA:50,7
DA:51,1
DA:54,6
DA:55,1
DA:59,5
DA:60,5
DA:62,2
DA:69,2
DA:75,3
DA:76,3
DA:78,2
DA:86,2
DA:88,1
DA:92,4
DA:99,2
DA:106,4
DA:116,2
DA:117,2
DA:127,2
DA:128,7
DA:137,2
DA:138,6
DA:139,6
DA:140,1
DA:143,5
DA:144,5
DA:145,8
DA:148,5
DA:149,2
DA:156,3
LF:40
LH:40
BRDA:30,0,0,2
BRDA:30,0,1,2
BRDA:43,1,0,1
BRDA:43,1,1,7
BRDA:50,2,0,1
BRDA:50,2,1,6
BRDA:54,3,0,1
BRDA:54,3,1,5
BRDA:66,4,0,2
BRDA:66,4,1,1
BRDA:82,5,0,2
BRDA:82,5,1,1
BRDA:139,6,0,1
BRDA:139,6,1,5
BRDA:143,7,0,5
BRDA:143,7,1,1
BRDA:145,8,0,8
BRDA:145,8,1,5
BRDA:148,9,0,2
BRDA:148,9,1,3
BRF:20
BRH:20
end_of_record
TN:
SF:src\api\middleware\cache.middleware.ts
FN:76,(anonymous_0)
FN:84,(anonymous_1)
FN:92,(anonymous_2)
FN:111,(anonymous_3)
FN:134,(anonymous_4)
FN:153,(anonymous_5)
FN:164,(anonymous_6)
FN:181,(anonymous_7)
FN:201,(anonymous_8)
FN:212,(anonymous_9)
FN:213,(anonymous_10)
FN:221,(anonymous_11)
FN:240,(anonymous_12)
FN:249,(anonymous_13)
FN:257,(anonymous_14)
FN:268,(anonymous_15)
FN:282,(anonymous_16)
FN:299,(anonymous_17)
FN:309,(anonymous_18)
FN:310,(anonymous_19)
FN:330,(anonymous_20)
FN:355,cacheMiddleware
FN:363,invalidateCachePattern
FN:370,getCacheStats
FNF:24
FNH:21
FNDA:1,(anonymous_0)
FNDA:21,(anonymous_1)
FNDA:25,(anonymous_2)
FNDA:21,(anonymous_3)
FNDA:21,(anonymous_4)
FNDA:21,(anonymous_5)
FNDA:21,(anonymous_6)
FNDA:0,(anonymous_7)
FNDA:23,(anonymous_8)
FNDA:1,(anonymous_9)
FNDA:0,(anonymous_10)
FNDA:0,(anonymous_11)
FNDA:2,(anonymous_12)
FNDA:3,(anonymous_13)
FNDA:22,(anonymous_14)
FNDA:16,(anonymous_15)
FNDA:2,(anonymous_16)
FNDA:1,(anonymous_17)
FNDA:13,(anonymous_18)
FNDA:25,(anonymous_19)
FNDA:22,(anonymous_20)
FNDA:13,cacheMiddleware
FNDA:2,invalidateCachePattern
FNDA:1,getCacheStats
DA:50,1
DA:66,1
DA:68,1
DA:74,1
DA:77,1
DA:78,1
DA:85,21
DA:86,21
DA:94,25
DA:95,1
DA:99,24
DA:100,111
DA:101,3
DA:105,21
DA:112,21
DA:114,21
DA:115,13
DA:116,13
DA:120,8
DA:121,1
DA:122,1
DA:123,1
DA:126,7
DA:127,7
DA:128,7
DA:135,21
DA:136,21
DA:139,21
DA:141,21
DA:154,21
DA:155,21
DA:157,0
DA:166,21
DA:167,0
DA:171,21
DA:172,21
DA:173,0
DA:174,0
DA:182,0
DA:183,0
DA:185,0
DA:186,0
DA:187,0
DA:188,0
DA:192,0
DA:193,0
DA:194,0
DA:202,23
DA:203,23
DA:204,22
DA:206,23
DA:213,1
DA:214,0
DA:222,0
DA:223,0
DA:225,0
DA:226,0
DA:227,0
DA:228,0
DA:232,0
DA:233,0
DA:241,2
DA:242,2
DA:249,3
DA:258,22
DA:260,22
DA:261,0
DA:269,16
DA:270,16
DA:276,16
DA:283,2
DA:284,2
DA:285,3
DA:286,2
DA:287,2
DA:290,2
DA:291,1
DA:293,2
DA:300,1
DA:301,1
DA:302,1
DA:310,13
DA:311,25
DA:312,4
DA:313,4
DA:316,21
DA:317,21
DA:319,21
DA:320,7
DA:321,7
DA:322,7
DA:323,7
DA:327,14
DA:328,14
DA:330,14
DA:332,22
DA:333,21
DA:334,21
DA:338,22
DA:340,22
DA:343,14
DA:349,1
DA:355,1
DA:356,13
DA:363,1
DA:364,2
DA:370,1
DA:371,1
DA:379,1
LF:109
LH:86
BRDA:76,0,0,1
BRDA:85,1,0,21
BRDA:85,1,1,2
BRDA:94,2,0,1
BRDA:94,2,1,24
BRDA:100,3,0,3
BRDA:100,3,1,108
BRDA:114,4,0,13
BRDA:114,4,1,8
BRDA:120,5,0,1
BRDA:120,5,1,7
BRDA:136,6,0,21
BRDA:136,6,1,17
BRDA:172,7,0,21
BRDA:172,7,1,0
BRDA:186,8,0,0
BRDA:186,8,1,0
BRDA:192,9,0,0
BRDA:192,9,1,0
BRDA:226,10,0,0
BRDA:226,10,1,0
BRDA:232,11,0,0
BRDA:232,11,1,0
BRDA:247,12,0,1
BRDA:247,12,1,1
BRDA:248,13,0,1
BRDA:248,13,1,1
BRDA:260,14,0,0
BRDA:260,14,1,22
BRDA:285,15,0,2
BRDA:285,15,1,1
BRDA:290,16,0,1
BRDA:290,16,1,1
BRDA:300,17,0,1
BRDA:300,17,1,0
BRDA:311,18,0,4
BRDA:311,18,1,21
BRDA:319,19,0,7
BRDA:319,19,1,14
BRDA:332,20,0,21
BRDA:332,20,1,1
BRDA:332,21,0,22
BRDA:332,21,1,22
BRF:43
BRH:32
end_of_record
TN:
SF:src\api\middleware\error-handler.ts
FN:8,errorHandler
FNF:1
FNH:1
FNDA:127,errorHandler
DA:6,11
DA:8,11
DA:15,127
DA:24,127
DA:25,119
DA:26,119
DA:30,8
DA:31,1
DA:39,1
DA:43,7
LF:10
LH:10
BRDA:24,0,0,119
BRDA:24,0,1,8
BRDA:30,1,0,1
BRDA:30,1,1,7
BRDA:46,2,0,1
BRDA:46,2,1,6
BRF:6
BRH:6
end_of_record
TN:
SF:src\api\middleware\logger.ts
FN:10,requestLogger
FN:35,(anonymous_7)
FN:58,sanitizeHeaders
FN:69,generateRequestId
FN:73,logToFirestore
FNF:5
FNH:5
FNDA:9,requestLogger
FNDA:5,(anonymous_7)
FNDA:9,sanitizeHeaders
FNDA:9,generateRequestId
FNDA:5,logToFirestore
DA:6,1
DA:8,1
DA:10,1
DA:15,9
DA:16,9
DA:19,9
DA:20,9
DA:23,9
DA:35,9
DA:36,5
DA:38,5
DA:47,5
DA:50,5
DA:55,9
DA:59,9
DA:62,9
DA:63,9
DA:64,9
DA:66,9
DA:70,9
DA:75,5
DA:76,3
DA:79,2
LF:23
LH:23
BRDA:29,0,0,9
BRDA:29,0,1,1
BRDA:75,1,0,3
BRDA:75,1,1,2
BRDA:75,2,0,5
BRDA:75,2,1,4
BRF:6
BRH:6
end_of_record
TN:
SF:src\api\middleware\rate-limiter.ts
FN:46,getRateLimitConfig
FN:53,getClientId
FN:73,rateLimiter
FN:138,cleanupOldRecords
FN:151,redisRateLimiter
FNF:5
FNH:4
FNDA:322,getRateLimitConfig
FNDA:322,getClientId
FNDA:322,rateLimiter
FNDA:3,cleanupOldRecords
FNDA:0,redisRateLimiter
DA:9,1
DA:12,1
DA:20,1
DA:47,322
DA:55,322
DA:56,322
DA:57,6
DA:61,316
DA:62,1
DA:66,315
DA:67,315
DA:73,1
DA:78,322
DA:79,322
DA:82,322
DA:83,322
DA:85,322
DA:86,321
DA:89,321
DA:91,321
DA:92,19
DA:96,19
DA:100,321
DA:103,321
DA:104,321
DA:105,321
DA:108,321
DA:109,3
DA:110,3
DA:112,3
DA:125,318
DA:126,3
DA:129,318
DA:131,4
DA:139,3
DA:140,3
DA:141,4
DA:142,1
DA:151,1
DA:161,0
LF:40
LH:39
BRDA:47,0,0,322
BRDA:47,0,1,1
BRDA:47,1,0,322
BRDA:47,1,1,12
BRDA:56,2,0,6
BRDA:56,2,1,316
BRDA:61,3,0,1
BRDA:61,3,1,315
BRDA:66,4,0,315
BRDA:66,4,1,314
BRDA:91,5,0,19
BRDA:91,5,1,302
BRDA:91,6,0,321
BRDA:91,6,1,302
BRDA:108,7,0,3
BRDA:108,7,1,318
BRDA:125,8,0,3
BRDA:125,8,1,315
BRDA:141,9,0,1
BRDA:141,9,1,3
BRF:20
BRH:20
end_of_record
TN:
SF:src\api\middleware\validation.ts
FN:27,formatZodErrors
FN:28,(anonymous_1)
FN:41,validateBody
FN:42,(anonymous_3)
FN:66,validateQuery
FN:67,(anonymous_5)
FN:91,validateParams
FN:92,(anonymous_7)
FN:119,validate
FN:124,(anonymous_9)
FNF:10
FNH:10
FNDA:20,formatZodErrors
FNDA:22,(anonymous_1)
FNDA:27,validateBody
FNDA:43,(anonymous_3)
FNDA:14,validateQuery
FNDA:35,(anonymous_5)
FNDA:3,validateParams
FNDA:3,(anonymous_7)
FNDA:8,validate
FNDA:8,(anonymous_9)
DA:13,6
DA:28,22
DA:41,6
DA:42,27
DA:43,43
DA:44,43
DA:46,43
DA:47,14
DA:48,14
DA:52,29
DA:53,29
DA:55,14
DA:66,6
DA:67,14
DA:68,35
DA:69,35
DA:71,35
DA:72,1
DA:73,1
DA:77,34
DA:78,34
DA:80,1
DA:91,6
DA:92,3
DA:93,3
DA:94,3
DA:96,3
DA:97,2
DA:98,2
DA:102,1
DA:103,1
DA:105,2
DA:119,6
DA:124,8
DA:125,8
DA:126,8
DA:127,5
DA:128,5
DA:129,1
DA:130,1
DA:132,4
DA:135,7
DA:136,4
DA:137,4
DA:138,1
DA:139,1
DA:141,3
DA:144,6
DA:145,3
DA:146,3
DA:147,1
DA:148,1
DA:150,2
DA:153,5
DA:155,3
LF:55
LH:55
BRDA:46,0,0,14
BRDA:46,0,1,29
BRDA:71,1,0,1
BRDA:71,1,1,34
BRDA:96,2,0,2
BRDA:96,2,1,1
BRDA:126,3,0,5
BRDA:126,3,1,3
BRDA:128,4,0,1
BRDA:128,4,1,4
BRDA:135,5,0,4
BRDA:135,5,1,3
BRDA:137,6,0,1
BRDA:137,6,1,3
BRDA:144,7,0,3
BRDA:144,7,1,3
BRDA:146,8,0,1
BRDA:146,8,1,2
BRF:18
BRH:18
end_of_record
TN:
SF:src\api\services\audit.service.ts
FN:17,(anonymous_6)
FN:22,(anonymous_7)
FN:127,(anonymous_8)
FN:133,(anonymous_9)
FN:148,(anonymous_10)
FN:170,(anonymous_11)
FN:202,(anonymous_12)
FN:211,(anonymous_13)
FN:224,(anonymous_14)
FN:233,(anonymous_15)
FN:241,(anonymous_16)
FN:250,(anonymous_17)
FN:261,(anonymous_18)
FN:272,(anonymous_19)
FN:292,(anonymous_20)
FN:301,(anonymous_21)
FN:317,(anonymous_22)
FNF:17
FNH:2
FNDA:0,(anonymous_6)
FNDA:1,(anonymous_7)
FNDA:4,(anonymous_8)
FNDA:0,(anonymous_9)
FNDA:0,(anonymous_10)
FNDA:0,(anonymous_11)
FNDA:0,(anonymous_12)
FNDA:0,(anonymous_13)
FNDA:0,(anonymous_14)
FNDA:0,(anonymous_15)
FNDA:0,(anonymous_16)
FNDA:0,(anonymous_17)
FNDA:0,(anonymous_18)
FNDA:0,(anonymous_19)
FNDA:0,(anonymous_20)
FNDA:0,(anonymous_21)
FNDA:0,(anonymous_22)
DA:15,1
DA:17,1
DA:22,1
DA:24,1
DA:25,1
DA:26,1
DA:27,1
DA:28,1
DA:29,1
DA:32,1
DA:33,1
DA:34,1
DA:35,1
DA:36,1
DA:39,1
DA:40,1
DA:41,1
DA:42,1
DA:45,1
DA:46,1
DA:47,1
DA:48,1
DA:49,1
DA:50,1
DA:53,1
DA:54,1
DA:57,1
DA:58,1
DA:59,1
DA:60,1
DA:127,1
DA:128,4
DA:134,0
DA:140,0
DA:142,0
DA:149,0
DA:150,0
DA:152,0
DA:153,0
DA:154,0
DA:156,0
DA:163,0
DA:164,0
DA:171,0
DA:173,0
DA:174,0
DA:176,0
DA:177,0
DA:179,0
DA:180,0
DA:182,0
DA:183,0
DA:185,0
DA:186,0
DA:188,0
DA:189,0
DA:191,0
DA:192,0
DA:195,0
DA:200,0
DA:202,0
DA:216,0
DA:224,0
DA:234,0
DA:241,0
DA:254,0
DA:260,0
DA:261,0
DA:262,0
DA:263,0
DA:266,0
DA:273,0
DA:282,0
DA:284,0
DA:292,0
DA:302,0
DA:304,0
DA:305,0
DA:308,0
DA:323,0
DA:335,1
LF:81
LH:33
BRDA:22,0,0,1
BRDA:22,0,1,1
BRDA:173,1,0,0
BRDA:173,1,1,0
BRDA:176,2,0,0
BRDA:176,2,1,0
BRDA:179,3,0,0
BRDA:179,3,1,0
BRDA:182,4,0,0
BRDA:182,4,1,0
BRDA:185,5,0,0
BRDA:185,5,1,0
BRDA:188,6,0,0
BRDA:188,6,1,0
BRDA:191,7,0,0
BRDA:191,7,1,0
BRDA:197,8,0,0
BRDA:197,8,1,0
BRDA:198,9,0,0
BRDA:198,9,1,0
BRDA:214,10,0,0
BRDA:233,11,0,0
BRDA:263,12,0,0
BRDA:263,12,1,0
BRDA:272,13,0,0
BRDA:304,14,0,0
BRDA:304,14,1,0
BRF:27
BRH:2
end_of_record
TN:
SF:src\api\services\event-log.service.ts
FN:19,(anonymous_6)
FN:58,(anonymous_7)
FN:68,(anonymous_8)
FN:133,(anonymous_9)
FN:142,(anonymous_10)
FN:181,(anonymous_11)
FN:228,(anonymous_12)
FN:278,(anonymous_13)
FN:288,(anonymous_14)
FN:303,(anonymous_15)
FN:313,(anonymous_16)
FN:338,(anonymous_17)
FN:374,(anonymous_18)
FN:390,(anonymous_19)
FN:404,(anonymous_20)
FN:425,(anonymous_21)
FN:449,(anonymous_22)
FN:473,(anonymous_23)
FN:499,(anonymous_24)
FN:532,(anonymous_25)
FN:561,(anonymous_26)
FN:597,(anonymous_27)
FN:610,(anonymous_28)
FNF:23
FNH:23
FNDA:1,(anonymous_6)
FNDA:1,(anonymous_7)
FNDA:1,(anonymous_8)
FNDA:43,(anonymous_9)
FNDA:24,(anonymous_10)
FNDA:3,(anonymous_11)
FNDA:12,(anonymous_12)
FNDA:48,(anonymous_13)
FNDA:2,(anonymous_14)
FNDA:1,(anonymous_15)
FNDA:2,(anonymous_16)
FNDA:2,(anonymous_17)
FNDA:2,(anonymous_18)
FNDA:2,(anonymous_19)
FNDA:2,(anonymous_20)
FNDA:2,(anonymous_21)
FNDA:2,(anonymous_22)
FNDA:2,(anonymous_23)
FNDA:26,(anonymous_24)
FNDA:20,(anonymous_25)
FNDA:220,(anonymous_26)
FNDA:3,(anonymous_27)
FNDA:2,(anonymous_28)
DA:14,1
DA:19,1
DA:21,1
DA:22,1
DA:23,1
DA:24,1
DA:25,1
DA:26,1
DA:27,1
DA:30,1
DA:31,1
DA:32,1
DA:33,1
DA:34,1
DA:35,1
DA:38,1
DA:39,1
DA:40,1
DA:41,1
DA:42,1
DA:45,1
DA:46,1
DA:47,1
DA:50,1
DA:51,1
DA:52,1
DA:58,1
DA:59,1
DA:60,1
DA:61,1
DA:62,1
DA:68,1
DA:69,1
DA:70,1
DA:71,1
DA:72,1
DA:73,1
DA:74,1
DA:75,1
DA:133,1
DA:134,43
DA:135,43
DA:136,43
DA:137,43
DA:143,24
DA:145,24
DA:147,24
DA:150,17
DA:152,17
DA:153,17
DA:155,17
DA:162,17
DA:164,17
DA:165,17
DA:169,17
DA:172,7
DA:173,7
DA:174,7
DA:182,3
DA:183,1
DA:186,2
DA:187,1
DA:192,1
DA:193,1
DA:194,1
DA:195,1
DA:197,1
DA:198,2
DA:200,2
DA:201,2
DA:203,2
DA:205,2
DA:212,2
DA:215,1
DA:217,1
DA:218,1
DA:222,1
DA:229,12
DA:230,12
DA:232,12
DA:233,2
DA:236,12
DA:237,3
DA:240,12
DA:241,5
DA:244,12
DA:245,3
DA:248,12
DA:249,3
DA:252,12
DA:253,1
DA:256,12
DA:257,2
DA:260,12
DA:261,6
DA:264,12
DA:265,2
DA:268,12
DA:270,12
DA:271,10
DA:273,2
DA:276,12
DA:278,48
DA:293,2
DA:304,1
DA:318,2
DA:319,2
DA:323,2
DA:324,1
DA:327,2
DA:328,1
DA:331,2
DA:332,2
DA:343,2
DA:350,2
DA:352,2
DA:353,8
DA:354,8
DA:355,2
DA:356,2
DA:357,1
DA:360,6
DA:368,2
DA:377,2
DA:378,2
DA:380,2
DA:391,2
DA:392,2
DA:394,2
DA:410,2
DA:433,2
DA:457,2
DA:480,2
DA:500,26
DA:501,1
DA:504,25
DA:505,1
DA:508,24
DA:509,1
DA:512,23
DA:513,1
DA:516,22
DA:517,1
DA:520,21
DA:521,1
DA:524,20
DA:525,1
DA:535,20
DA:536,8
DA:540,12
DA:555,12
DA:557,12
DA:558,24
DA:561,220
DA:562,8
DA:565,16
DA:566,3
DA:569,13
DA:570,2
DA:573,11
DA:574,1
DA:578,10
DA:583,12
DA:584,12
DA:585,0
DA:588,0
DA:591,12
DA:598,3
DA:599,3
DA:602,3
DA:604,3
DA:611,2
DA:612,2
DA:614,2
DA:621,1
LF:175
LH:173
BRDA:19,0,0,1
BRDA:19,0,1,1
BRDA:58,1,0,1
BRDA:58,1,1,1
BRDA:68,2,0,1
BRDA:68,2,1,1
BRDA:172,3,0,7
BRDA:172,3,1,0
BRDA:182,4,0,1
BRDA:182,4,1,2
BRDA:186,5,0,1
BRDA:186,5,1,1
BRDA:232,6,0,2
BRDA:232,6,1,10
BRDA:236,7,0,3
BRDA:236,7,1,9
BRDA:240,8,0,5
BRDA:240,8,1,7
BRDA:244,9,0,3
BRDA:244,9,1,9
BRDA:248,10,0,3
BRDA:248,10,1,9
BRDA:252,11,0,1
BRDA:252,11,1,11
BRDA:256,12,0,2
BRDA:256,12,1,10
BRDA:260,13,0,6
BRDA:260,13,1,6
BRDA:264,14,0,2
BRDA:264,14,1,10
BRDA:270,15,0,10
BRDA:270,15,1,2
BRDA:291,16,0,1
BRDA:323,17,0,1
BRDA:323,17,1,1
BRDA:327,18,0,1
BRDA:327,18,1,1
BRDA:354,19,0,2
BRDA:354,19,1,6
BRDA:356,20,0,1
BRDA:356,20,1,1
BRDA:375,21,0,1
BRDA:390,22,0,1
BRDA:407,23,0,1
BRDA:453,24,0,1
BRDA:466,25,0,1
BRDA:466,25,1,1
BRDA:500,26,0,1
BRDA:500,26,1,25
BRDA:504,27,0,1
BRDA:504,27,1,24
BRDA:508,28,0,1
BRDA:508,28,1,23
BRDA:512,29,0,1
BRDA:512,29,1,22
BRDA:516,30,0,1
BRDA:516,30,1,21
BRDA:520,31,0,1
BRDA:520,31,1,20
BRDA:524,32,0,1
BRDA:524,32,1,19
BRDA:535,33,0,8
BRDA:535,33,1,12
BRDA:561,34,0,8
BRDA:561,34,1,16
BRDA:565,35,0,3
BRDA:565,35,1,13
BRDA:565,36,0,16
BRDA:565,36,1,3
BRDA:569,37,0,2
BRDA:569,37,1,11
BRDA:569,38,0,13
BRDA:569,38,1,2
BRDA:573,39,0,1
BRDA:573,39,1,10
BRDA:573,40,0,11
BRDA:573,40,1,1
BRDA:584,41,0,0
BRDA:584,41,1,12
BRDA:599,42,0,0
BRDA:599,42,1,3
BRDA:602,43,0,3
BRDA:602,43,1,0
BRDA:612,44,0,0
BRDA:612,44,1,2
BRF:85
BRH:80
end_of_record
TN:
SF:src\api\utils\api-error.ts
FN:12,(anonymous_0)
FN:28,(anonymous_1)
FN:45,(anonymous_2)
FN:48,(anonymous_3)
FN:51,(anonymous_4)
FN:54,(anonymous_5)
FN:57,(anonymous_6)
FN:65,(anonymous_7)
FN:68,(anonymous_8)
FNF:9
FNH:9
FNDA:226,(anonymous_0)
FNDA:126,(anonymous_1)
FNDA:3,(anonymous_2)
FNDA:2,(anonymous_3)
FNDA:4,(anonymous_4)
FNDA:5,(anonymous_5)
FNDA:5,(anonymous_6)
FNDA:2,(anonymous_7)
FNDA:2,(anonymous_8)
DA:7,22
DA:18,226
DA:19,226
DA:20,226
DA:21,226
DA:22,226
DA:25,226
DA:29,126
DA:44,22
DA:46,3
DA:49,2
DA:52,4
DA:55,5
DA:58,5
DA:66,2
DA:69,2
LF:16
LH:16
BRDA:45,0,0,1
BRDA:48,1,0,1
BRDA:65,2,0,1
BRDA:68,3,0,1
BRF:4
BRH:4
end_of_record
TN:
SF:src\api\v1\adherence.routes.ts
FN:12,(anonymous_6)
FN:18,(anonymous_7)
FN:54,(anonymous_8)
FN:58,(anonymous_9)
FN:59,(anonymous_10)
FN:60,(anonymous_11)
FN:61,(anonymous_12)
FN:90,(anonymous_13)
FN:126,(anonymous_14)
FN:148,(anonymous_15)
FN:222,getAdherenceByMedication
FN:233,(anonymous_17)
FN:240,(anonymous_18)
FN:242,(anonymous_19)
FNF:14
FNH:14
FNDA:50,(anonymous_6)
FNDA:7,(anonymous_7)
FNDA:13,(anonymous_8)
FNDA:13,(anonymous_9)
FNDA:13,(anonymous_10)
FNDA:13,(anonymous_11)
FNDA:13,(anonymous_12)
FNDA:7,(anonymous_13)
FNDA:12,(anonymous_14)
FNDA:11,(anonymous_15)
FNDA:4,getAdherenceByMedication
FNDA:4,(anonymous_17)
FNDA:12,(anonymous_18)
FNDA:12,(anonymous_19)
DA:7,1
DA:8,1
DA:9,1
DA:11,1
DA:12,50
DA:18,1
DA:19,7
DA:20,7
DA:21,7
DA:22,7
DA:25,7
DA:26,7
DA:28,7
DA:29,1
DA:32,6
DA:33,1
DA:37,5
DA:40,5
DA:41,1
DA:44,5
DA:45,1
DA:48,5
DA:49,1
DA:52,5
DA:54,13
DA:57,5
DA:58,13
DA:59,13
DA:60,13
DA:61,13
DA:63,5
DA:65,5
DA:82,2
DA:90,1
DA:91,7
DA:92,7
DA:93,7
DA:94,7
DA:97,7
DA:98,7
DA:100,7
DA:101,1
DA:104,6
DA:105,1
DA:108,5
DA:111,5
DA:112,2
DA:115,5
DA:116,1
DA:119,5
DA:124,5
DA:126,12
DA:131,5
DA:140,2
DA:148,1
DA:149,11
DA:150,11
DA:151,11
DA:153,11
DA:154,3
DA:162,8
DA:163,8
DA:165,8
DA:166,1
DA:169,7
DA:170,1
DA:174,6
DA:175,6
DA:177,6
DA:178,1
DA:181,5
DA:182,1
DA:186,4
DA:199,4
DA:202,4
DA:208,4
DA:215,7
DA:226,4
DA:232,4
DA:234,4
DA:236,4
DA:240,12
DA:241,4
DA:242,12
DA:243,4
DA:245,4
DA:256,4
DA:259,1
LF:88
LH:88
BRDA:28,0,0,1
BRDA:28,0,1,6
BRDA:32,1,0,1
BRDA:32,1,1,5
BRDA:40,2,0,1
BRDA:40,2,1,4
BRDA:44,3,0,1
BRDA:44,3,1,4
BRDA:48,4,0,1
BRDA:48,4,1,4
BRDA:63,5,0,5
BRDA:63,5,1,0
BRDA:68,6,0,5
BRDA:68,6,1,4
BRDA:69,7,0,5
BRDA:69,7,1,4
BRDA:79,8,0,1
BRDA:79,8,1,4
BRDA:94,9,0,6
BRDA:94,10,0,6
BRDA:100,11,0,1
BRDA:100,11,1,6
BRDA:104,12,0,1
BRDA:104,12,1,5
BRDA:111,13,0,2
BRDA:111,13,1,3
BRDA:115,14,0,1
BRDA:115,14,1,4
BRDA:153,15,0,3
BRDA:153,15,1,8
BRDA:153,16,0,11
BRDA:153,16,1,10
BRDA:153,16,2,9
BRDA:165,17,0,1
BRDA:165,17,1,7
BRDA:169,18,0,1
BRDA:169,18,1,6
BRDA:177,19,0,1
BRDA:177,19,1,5
BRDA:181,20,0,1
BRDA:181,20,1,4
BRDA:192,21,0,1
BRDA:192,21,1,3
BRDA:194,22,0,4
BRDA:194,22,1,3
BRDA:243,23,0,4
BRDA:243,23,1,0
BRF:47
BRH:45
end_of_record
TN:
SF:src\api\v1\auth.routes.ts
FN:28,(anonymous_6)
FN:158,(anonymous_7)
FN:191,(anonymous_8)
FNF:3
FNH:3
FNDA:13,(anonymous_6)
FNDA:3,(anonymous_7)
FNDA:5,(anonymous_8)
DA:7,1
DA:8,1
DA:9,1
DA:14,1
DA:15,1
DA:17,1
DA:18,1
DA:28,1
DA:29,13
DA:30,13
DA:32,13
DA:33,1
DA:37,12
DA:38,5
DA:39,1
DA:47,4
DA:48,4
DA:50,4
DA:51,1
DA:54,3
DA:56,3
DA:57,1
DA:60,2
DA:61,1
DA:65,1
DA:71,1
DA:74,1
DA:82,1
DA:88,1
DA:92,7
DA:93,6
DA:94,1
DA:99,5
DA:100,5
DA:102,1
DA:106,4
DA:107,4
DA:112,4
DA:113,1
DA:117,3
DA:118,3
DA:119,1
DA:123,2
DA:124,2
DA:126,2
DA:127,1
DA:130,1
DA:133,1
DA:139,1
DA:144,1
DA:147,1
DA:150,11
DA:158,1
DA:159,3
DA:160,3
DA:162,3
DA:163,1
DA:167,2
DA:168,2
DA:173,2
DA:174,1
DA:175,1
DA:181,2
DA:183,1
DA:191,1
DA:192,5
DA:193,5
DA:197,5
DA:199,5
DA:200,1
DA:204,4
DA:205,4
DA:207,4
DA:208,2
DA:212,2
DA:213,2
DA:220,2
DA:228,3
DA:232,1
LF:79
LH:79
BRDA:32,0,0,1
BRDA:32,0,1,12
BRDA:37,1,0,5
BRDA:37,1,1,7
BRDA:38,2,0,1
BRDA:38,2,1,4
BRDA:38,3,0,5
BRDA:38,3,1,5
BRDA:50,4,0,1
BRDA:50,4,1,3
BRDA:56,5,0,1
BRDA:56,5,1,2
BRDA:60,6,0,1
BRDA:60,6,1,1
BRDA:68,7,0,1
BRDA:68,7,1,0
BRDA:92,8,0,6
BRDA:92,8,1,1
BRDA:93,9,0,1
BRDA:93,9,1,5
BRDA:112,10,0,1
BRDA:112,10,1,3
BRDA:118,11,0,1
BRDA:118,11,1,2
BRDA:126,12,0,1
BRDA:126,12,1,1
BRDA:136,13,0,1
BRDA:136,13,1,0
BRDA:162,14,0,1
BRDA:162,14,1,2
BRDA:173,15,0,1
BRDA:173,15,1,1
BRDA:193,16,0,4
BRDA:193,17,0,4
BRDA:199,18,0,1
BRDA:199,18,1,4
BRDA:199,19,0,5
BRDA:199,19,1,4
BRDA:207,20,0,2
BRDA:207,20,1,2
BRDA:207,21,0,4
BRDA:207,21,1,3
BRDA:212,22,0,2
BRDA:212,22,1,1
BRF:44
BRH:42
end_of_record
TN:
SF:src\api\v1\medications.routes.ts
FN:14,(anonymous_6)
FN:20,(anonymous_7)
FN:98,(anonymous_8)
FN:121,(anonymous_9)
FN:143,(anonymous_10)
FN:174,(anonymous_11)
FN:232,(anonymous_12)
FNF:7
FNH:7
FNDA:27,(anonymous_6)
FNDA:10,(anonymous_7)
FNDA:4,(anonymous_8)
FNDA:4,(anonymous_9)
FNDA:3,(anonymous_10)
FNDA:7,(anonymous_11)
FNDA:3,(anonymous_12)
DA:7,1
DA:8,1
DA:9,1
DA:11,1
DA:14,27
DA:20,1
DA:21,10
DA:22,10
DA:35,10
DA:38,10
DA:39,4
DA:47,6
DA:48,6
DA:50,6
DA:51,1
DA:54,5
DA:55,1
DA:59,4
DA:81,4
DA:83,4
DA:90,6
DA:98,1
DA:99,4
DA:100,4
DA:101,4
DA:103,4
DA:106,4
DA:107,1
DA:110,4
DA:111,1
DA:114,4
DA:119,4
DA:121,4
DA:126,4
DA:135,0
DA:143,1
DA:144,3
DA:145,3
DA:146,3
DA:148,3
DA:149,3
DA:151,3
DA:152,1
DA:155,2
DA:157,2
DA:158,1
DA:161,1
DA:166,2
DA:174,1
DA:175,7
DA:176,7
DA:177,7
DA:179,7
DA:180,7
DA:182,7
DA:183,1
DA:186,6
DA:188,6
DA:189,1
DA:192,5
DA:206,5
DA:207,5
DA:208,55
DA:209,10
DA:213,5
DA:215,5
DA:217,5
DA:219,5
DA:224,2
DA:232,1
DA:233,3
DA:234,3
DA:235,3
DA:237,3
DA:238,3
DA:240,3
DA:241,1
DA:244,2
DA:246,2
DA:247,1
DA:251,1
DA:256,1
DA:258,2
DA:262,1
LF:84
LH:83
BRDA:38,0,0,4
BRDA:38,0,1,6
BRDA:38,1,0,10
BRDA:38,1,1,9
BRDA:38,1,2,8
BRDA:38,1,3,7
BRDA:50,2,0,1
BRDA:50,2,1,5
BRDA:54,3,0,1
BRDA:54,3,1,4
BRDA:65,4,0,4
BRDA:65,4,1,2
BRDA:66,5,0,1
BRDA:66,5,1,3
BRDA:67,6,0,1
BRDA:67,6,1,3
BRDA:68,7,0,4
BRDA:68,7,1,3
BRDA:69,8,0,4
BRDA:69,8,1,3
BRDA:70,9,0,4
BRDA:70,9,1,3
BRDA:71,10,0,4
BRDA:71,10,1,3
BRDA:101,11,0,3
BRDA:101,12,0,3
BRDA:106,13,0,1
BRDA:106,13,1,3
BRDA:110,14,0,1
BRDA:110,14,1,3
BRDA:151,15,0,1
BRDA:151,15,1,2
BRDA:157,16,0,1
BRDA:157,16,1,1
BRDA:182,17,0,1
BRDA:182,17,1,6
BRDA:188,18,0,1
BRDA:188,18,1,5
BRDA:208,19,0,10
BRDA:208,19,1,45
BRDA:240,20,0,1
BRDA:240,20,1,2
BRDA:246,21,0,1
BRDA:246,21,1,1
BRF:44
BRH:44
end_of_record
TN:
SF:src\api\v1\patients.routes.ts
FN:12,(anonymous_6)
FN:18,(anonymous_7)
FN:85,(anonymous_8)
FN:115,(anonymous_9)
FN:135,(anonymous_10)
FN:144,(anonymous_11)
FN:165,(anonymous_12)
FN:236,(anonymous_13)
FNF:8
FNH:8
FNDA:43,(anonymous_6)
FNDA:6,(anonymous_7)
FNDA:3,(anonymous_8)
FNDA:5,(anonymous_9)
FNDA:5,(anonymous_10)
FNDA:2,(anonymous_11)
FNDA:13,(anonymous_12)
FNDA:4,(anonymous_13)
DA:7,1
DA:8,1
DA:9,1
DA:11,1
DA:12,43
DA:18,1
DA:19,6
DA:20,6
DA:32,6
DA:35,6
DA:36,3
DA:45,3
DA:62,3
DA:65,3
DA:72,3
DA:78,3
DA:85,1
DA:86,3
DA:87,3
DA:88,3
DA:90,3
DA:91,3
DA:93,3
DA:94,1
DA:97,2
DA:100,2
DA:101,1
DA:104,1
DA:108,2
DA:115,1
DA:116,5
DA:117,5
DA:118,5
DA:120,5
DA:124,5
DA:125,1
DA:129,5
DA:133,5
DA:135,5
DA:141,5
DA:142,5
DA:143,2
DA:144,2
DA:145,2
DA:150,5
DA:158,0
DA:165,1
DA:166,13
DA:167,13
DA:168,13
DA:170,13
DA:171,13
DA:173,13
DA:174,1
DA:177,12
DA:180,12
DA:181,1
DA:185,11
DA:199,11
DA:200,11
DA:201,121
DA:202,13
DA:206,11
DA:207,1
DA:210,10
DA:212,10
DA:215,10
DA:223,10
DA:225,10
DA:229,3
DA:236,1
DA:237,4
DA:238,4
DA:239,4
DA:240,4
DA:242,4
DA:243,4
DA:245,4
DA:246,1
DA:249,3
DA:252,3
DA:253,1
DA:256,2
DA:258,1
DA:261,1
DA:268,2
DA:275,2
DA:276,2
DA:279,1
LF:89
LH:88
BRDA:35,0,0,3
BRDA:35,0,1,3
BRDA:35,1,0,6
BRDA:35,1,1,4
BRDA:48,2,0,3
BRDA:48,2,1,2
BRDA:49,3,0,3
BRDA:49,3,1,2
BRDA:51,4,0,3
BRDA:51,4,1,2
BRDA:52,5,0,3
BRDA:52,5,1,2
BRDA:53,6,0,3
BRDA:53,6,1,2
BRDA:54,7,0,3
BRDA:54,7,1,1
BRDA:55,8,0,3
BRDA:55,8,1,1
BRDA:56,9,0,3
BRDA:56,9,1,2
BRDA:93,10,0,1
BRDA:93,10,1,2
BRDA:100,11,0,1
BRDA:100,11,1,1
BRDA:118,12,0,4
BRDA:118,13,0,4
BRDA:124,14,0,1
BRDA:124,14,1,4
BRDA:142,15,0,2
BRDA:142,15,1,3
BRDA:145,16,0,2
BRDA:145,16,1,1
BRDA:173,17,0,1
BRDA:173,17,1,12
BRDA:180,18,0,1
BRDA:180,18,1,11
BRDA:201,19,0,13
BRDA:201,19,1,108
BRDA:206,20,0,1
BRDA:206,20,1,10
BRDA:240,21,0,3
BRDA:245,22,0,1
BRDA:245,22,1,3
BRDA:252,23,0,1
BRDA:252,23,1,2
BRDA:256,24,0,1
BRDA:256,24,1,1
BRDA:269,25,0,1
BRDA:269,25,1,1
BRF:49
BRH:49
end_of_record
TN:
SF:src\api\v1\reports.routes.ts
FN:10,(anonymous_6)
FN:16,(anonymous_7)
FN:31,(anonymous_8)
FN:52,(anonymous_9)
FN:55,(anonymous_10)
FN:64,(anonymous_11)
FN:81,(anonymous_12)
FN:94,(anonymous_13)
FN:122,(anonymous_14)
FN:134,(anonymous_15)
FN:135,(anonymous_16)
FN:137,(anonymous_17)
FN:151,(anonymous_18)
FNF:13
FNH:13
FNDA:33,(anonymous_6)
FNDA:5,(anonymous_7)
FNDA:8,(anonymous_8)
FNDA:12,(anonymous_9)
FNDA:12,(anonymous_10)
FNDA:12,(anonymous_11)
FNDA:8,(anonymous_12)
FNDA:4,(anonymous_13)
FNDA:12,(anonymous_14)
FNDA:12,(anonymous_15)
FNDA:12,(anonymous_16)
FNDA:12,(anonymous_17)
FNDA:7,(anonymous_18)
DA:5,1
DA:6,1
DA:7,1
DA:9,1
DA:10,33
DA:16,1
DA:17,5
DA:18,5
DA:19,5
DA:21,5
DA:24,5
DA:25,1
DA:28,4
DA:30,4
DA:32,8
DA:35,8
DA:41,8
DA:44,8
DA:45,2
DA:47,8
DA:48,2
DA:51,8
DA:52,12
DA:54,8
DA:55,12
DA:56,8
DA:58,8
DA:64,12
DA:70,4
DA:81,8
DA:86,1
DA:94,1
DA:95,4
DA:96,4
DA:99,4
DA:104,4
DA:107,4
DA:112,4
DA:115,4
DA:116,4
DA:118,4
DA:122,12
DA:124,4
DA:134,12
DA:135,12
DA:137,12
DA:143,0
DA:151,1
DA:152,7
DA:153,7
DA:155,7
DA:156,1
DA:161,6
DA:163,4
DA:164,2
DA:165,1
DA:167,1
DA:171,5
DA:172,3
DA:173,2
DA:174,1
DA:175,1
DA:176,1
DA:178,1
DA:181,3
DA:185,1
LF:66
LH:65
BRDA:24,0,0,1
BRDA:24,0,1,4
BRDA:44,1,0,2
BRDA:44,1,1,6
BRDA:47,2,0,2
BRDA:47,2,1,6
BRDA:56,3,0,4
BRDA:56,3,1,4
BRDA:73,4,0,4
BRDA:73,4,1,3
BRDA:74,5,0,4
BRDA:74,5,1,3
BRDA:136,6,0,4
BRDA:136,6,1,0
BRDA:153,7,0,1
BRDA:155,8,0,1
BRDA:155,8,1,6
BRDA:161,9,0,4
BRDA:161,9,1,2
BRDA:164,10,0,1
BRDA:164,10,1,1
BRDA:171,11,0,3
BRDA:171,11,1,2
BRDA:173,12,0,1
BRDA:173,12,1,1
BRF:25
BRH:24
end_of_record
TN:
SF:src\api\v1\webhooks.routes.ts
FN:13,(anonymous_7)
FN:19,(anonymous_8)
FN:54,(anonymous_9)
FN:99,(anonymous_10)
FN:107,(anonymous_11)
FN:127,(anonymous_12)
FN:158,(anonymous_13)
FN:188,(anonymous_14)
FN:231,generateWebhookSecret
FN:238,deliverWebhook
FNF:10
FNH:10
FNDA:20,(anonymous_7)
FNDA:11,(anonymous_8)
FNDA:19,(anonymous_9)
FNDA:2,(anonymous_10)
FNDA:2,(anonymous_11)
FNDA:5,(anonymous_12)
FNDA:3,(anonymous_13)
FNDA:5,(anonymous_14)
FNDA:4,generateWebhookSecret
FNDA:3,deliverWebhook
DA:7,1
DA:8,1
DA:9,1
DA:10,1
DA:12,1
DA:13,20
DA:19,1
DA:20,11
DA:21,11
DA:22,11
DA:24,11
DA:25,3
DA:33,8
DA:34,8
DA:36,1
DA:40,7
DA:54,19
DA:55,7
DA:56,2
DA:65,5
DA:67,5
DA:82,5
DA:84,5
DA:91,6
DA:99,1
DA:100,2
DA:101,2
DA:103,2
DA:107,2
DA:114,2
DA:119,0
DA:127,1
DA:128,5
DA:129,5
DA:130,5
DA:132,5
DA:133,5
DA:135,5
DA:136,1
DA:139,4
DA:141,4
DA:142,1
DA:145,3
DA:150,2
DA:158,1
DA:159,3
DA:160,3
DA:161,3
DA:163,3
DA:164,3
DA:166,3
DA:167,1
DA:170,2
DA:172,2
DA:173,1
DA:176,1
DA:178,1
DA:180,2
DA:188,1
DA:189,5
DA:190,5
DA:191,5
DA:193,5
DA:194,5
DA:196,5
DA:197,1
DA:200,4
DA:202,4
DA:203,1
DA:207,3
DA:216,3
DA:218,3
DA:224,2
DA:232,4
DA:243,3
DA:244,3
DA:245,3
DA:248,3
DA:253,3
DA:264,3
DA:269,0
DA:270,0
DA:274,1
LF:83
LH:80
BRDA:24,0,0,3
BRDA:24,0,1,8
BRDA:24,1,0,11
BRDA:24,1,1,10
BRDA:24,1,2,9
BRDA:55,2,0,2
BRDA:55,2,1,5
BRDA:65,3,0,5
BRDA:65,3,1,4
BRDA:135,4,0,1
BRDA:135,4,1,4
BRDA:141,5,0,1
BRDA:141,5,1,3
BRDA:166,6,0,1
BRDA:166,6,1,2
BRDA:172,7,0,1
BRDA:172,7,1,1
BRDA:196,8,0,1
BRDA:196,8,1,4
BRDA:202,9,0,1
BRDA:202,9,1,3
BRDA:221,10,0,2
BRDA:221,10,1,1
BRDA:258,11,0,3
BRDA:258,11,1,3
BRF:25
BRH:25
end_of_record
TN:
SF:src\api\v2\financial.routes.ts
FN:12,(anonymous_6)
FN:18,(anonymous_7)
FN:40,(anonymous_8)
FN:62,(anonymous_9)
FN:93,(anonymous_10)
FN:123,(anonymous_11)
FN:145,(anonymous_12)
FN:167,(anonymous_13)
FN:189,(anonymous_14)
FN:238,(anonymous_15)
FN:283,(anonymous_16)
FN:300,(anonymous_17)
FN:304,(anonymous_18)
FN:306,(anonymous_19)
FN:307,(anonymous_20)
FN:326,(anonymous_21)
FN:327,(anonymous_22)
FNF:17
FNH:17
FNDA:58,(anonymous_6)
FNDA:5,(anonymous_7)
FNDA:5,(anonymous_8)
FNDA:3,(anonymous_9)
FNDA:8,(anonymous_10)
FNDA:10,(anonymous_11)
FNDA:5,(anonymous_12)
FNDA:5,(anonymous_13)
FNDA:6,(anonymous_14)
FNDA:5,(anonymous_15)
FNDA:8,(anonymous_16)
FNDA:18,(anonymous_17)
FNDA:18,(anonymous_18)
FNDA:18,(anonymous_19)
FNDA:12,(anonymous_20)
FNDA:6,(anonymous_21)
FNDA:6,(anonymous_22)
DA:7,2
DA:8,2
DA:9,2
DA:11,2
DA:12,58
DA:18,2
DA:19,5
DA:20,5
DA:21,5
DA:23,5
DA:25,5
DA:26,1
DA:29,5
DA:30,1
DA:33,5
DA:38,5
DA:40,5
DA:45,5
DA:54,0
DA:62,2
DA:63,3
DA:64,3
DA:65,3
DA:67,3
DA:68,3
DA:70,3
DA:71,1
DA:74,2
DA:76,2
DA:77,1
DA:80,1
DA:85,2
DA:93,2
DA:94,8
DA:95,8
DA:96,8
DA:98,8
DA:100,8
DA:101,1
DA:104,8
DA:105,1
DA:108,8
DA:109,2
DA:112,8
DA:113,2
DA:116,8
DA:121,8
DA:123,10
DA:128,8
DA:137,0
DA:145,2
DA:146,5
DA:147,5
DA:148,5
DA:150,5
DA:152,5
DA:153,1
DA:156,5
DA:157,1
DA:160,5
DA:165,5
DA:167,5
DA:172,5
DA:181,0
DA:189,2
DA:190,6
DA:191,6
DA:192,6
DA:193,6
DA:195,6
DA:196,6
DA:198,6
DA:199,1
DA:202,5
DA:204,5
DA:205,1
DA:208,4
DA:209,1
DA:212,3
DA:221,3
DA:222,3
DA:228,3
DA:230,3
DA:238,2
DA:239,5
DA:240,5
DA:241,5
DA:242,5
DA:244,5
DA:245,1
DA:248,4
DA:249,4
DA:251,4
DA:252,1
DA:255,3
DA:257,3
DA:258,1
DA:261,2
DA:262,1
DA:265,1
DA:273,1
DA:275,4
DA:283,2
DA:284,8
DA:285,8
DA:286,8
DA:288,8
DA:289,8
DA:290,8
DA:293,8
DA:300,18
DA:303,8
DA:304,18
DA:305,8
DA:306,18
DA:307,12
DA:310,8
DA:316,8
DA:319,8
DA:326,8
DA:327,8
DA:329,8
DA:344,0
DA:348,2
LF:124
LH:120
BRDA:21,0,0,4
BRDA:21,1,0,4
BRDA:25,2,0,1
BRDA:25,2,1,4
BRDA:29,3,0,1
BRDA:29,3,1,4
BRDA:70,4,0,1
BRDA:70,4,1,2
BRDA:76,5,0,1
BRDA:76,5,1,1
BRDA:96,6,0,7
BRDA:96,7,0,7
BRDA:100,8,0,1
BRDA:100,8,1,7
BRDA:104,9,0,1
BRDA:104,9,1,7
BRDA:108,10,0,2
BRDA:108,10,1,6
BRDA:112,11,0,2
BRDA:112,11,1,6
BRDA:148,12,0,4
BRDA:148,13,0,4
BRDA:152,14,0,1
BRDA:152,14,1,4
BRDA:156,15,0,1
BRDA:156,15,1,4
BRDA:198,16,0,1
BRDA:198,16,1,5
BRDA:204,17,0,1
BRDA:204,17,1,4
BRDA:208,18,0,1
BRDA:208,18,1,3
BRDA:215,19,0,3
BRDA:215,19,1,0
BRDA:216,20,0,3
BRDA:216,20,1,2
BRDA:221,21,0,3
BRDA:221,21,1,0
BRDA:244,22,0,1
BRDA:244,22,1,4
BRDA:251,23,0,1
BRDA:251,23,1,3
BRDA:257,24,0,1
BRDA:257,24,1,2
BRDA:261,25,0,1
BRDA:261,25,1,1
BRDA:268,26,0,1
BRDA:268,26,1,0
BRDA:289,27,0,1
BRDA:289,27,1,7
BRDA:290,28,0,1
BRDA:290,28,1,7
BRDA:307,29,0,12
BRDA:307,29,1,0
BRDA:327,30,0,6
BRDA:327,30,1,0
BRF:56
BRH:51
end_of_record
TN:
SF:src\api\v2\index.ts
FN:20,(anonymous_0)
FNF:1
FNH:0
FNDA:0,(anonymous_0)
DA:10,1
DA:11,1
DA:12,1
DA:13,1
DA:14,1
DA:15,1
DA:17,1
DA:20,1
DA:21,0
DA:36,1
DA:37,1
DA:38,1
DA:39,1
DA:42,1
DA:44,1
LF:15
LH:14
BRF:0
BRH:0
end_of_record
TN:
SF:src\api\v2\orders.routes.ts
FN:12,(anonymous_6)
FN:47,(anonymous_7)
FN:77,(anonymous_8)
FN:188,(anonymous_9)
FN:212,(anonymous_10)
FN:259,(anonymous_11)
FN:281,(anonymous_12)
FN:312,(anonymous_13)
FN:374,(anonymous_14)
FN:404,(anonymous_15)
FN:437,(anonymous_16)
FNF:11
FNH:11
FNDA:87,(anonymous_6)
FNDA:19,(anonymous_7)
FNDA:14,(anonymous_8)
FNDA:10,(anonymous_9)
FNDA:10,(anonymous_10)
FNDA:9,(anonymous_11)
FNDA:2,(anonymous_12)
FNDA:7,(anonymous_13)
FNDA:4,(anonymous_14)
FNDA:1,(anonymous_15)
FNDA:6,(anonymous_16)
DA:7,2
DA:8,2
DA:9,2
DA:11,2
DA:12,87
DA:47,2
DA:48,19
DA:49,19
DA:50,19
DA:53,19
DA:54,3
DA:62,16
DA:63,16
DA:65,16
DA:66,1
DA:69,15
DA:70,15
DA:71,1
DA:75,14
DA:76,14
DA:78,14
DA:79,14
DA:81,14
DA:82,1
DA:85,13
DA:88,13
DA:89,1
DA:97,12
DA:98,1
DA:105,11
DA:106,11
DA:108,11
DA:119,11
DA:120,11
DA:121,7
DA:122,7
DA:124,7
DA:125,6
DA:126,6
DA:127,4
DA:128,1
DA:135,3
DA:140,3
DA:141,2
DA:148,10
DA:152,10
DA:155,10
DA:184,10
DA:187,10
DA:189,10
DA:190,10
DA:197,10
DA:204,9
DA:212,2
DA:213,10
DA:214,10
DA:224,10
DA:226,10
DA:228,10
DA:229,1
DA:232,10
DA:233,1
DA:236,10
DA:237,1
DA:240,10
DA:241,1
DA:244,10
DA:245,2
DA:248,10
DA:249,2
DA:252,10
DA:257,10
DA:259,10
DA:264,10
DA:273,0
DA:281,2
DA:282,2
DA:283,2
DA:284,2
DA:286,2
DA:287,2
DA:289,2
DA:290,1
DA:293,1
DA:295,1
DA:296,0
DA:299,1
DA:304,1
DA:312,2
DA:313,7
DA:314,7
DA:315,7
DA:316,7
DA:318,7
DA:319,1
DA:322,6
DA:323,6
DA:324,1
DA:327,5
DA:328,5
DA:330,5
DA:331,1
DA:334,4
DA:336,4
DA:337,0
DA:341,4
DA:342,4
DA:343,2
DA:347,2
DA:353,2
DA:359,2
DA:361,2
DA:366,5
DA:374,2
DA:375,4
DA:376,4
DA:377,4
DA:378,4
DA:380,4
DA:381,4
DA:383,4
DA:384,1
DA:387,3
DA:389,3
DA:390,0
DA:394,3
DA:395,1
DA:398,2
DA:399,1
DA:403,1
DA:405,1
DA:406,1
DA:413,1
DA:419,1
DA:427,1
DA:429,3
DA:437,2
DA:438,6
DA:439,6
DA:440,6
DA:441,6
DA:443,6
DA:444,1
DA:447,5
DA:448,5
DA:450,5
DA:451,1
DA:454,4
DA:456,4
DA:457,0
DA:460,4
DA:461,1
DA:465,3
DA:475,3
DA:477,3
DA:483,3
DA:487,2
LF:157
LH:152
BRDA:53,0,0,3
BRDA:53,0,1,16
BRDA:53,1,0,19
BRDA:53,1,1,18
BRDA:53,1,2,17
BRDA:53,1,3,17
BRDA:65,2,0,1
BRDA:65,2,1,15
BRDA:70,3,0,1
BRDA:70,3,1,14
BRDA:81,4,0,1
BRDA:81,4,1,13
BRDA:88,5,0,1
BRDA:88,5,1,12
BRDA:97,6,0,1
BRDA:97,6,1,11
BRDA:97,7,0,12
BRDA:97,7,1,2
BRDA:120,8,0,7
BRDA:120,8,1,4
BRDA:124,9,0,6
BRDA:124,9,1,1
BRDA:126,10,0,4
BRDA:126,10,1,2
BRDA:126,11,0,6
BRDA:126,11,1,5
BRDA:127,12,0,1
BRDA:127,12,1,3
BRDA:127,13,0,4
BRDA:127,13,1,2
BRDA:135,14,0,2
BRDA:135,14,1,1
BRDA:140,15,0,2
BRDA:140,15,1,1
BRDA:148,16,0,8
BRDA:148,16,1,2
BRDA:148,17,0,10
BRDA:148,17,1,10
BRDA:150,18,0,2
BRDA:150,18,1,0
BRDA:169,19,0,10
BRDA:169,19,1,10
BRDA:170,20,0,10
BRDA:170,20,1,4
BRDA:171,21,0,10
BRDA:171,21,1,9
BRDA:172,22,0,10
BRDA:172,22,1,10
BRDA:222,23,0,9
BRDA:223,24,0,9
BRDA:228,25,0,1
BRDA:228,25,1,9
BRDA:232,26,0,1
BRDA:232,26,1,9
BRDA:236,27,0,1
BRDA:236,27,1,9
BRDA:240,28,0,1
BRDA:240,28,1,9
BRDA:244,29,0,2
BRDA:244,29,1,8
BRDA:248,30,0,2
BRDA:248,30,1,8
BRDA:289,31,0,1
BRDA:289,31,1,1
BRDA:295,32,0,0
BRDA:295,32,1,1
BRDA:318,33,0,1
BRDA:318,33,1,6
BRDA:323,34,0,1
BRDA:323,34,1,5
BRDA:330,35,0,1
BRDA:330,35,1,4
BRDA:336,36,0,0
BRDA:336,36,1,4
BRDA:342,37,0,2
BRDA:342,37,1,2
BRDA:342,38,0,4
BRDA:342,38,1,3
BRDA:350,39,0,2
BRDA:350,39,1,1
BRDA:383,40,0,1
BRDA:383,40,1,3
BRDA:389,41,0,0
BRDA:389,41,1,3
BRDA:394,42,0,1
BRDA:394,42,1,2
BRDA:394,43,0,3
BRDA:394,43,1,2
BRDA:398,44,0,1
BRDA:398,44,1,1
BRDA:416,45,0,1
BRDA:416,45,1,0
BRDA:422,46,0,1
BRDA:422,46,1,0
BRDA:443,47,0,1
BRDA:443,47,1,5
BRDA:450,48,0,1
BRDA:450,48,1,4
BRDA:456,49,0,0
BRDA:456,49,1,4
BRDA:460,50,0,1
BRDA:460,50,1,3
BRDA:469,51,0,3
BRDA:469,51,1,1
BRF:104
BRH:97
end_of_record
TN:
SF:src\api\v2\pharmacies.routes.ts
FN:12,(anonymous_6)
FN:18,(anonymous_7)
FN:55,(anonymous_8)
FN:78,(anonymous_9)
FN:100,(anonymous_10)
FN:115,(anonymous_11)
FN:116,(anonymous_12)
FN:132,(anonymous_13)
FN:163,(anonymous_14)
FN:236,(anonymous_15)
FN:296,(anonymous_16)
FN:330,(anonymous_17)
FN:351,calculateDistance
FN:367,toRad
FNF:14
FNH:13
FNDA:28,(anonymous_6)
FNDA:5,(anonymous_7)
FNDA:5,(anonymous_8)
FNDA:4,(anonymous_9)
FNDA:4,(anonymous_10)
FNDA:4,(anonymous_11)
FNDA:0,(anonymous_12)
FNDA:3,(anonymous_13)
FNDA:4,(anonymous_14)
FNDA:4,(anonymous_15)
FNDA:5,(anonymous_16)
FNDA:5,(anonymous_17)
FNDA:4,calculateDistance
FNDA:16,toRad
DA:7,2
DA:8,2
DA:9,2
DA:11,2
DA:12,28
DA:18,2
DA:19,5
DA:20,5
DA:28,5
DA:30,5
DA:32,5
DA:33,1
DA:36,5
DA:37,0
DA:40,5
DA:41,0
DA:44,5
DA:45,1
DA:48,5
DA:53,5
DA:55,5
DA:60,5
DA:69,0
DA:78,2
DA:79,4
DA:80,4
DA:81,4
DA:83,4
DA:84,2
DA:88,2
DA:94,2
DA:95,2
DA:96,2
DA:99,2
DA:101,4
DA:102,4
DA:103,4
DA:105,4
DA:107,4
DA:109,4
DA:115,4
DA:116,0
DA:119,2
DA:124,2
DA:132,2
DA:133,3
DA:134,3
DA:135,3
DA:137,3
DA:138,3
DA:140,3
DA:141,1
DA:144,2
DA:146,2
DA:147,1
DA:150,1
DA:155,2
DA:163,2
DA:164,4
DA:165,4
DA:177,4
DA:180,4
DA:181,1
DA:189,3
DA:194,3
DA:195,1
DA:199,2
DA:219,2
DA:221,2
DA:228,2
DA:236,2
DA:237,4
DA:238,4
DA:239,4
DA:241,4
DA:242,4
DA:244,4
DA:245,1
DA:248,3
DA:250,3
DA:251,1
DA:254,2
DA:266,2
DA:267,2
DA:268,18
DA:269,2
DA:273,2
DA:274,1
DA:277,1
DA:279,1
DA:281,1
DA:283,1
DA:288,3
DA:296,2
DA:297,5
DA:298,5
DA:299,5
DA:300,5
DA:303,5
DA:304,5
DA:306,5
DA:307,1
DA:310,4
DA:315,4
DA:316,1
DA:319,4
DA:320,1
DA:323,4
DA:328,4
DA:330,5
DA:335,4
DA:344,1
DA:352,4
DA:353,4
DA:354,4
DA:357,4
DA:363,4
DA:364,4
DA:368,16
DA:371,2
LF:120
LH:116
BRDA:26,0,0,4
BRDA:27,1,0,4
BRDA:32,2,0,1
BRDA:32,2,1,4
BRDA:36,3,0,0
BRDA:36,3,1,5
BRDA:40,4,0,0
BRDA:40,4,1,5
BRDA:44,5,0,1
BRDA:44,5,1,4
BRDA:81,6,0,2
BRDA:81,7,0,4
BRDA:83,8,0,2
BRDA:83,8,1,2
BRDA:83,9,0,4
BRDA:83,9,1,3
BRDA:105,10,0,0
BRDA:105,10,1,4
BRDA:105,11,0,4
BRDA:105,11,1,4
BRDA:115,12,0,4
BRDA:115,12,1,4
BRDA:140,13,0,1
BRDA:140,13,1,2
BRDA:146,14,0,1
BRDA:146,14,1,1
BRDA:180,15,0,1
BRDA:180,15,1,3
BRDA:180,16,0,4
BRDA:180,16,1,4
BRDA:180,16,2,3
BRDA:180,16,3,3
BRDA:194,17,0,1
BRDA:194,17,1,2
BRDA:204,18,0,2
BRDA:204,18,1,1
BRDA:206,19,0,2
BRDA:206,19,1,1
BRDA:207,20,0,2
BRDA:207,20,1,1
BRDA:208,21,0,2
BRDA:208,21,1,1
BRDA:209,22,0,2
BRDA:209,22,1,1
BRDA:210,23,0,2
BRDA:210,23,1,2
BRDA:244,24,0,1
BRDA:244,24,1,3
BRDA:250,25,0,1
BRDA:250,25,1,2
BRDA:268,26,0,2
BRDA:268,26,1,16
BRDA:273,27,0,1
BRDA:273,27,1,1
BRDA:300,28,0,4
BRDA:300,29,0,4
BRDA:306,30,0,1
BRDA:306,30,1,4
BRDA:315,31,0,1
BRDA:315,31,1,3
BRDA:319,32,0,1
BRDA:319,32,1,3
BRF:62
BRH:59
end_of_record
TN:
SF:src\api\v2\products.routes.ts
FN:12,(anonymous_6)
FN:18,(anonymous_7)
FN:65,(anonymous_8)
FN:73,(anonymous_9)
FN:82,(anonymous_10)
FN:86,(anonymous_11)
FN:107,(anonymous_12)
FN:133,(anonymous_13)
FN:164,(anonymous_14)
FN:243,(anonymous_15)
FN:304,(anonymous_16)
FN:338,(anonymous_17)
FNF:12
FNH:12
FNDA:29,(anonymous_6)
FNDA:9,(anonymous_7)
FNDA:13,(anonymous_8)
FNDA:2,(anonymous_9)
FNDA:2,(anonymous_10)
FNDA:2,(anonymous_11)
FNDA:1,(anonymous_12)
FNDA:3,(anonymous_13)
FNDA:5,(anonymous_14)
FNDA:4,(anonymous_15)
FNDA:3,(anonymous_16)
FNDA:6,(anonymous_17)
DA:7,2
DA:8,2
DA:9,2
DA:11,2
DA:12,29
DA:18,2
DA:19,9
DA:20,9
DA:33,9
DA:35,9
DA:38,9
DA:39,1
DA:42,9
DA:43,1
DA:46,9
DA:47,1
DA:50,9
DA:51,1
DA:52,8
DA:53,0
DA:57,9
DA:58,9
DA:59,9
DA:61,9
DA:63,9
DA:65,13
DA:71,9
DA:72,1
DA:73,1
DA:74,2
DA:81,9
DA:82,2
DA:85,9
DA:86,2
DA:89,9
DA:98,0
DA:107,2
DA:108,1
DA:110,1
DA:123,1
DA:125,0
DA:133,2
DA:134,3
DA:135,3
DA:136,3
DA:138,3
DA:139,3
DA:141,3
DA:142,1
DA:145,2
DA:147,2
DA:148,1
DA:151,1
DA:156,2
DA:164,2
DA:165,5
DA:166,5
DA:179,5
DA:182,5
DA:183,1
DA:191,4
DA:192,4
DA:194,4
DA:195,1
DA:198,3
DA:199,3
DA:200,1
DA:204,2
DA:226,2
DA:228,2
DA:235,3
DA:243,2
DA:244,4
DA:245,4
DA:246,4
DA:248,4
DA:249,4
DA:251,4
DA:252,1
DA:255,3
DA:257,3
DA:258,1
DA:261,2
DA:274,2
DA:275,2
DA:276,20
DA:277,2
DA:281,2
DA:282,1
DA:285,1
DA:287,1
DA:289,1
DA:291,1
DA:296,3
DA:304,2
DA:305,3
DA:306,3
DA:307,3
DA:309,3
DA:310,3
DA:312,3
DA:313,1
DA:316,2
DA:318,2
DA:319,1
DA:323,1
DA:328,1
DA:330,2
DA:338,2
DA:339,6
DA:340,6
DA:341,6
DA:342,6
DA:344,6
DA:345,2
DA:348,4
DA:349,4
DA:351,4
DA:352,1
DA:355,3
DA:357,3
DA:358,1
DA:361,2
DA:366,2
DA:368,2
DA:373,4
DA:377,2
LF:127
LH:124
BRDA:29,0,0,9
BRDA:30,1,0,9
BRDA:31,2,0,8
BRDA:32,3,0,8
BRDA:38,4,0,1
BRDA:38,4,1,8
BRDA:42,5,0,1
BRDA:42,5,1,8
BRDA:46,6,0,1
BRDA:46,6,1,8
BRDA:50,7,0,1
BRDA:50,7,1,8
BRDA:52,8,0,0
BRDA:52,8,1,8
BRDA:58,9,0,9
BRDA:58,9,1,0
BRDA:59,10,0,0
BRDA:59,10,1,9
BRDA:71,11,0,1
BRDA:71,11,1,8
BRDA:74,12,0,2
BRDA:74,12,1,1
BRDA:74,12,2,1
BRDA:81,13,0,1
BRDA:81,13,1,8
BRDA:85,14,0,1
BRDA:85,14,1,8
BRDA:141,15,0,1
BRDA:141,15,1,2
BRDA:147,16,0,1
BRDA:147,16,1,1
BRDA:182,17,0,1
BRDA:182,17,1,4
BRDA:182,18,0,5
BRDA:182,18,1,4
BRDA:182,18,2,4
BRDA:182,18,3,4
BRDA:182,18,4,4
BRDA:194,19,0,1
BRDA:194,19,1,3
BRDA:199,20,0,1
BRDA:199,20,1,2
BRDA:209,21,0,2
BRDA:209,21,1,1
BRDA:213,22,0,2
BRDA:213,22,1,1
BRDA:214,23,0,2
BRDA:214,23,1,1
BRDA:215,24,0,2
BRDA:215,24,1,1
BRDA:216,25,0,2
BRDA:216,25,1,1
BRDA:217,26,0,2
BRDA:217,26,1,1
BRDA:251,27,0,1
BRDA:251,27,1,3
BRDA:257,28,0,1
BRDA:257,28,1,2
BRDA:276,29,0,2
BRDA:276,29,1,18
BRDA:281,30,0,1
BRDA:281,30,1,1
BRDA:312,31,0,1
BRDA:312,31,1,2
BRDA:318,32,0,1
BRDA:318,32,1,1
BRDA:344,33,0,2
BRDA:344,33,1,4
BRDA:344,34,0,6
BRDA:344,34,1,5
BRDA:351,35,0,1
BRDA:351,35,1,3
BRDA:357,36,0,1
BRDA:357,36,1,2
BRF:74
BRH:71
end_of_record
TN:
SF:src\api\v2\admin\audit.admin.ts
FN:18,(anonymous_6)
FN:58,(anonymous_7)
FN:98,(anonymous_8)
FN:125,(anonymous_9)
FN:151,(anonymous_10)
FN:158,(anonymous_11)
FN:185,(anonymous_12)
FN:226,(anonymous_13)
FN:251,(anonymous_14)
FN:262,(anonymous_15)
FN:263,(anonymous_16)
FN:302,(anonymous_17)
FN:329,(anonymous_18)
FN:342,(anonymous_19)
FNF:14
FNH:14
FNDA:25,(anonymous_6)
FNDA:7,(anonymous_7)
FNDA:2,(anonymous_8)
FNDA:4,(anonymous_9)
FNDA:2,(anonymous_10)
FNDA:2,(anonymous_11)
FNDA:1,(anonymous_12)
FNDA:5,(anonymous_13)
FNDA:3,(anonymous_14)
FNDA:2,(anonymous_15)
FNDA:14,(anonymous_16)
FNDA:2,(anonymous_17)
FNDA:1,(anonymous_18)
FNDA:2,(anonymous_19)
DA:10,2
DA:11,2
DA:12,2
DA:13,2
DA:14,2
DA:15,2
DA:17,2
DA:18,25
DA:24,2
DA:37,2
DA:54,2
DA:59,7
DA:60,7
DA:61,7
DA:64,7
DA:65,1
DA:67,7
DA:68,1
DA:70,7
DA:71,1
DA:73,7
DA:74,1
DA:76,7
DA:77,1
DA:79,7
DA:80,0
DA:82,7
DA:83,0
DA:87,7
DA:92,7
DA:95,6
DA:96,6
DA:98,6
DA:103,6
DA:113,1
DA:122,2
DA:126,4
DA:127,4
DA:130,4
DA:132,4
DA:134,1
DA:135,1
DA:137,2
DA:138,2
DA:140,1
DA:141,1
DA:143,0
DA:146,4
DA:151,4
DA:154,4
DA:155,4
DA:156,4
DA:158,4
DA:159,2
DA:160,2
DA:161,2
DA:162,2
DA:166,4
DA:176,0
DA:185,2
DA:186,1
DA:187,1
DA:212,1
DA:214,0
DA:222,2
DA:227,5
DA:228,5
DA:229,5
DA:232,5
DA:233,1
DA:235,5
DA:236,1
DA:238,5
DA:239,0
DA:241,5
DA:242,0
DA:245,5
DA:249,5
DA:251,5
DA:257,5
DA:259,2
DA:260,2
DA:262,2
DA:263,2
DA:264,14
DA:265,14
DA:266,14
DA:268,14
DA:269,1
DA:271,13
DA:273,2
DA:276,2
DA:277,2
DA:278,2
DA:281,3
DA:282,3
DA:283,3
DA:290,0
DA:299,2
DA:303,2
DA:304,2
DA:306,2
DA:308,2
DA:309,1
DA:312,1
DA:317,1
DA:326,2
DA:330,1
DA:331,1
DA:332,1
DA:334,1
DA:342,2
DA:347,1
DA:354,0
DA:359,2
LF:115
LH:106
BRDA:64,0,0,1
BRDA:64,0,1,6
BRDA:67,1,0,1
BRDA:67,1,1,6
BRDA:70,2,0,1
BRDA:70,2,1,6
BRDA:73,3,0,1
BRDA:73,3,1,6
BRDA:76,4,0,1
BRDA:76,4,1,6
BRDA:79,5,0,0
BRDA:79,5,1,7
BRDA:82,6,0,0
BRDA:82,6,1,7
BRDA:127,7,0,1
BRDA:132,8,0,1
BRDA:132,8,1,2
BRDA:132,8,2,1
BRDA:132,8,3,0
BRDA:159,9,0,2
BRDA:159,9,1,2
BRDA:160,10,0,2
BRDA:160,10,1,1
BRDA:161,11,0,2
BRDA:161,11,1,0
BRDA:162,12,0,2
BRDA:162,12,1,1
BRDA:232,13,0,1
BRDA:232,13,1,4
BRDA:235,14,0,1
BRDA:235,14,1,4
BRDA:238,15,0,0
BRDA:238,15,1,5
BRDA:241,16,0,0
BRDA:241,16,1,5
BRDA:254,17,0,3
BRDA:254,17,1,0
BRDA:257,18,0,2
BRDA:257,18,1,3
BRDA:265,19,0,0
BRDA:265,19,1,14
BRDA:265,20,0,14
BRDA:265,20,1,14
BRDA:268,21,0,1
BRDA:268,21,1,13
BRDA:268,22,0,14
BRDA:268,22,1,13
BRDA:308,23,0,1
BRDA:308,23,1,1
BRDA:332,24,0,1
BRF:50
BRH:42
end_of_record
TN:
SF:src\api\v2\admin\index.ts
FNF:0
FNH:0
DA:11,1
DA:12,1
DA:13,1
DA:14,1
DA:15,1
DA:16,1
DA:18,1
DA:21,1
DA:24,1
DA:25,1
DA:26,1
DA:27,1
DA:29,1
LF:13
LH:13
BRF:0
BRH:0
end_of_record
TN:
SF:src\api\v2\admin\orders.admin.ts
FN:26,(anonymous_6)
FN:33,(anonymous_7)
FN:70,(anonymous_8)
FN:78,(anonymous_9)
FN:81,(anonymous_10)
FN:102,(anonymous_11)
FN:132,(anonymous_12)
FN:137,(anonymous_13)
FN:139,(anonymous_14)
FN:142,(anonymous_15)
FN:143,(anonymous_16)
FN:144,(anonymous_17)
FN:145,(anonymous_18)
FN:146,(anonymous_19)
FN:147,(anonymous_20)
FN:150,(anonymous_21)
FN:151,(anonymous_22)
FN:152,(anonymous_23)
FN:153,(anonymous_24)
FN:170,(anonymous_25)
FN:206,(anonymous_26)
FN:290,(anonymous_27)
FN:381,(anonymous_28)
FNF:23
FNH:23
FNDA:35,(anonymous_6)
FNDA:6,(anonymous_7)
FNDA:6,(anonymous_8)
FNDA:3,(anonymous_9)
FNDA:2,(anonymous_10)
FNDA:4,(anonymous_11)
FNDA:2,(anonymous_12)
FNDA:2,(anonymous_13)
FNDA:2,(anonymous_14)
FNDA:2,(anonymous_15)
FNDA:2,(anonymous_16)
FNDA:2,(anonymous_17)
FNDA:2,(anonymous_18)
FNDA:2,(anonymous_19)
FNDA:2,(anonymous_20)
FNDA:2,(anonymous_21)
FNDA:2,(anonymous_22)
FNDA:2,(anonymous_23)
FNDA:2,(anonymous_24)
FNDA:2,(anonymous_25)
FNDA:4,(anonymous_26)
FNDA:4,(anonymous_27)
FNDA:4,(anonymous_28)
DA:10,2
DA:11,2
DA:12,2
DA:13,2
DA:14,2
DA:23,2
DA:25,2
DA:26,35
DA:27,2
DA:33,2
DA:34,6
DA:35,6
DA:36,6
DA:39,6
DA:40,1
DA:42,6
DA:43,1
DA:45,6
DA:46,1
DA:48,6
DA:49,0
DA:51,6
DA:52,0
DA:54,6
DA:55,0
DA:59,6
DA:64,6
DA:67,5
DA:68,5
DA:70,6
DA:76,5
DA:77,5
DA:78,3
DA:80,5
DA:81,2
DA:84,5
DA:94,1
DA:102,2
DA:103,4
DA:104,4
DA:107,4
DA:109,4
DA:111,1
DA:112,1
DA:114,1
DA:115,1
DA:117,1
DA:118,1
DA:120,1
DA:121,1
DA:123,0
DA:127,4
DA:132,4
DA:135,4
DA:137,2
DA:139,2
DA:142,2
DA:143,2
DA:144,2
DA:145,2
DA:146,2
DA:147,2
DA:150,2
DA:151,2
DA:152,2
DA:153,2
DA:160,4
DA:162,0
DA:170,2
DA:171,2
DA:172,2
DA:174,2
DA:176,2
DA:177,1
DA:180,1
DA:183,1
DA:188,1
DA:195,1
DA:203,2
DA:207,4
DA:208,4
DA:209,4
DA:210,4
DA:212,4
DA:213,4
DA:215,4
DA:216,1
DA:219,3
DA:220,3
DA:223,3
DA:233,3
DA:240,3
DA:241,1
DA:243,3
DA:244,0
DA:247,3
DA:250,2
DA:265,2
DA:267,2
DA:278,2
DA:287,2
DA:291,4
DA:292,4
DA:293,4
DA:294,4
DA:296,4
DA:297,4
DA:299,4
DA:300,1
DA:303,3
DA:305,3
DA:306,1
DA:309,2
DA:310,1
DA:314,1
DA:316,1
DA:317,1
DA:318,1
DA:325,1
DA:335,1
DA:346,1
DA:349,1
DA:363,1
DA:369,3
DA:378,2
DA:382,4
DA:383,4
DA:384,4
DA:385,4
DA:387,4
DA:388,4
DA:390,4
DA:391,1
DA:394,3
DA:396,3
DA:397,1
DA:401,2
DA:402,2
DA:404,2
DA:420,2
DA:423,2
DA:432,2
DA:446,2
DA:455,2
DA:460,2
LF:145
LH:139
BRDA:39,0,0,1
BRDA:39,0,1,5
BRDA:42,1,0,1
BRDA:42,1,1,5
BRDA:45,2,0,1
BRDA:45,2,1,5
BRDA:48,3,0,0
BRDA:48,3,1,6
BRDA:51,4,0,0
BRDA:51,4,1,6
BRDA:54,5,0,0
BRDA:54,5,1,6
BRDA:77,6,0,1
BRDA:77,6,1,4
BRDA:80,7,0,1
BRDA:80,7,1,4
BRDA:104,8,0,1
BRDA:109,9,0,1
BRDA:109,9,1,1
BRDA:109,9,2,1
BRDA:109,9,3,1
BRDA:109,9,4,0
BRDA:137,10,0,2
BRDA:137,10,1,0
BRDA:138,11,0,1
BRDA:138,11,1,3
BRDA:139,12,0,2
BRDA:139,12,1,0
BRDA:176,13,0,1
BRDA:176,13,1,1
BRDA:191,14,0,1
BRDA:191,14,1,0
BRDA:192,15,0,1
BRDA:192,15,1,0
BRDA:215,16,0,1
BRDA:215,16,1,3
BRDA:227,17,0,3
BRDA:227,17,1,3
BRDA:240,18,0,1
BRDA:240,18,1,2
BRDA:243,19,0,0
BRDA:243,19,1,3
BRDA:299,20,0,1
BRDA:299,20,1,3
BRDA:305,21,0,1
BRDA:305,21,1,2
BRDA:309,22,0,1
BRDA:309,22,1,1
BRDA:330,23,0,1
BRDA:330,23,1,1
BRDA:339,24,0,1
BRDA:339,24,1,1
BRDA:357,25,0,1
BRDA:357,25,1,1
BRDA:390,26,0,1
BRDA:390,26,1,3
BRDA:396,27,0,1
BRDA:396,27,1,2
BRDA:401,28,0,2
BRDA:401,28,1,1
BRDA:402,29,0,2
BRDA:402,29,1,1
BRDA:413,30,0,2
BRDA:413,30,1,2
BRF:64
BRH:55
end_of_record
TN:
SF:src\api\v2\admin\pharmacies.admin.ts
FN:26,(anonymous_6)
FN:33,(anonymous_7)
FN:72,(anonymous_8)
FN:80,(anonymous_9)
FN:108,(anonymous_10)
FN:120,(anonymous_11)
FN:138,(anonymous_12)
FN:167,(anonymous_13)
FN:198,(anonymous_14)
FN:212,(anonymous_15)
FN:284,(anonymous_16)
FN:365,(anonymous_17)
FN:437,(anonymous_18)
FNF:13
FNH:12
FNDA:35,(anonymous_6)
FNDA:6,(anonymous_7)
FNDA:4,(anonymous_8)
FNDA:2,(anonymous_9)
FNDA:1,(anonymous_10)
FNDA:1,(anonymous_11)
FNDA:1,(anonymous_12)
FNDA:1,(anonymous_13)
FNDA:0,(anonymous_14)
FNDA:3,(anonymous_15)
FNDA:4,(anonymous_16)
FNDA:3,(anonymous_17)
FNDA:3,(anonymous_18)
DA:10,2
DA:11,2
DA:12,2
DA:13,2
DA:14,2
DA:23,2
DA:25,2
DA:26,35
DA:27,2
DA:33,2
DA:34,6
DA:35,6
DA:36,6
DA:39,6
DA:40,1
DA:42,6
DA:43,1
DA:45,6
DA:46,1
DA:48,6
DA:49,0
DA:53,6
DA:58,6
DA:61,5
DA:62,5
DA:65,5
DA:70,5
DA:72,5
DA:78,5
DA:79,1
DA:80,1
DA:81,2
DA:87,5
DA:100,1
DA:108,2
DA:109,1
DA:110,1
DA:112,1
DA:120,1
DA:125,1
DA:130,0
DA:138,2
DA:139,1
DA:145,1
DA:152,1
DA:159,0
DA:167,2
DA:168,1
DA:169,1
DA:171,1
DA:173,1
DA:174,1
DA:177,0
DA:180,0
DA:191,0
DA:198,0
DA:201,1
DA:209,2
DA:213,3
DA:214,3
DA:215,3
DA:216,3
DA:218,3
DA:219,3
DA:221,3
DA:222,1
DA:225,2
DA:227,2
DA:228,1
DA:232,1
DA:250,1
DA:265,1
DA:272,2
DA:281,2
DA:285,4
DA:286,4
DA:287,4
DA:288,4
DA:290,4
DA:291,4
DA:293,4
DA:294,1
DA:297,3
DA:299,3
DA:300,1
DA:304,2
DA:322,2
DA:323,0
DA:326,2
DA:329,2
DA:345,2
DA:353,2
DA:362,2
DA:366,3
DA:367,3
DA:368,3
DA:369,3
DA:371,3
DA:372,3
DA:374,3
DA:375,1
DA:378,2
DA:380,2
DA:381,1
DA:385,1
DA:406,1
DA:421,1
DA:428,2
DA:437,2
DA:438,3
DA:439,3
DA:440,3
DA:441,3
DA:443,3
DA:444,3
DA:446,3
DA:447,1
DA:450,2
DA:452,2
DA:453,1
DA:457,1
DA:475,1
DA:489,1
DA:496,2
DA:500,2
LF:125
LH:117
BRDA:39,0,0,1
BRDA:39,0,1,5
BRDA:42,1,0,1
BRDA:42,1,1,5
BRDA:45,2,0,1
BRDA:45,2,1,5
BRDA:48,3,0,0
BRDA:48,3,1,6
BRDA:78,4,0,1
BRDA:78,4,1,4
BRDA:81,5,0,2
BRDA:81,5,1,1
BRDA:81,5,2,1
BRDA:110,6,0,1
BRDA:110,7,0,1
BRDA:173,8,0,1
BRDA:173,8,1,0
BRDA:221,9,0,1
BRDA:221,9,1,2
BRDA:227,10,0,1
BRDA:227,10,1,1
BRDA:236,11,0,1
BRDA:236,11,1,0
BRDA:237,12,0,1
BRDA:237,12,1,1
BRDA:293,13,0,1
BRDA:293,13,1,3
BRDA:299,14,0,1
BRDA:299,14,1,2
BRDA:322,15,0,0
BRDA:322,15,1,2
BRDA:322,16,0,2
BRDA:322,16,1,1
BRDA:374,17,0,1
BRDA:374,17,1,2
BRDA:380,18,0,1
BRDA:380,18,1,1
BRDA:391,19,0,1
BRDA:391,19,1,0
BRDA:446,20,0,1
BRDA:446,20,1,2
BRDA:452,21,0,1
BRDA:452,21,1,1
BRDA:461,22,0,1
BRDA:461,22,1,0
BRDA:470,23,0,1
BRDA:470,23,1,0
BRF:47
BRH:40
end_of_record
TN:
SF:src\api\v2\admin\products.admin.ts
FN:24,(anonymous_6)
FN:31,(anonymous_7)
FN:66,(anonymous_8)
FN:74,(anonymous_9)
FN:82,(anonymous_10)
FN:85,(anonymous_11)
FN:89,(anonymous_12)
FN:112,(anonymous_13)
FN:129,(anonymous_14)
FN:150,(anonymous_15)
FN:162,(anonymous_16)
FN:181,(anonymous_17)
FN:206,(anonymous_18)
FN:212,(anonymous_19)
FN:227,(anonymous_20)
FN:265,(anonymous_21)
FN:266,(anonymous_22)
FN:275,(anonymous_23)
FN:276,(anonymous_24)
FN:292,(anonymous_25)
FN:348,(anonymous_26)
FNF:21
FNH:19
FNDA:30,(anonymous_6)
FNDA:7,(anonymous_7)
FNDA:9,(anonymous_8)
FNDA:2,(anonymous_9)
FNDA:3,(anonymous_10)
FNDA:2,(anonymous_11)
FNDA:2,(anonymous_12)
FNDA:1,(anonymous_13)
FNDA:2,(anonymous_14)
FNDA:1,(anonymous_15)
FNDA:2,(anonymous_16)
FNDA:1,(anonymous_17)
FNDA:0,(anonymous_18)
FNDA:0,(anonymous_19)
FNDA:2,(anonymous_20)
FNDA:4,(anonymous_21)
FNDA:4,(anonymous_22)
FNDA:4,(anonymous_23)
FNDA:4,(anonymous_24)
FNDA:2,(anonymous_25)
FNDA:2,(anonymous_26)
DA:10,2
DA:11,2
DA:12,2
DA:13,2
DA:14,2
DA:21,2
DA:23,2
DA:24,30
DA:25,2
DA:31,2
DA:32,7
DA:33,7
DA:34,7
DA:37,7
DA:38,1
DA:40,7
DA:41,1
DA:43,7
DA:44,0
DA:45,0
DA:47,0
DA:50,7
DA:51,0
DA:55,7
DA:60,7
DA:63,6
DA:64,6
DA:66,9
DA:72,6
DA:73,1
DA:74,1
DA:75,2
DA:81,6
DA:82,3
DA:84,6
DA:85,2
DA:87,6
DA:88,1
DA:89,1
DA:90,2
DA:94,6
DA:104,1
DA:112,2
DA:113,1
DA:119,1
DA:127,1
DA:128,1
DA:129,1
DA:130,2
DA:131,2
DA:134,1
DA:142,0
DA:150,2
DA:151,1
DA:152,1
DA:154,1
DA:162,2
DA:167,1
DA:173,0
DA:181,2
DA:182,1
DA:183,1
DA:185,1
DA:187,1
DA:188,1
DA:191,0
DA:194,0
DA:200,0
DA:206,0
DA:208,0
DA:212,0
DA:215,1
DA:224,2
DA:228,2
DA:229,2
DA:230,2
DA:232,2
DA:233,2
DA:235,2
DA:236,4
DA:237,4
DA:239,4
DA:240,1
DA:241,1
DA:244,3
DA:250,3
DA:253,2
DA:256,2
DA:265,4
DA:266,4
DA:270,2
DA:275,4
DA:276,4
DA:280,0
DA:289,2
DA:293,2
DA:294,2
DA:295,2
DA:296,2
DA:298,2
DA:299,2
DA:301,2
DA:302,1
DA:305,1
DA:308,1
DA:314,1
DA:317,1
DA:329,1
DA:331,1
DA:339,1
DA:348,2
DA:349,2
DA:350,2
DA:351,2
DA:353,2
DA:354,2
DA:356,2
DA:357,1
DA:360,1
DA:363,1
DA:371,1
DA:383,1
DA:388,1
DA:392,2
LF:124
LH:111
BRDA:37,0,0,1
BRDA:37,0,1,6
BRDA:40,1,0,1
BRDA:40,1,1,6
BRDA:43,2,0,0
BRDA:43,2,1,7
BRDA:44,3,0,0
BRDA:44,3,1,0
BRDA:50,4,0,0
BRDA:50,4,1,7
BRDA:72,5,0,1
BRDA:72,5,1,5
BRDA:75,6,0,2
BRDA:75,6,1,1
BRDA:75,6,2,1
BRDA:75,6,3,1
BRDA:81,7,0,1
BRDA:81,7,1,5
BRDA:84,8,0,1
BRDA:84,8,1,5
BRDA:87,9,0,1
BRDA:87,9,1,5
BRDA:130,10,0,2
BRDA:130,10,1,0
BRDA:131,11,0,2
BRDA:131,11,1,2
BRDA:152,12,0,0
BRDA:152,13,0,1
BRDA:187,14,0,1
BRDA:187,14,1,0
BRDA:211,15,0,0
BRDA:211,15,1,0
BRDA:239,16,0,1
BRDA:239,16,1,3
BRDA:301,17,0,1
BRDA:301,17,1,1
BRDA:356,18,0,1
BRDA:356,18,1,1
BRF:38
BRH:29
end_of_record
TN:
SF:src\api\v2\schemas\index.ts
FNF:0
FNH:0
DA:7,4
DA:8,4
DA:9,4
LF:3
LH:3
BRF:0
BRH:0
end_of_record
TN:
SF:src\api\v2\schemas\order.schema.ts
FN:242,validateSchema
FN:246,(anonymous_1)
FNF:2
FNH:2
FNDA:3,validateSchema
FNDA:2,(anonymous_1)
DA:11,6
DA:17,6
DA:29,6
DA:36,6
DA:52,6
DA:79,6
DA:100,6
DA:144,6
DA:166,6
DA:182,6
DA:204,6
DA:242,6
DA:243,3
DA:245,3
DA:246,2
DA:251,2
DA:259,1
LF:17
LH:17
BRDA:245,0,0,2
BRDA:245,0,1,1
BRF:2
BRH:2
end_of_record
TN:
SF:src\api\v2\schemas\pharmacy.schema.ts
FN:146,(anonymous_0)
FN:147,(anonymous_1)
FN:148,(anonymous_2)
FN:173,(anonymous_3)
FN:174,(anonymous_4)
FNF:5
FNH:5
FNDA:2,(anonymous_0)
FNDA:1,(anonymous_1)
FNDA:1,(anonymous_2)
FNDA:1,(anonymous_3)
FNDA:1,(anonymous_4)
DA:11,5
DA:12,5
DA:18,5
DA:33,5
DA:46,5
DA:65,5
DA:128,5
DA:138,5
DA:146,2
DA:147,1
DA:148,1
DA:161,5
DA:173,1
DA:174,1
DA:185,5
DA:194,5
DA:207,5
LF:17
LH:17
BRF:0
BRH:0
end_of_record
TN:
SF:src\api\v2\schemas\product.schema.ts
FN:140,(anonymous_0)
FN:141,(anonymous_1)
FN:193,(anonymous_2)
FNF:3
FNH:3
FNDA:2,(anonymous_0)
FNDA:2,(anonymous_1)
FNDA:9,(anonymous_2)
DA:11,5
DA:17,5
DA:39,5
DA:54,5
DA:121,5
DA:131,5
DA:140,2
DA:141,2
DA:166,5
DA:184,5
DA:193,9
LF:11
LH:11
BRF:0
BRH:0
end_of_record
TN:
SF:src\services\lgpd.service.ts
FN:254,(anonymous_6)
FN:267,(anonymous_7)
FN:303,(anonymous_8)
FN:359,(anonymous_9)
FN:381,(anonymous_10)
FN:404,(anonymous_11)
FN:415,(anonymous_12)
FN:433,(anonymous_13)
FN:441,(anonymous_14)
FN:442,(anonymous_15)
FN:466,(anonymous_16)
FN:466,(anonymous_17)
FN:476,(anonymous_18)
FN:489,(anonymous_19)
FN:520,(anonymous_20)
FN:529,(anonymous_21)
FN:542,(anonymous_22)
FN:542,(anonymous_23)
FN:549,(anonymous_24)
FN:565,(anonymous_25)
FN:572,(anonymous_26)
FN:598,(anonymous_27)
FN:630,(anonymous_28)
FN:631,(anonymous_29)
FN:632,(anonymous_30)
FN:664,(anonymous_31)
FN:704,(anonymous_32)
FN:712,(anonymous_33)
FN:761,(anonymous_34)
FN:774,(anonymous_35)
FN:778,(anonymous_36)
FN:794,(anonymous_37)
FN:804,(anonymous_38)
FN:809,(anonymous_39)
FN:814,(anonymous_40)
FN:819,(anonymous_41)
FN:822,(anonymous_42)
FN:827,(anonymous_43)
FN:830,(anonymous_44)
FN:835,(anonymous_45)
FN:838,(anonymous_46)
FN:845,(anonymous_47)
FN:848,(anonymous_48)
FN:873,(anonymous_49)
FN:897,(anonymous_50)
FN:909,(anonymous_51)
FN:916,(anonymous_52)
FN:926,(anonymous_53)
FN:933,(anonymous_54)
FN:944,(anonymous_55)
FN:963,(anonymous_56)
FN:968,(anonymous_57)
FN:972,(anonymous_58)
FN:976,(anonymous_59)
FNF:54
FNH:42
FNDA:45,(anonymous_6)
FNDA:4,(anonymous_7)
FNDA:3,(anonymous_8)
FNDA:1,(anonymous_9)
FNDA:1,(anonymous_10)
FNDA:2,(anonymous_11)
FNDA:2,(anonymous_12)
FNDA:4,(anonymous_13)
FNDA:24,(anonymous_14)
FNDA:38,(anonymous_15)
FNDA:24,(anonymous_16)
FNDA:6,(anonymous_17)
FNDA:4,(anonymous_18)
FNDA:3,(anonymous_19)
FNDA:4,(anonymous_20)
FNDA:3,(anonymous_21)
FNDA:3,(anonymous_22)
FNDA:2,(anonymous_23)
FNDA:5,(anonymous_24)
FNDA:3,(anonymous_25)
FNDA:5,(anonymous_26)
FNDA:3,(anonymous_27)
FNDA:2,(anonymous_28)
FNDA:0,(anonymous_29)
FNDA:0,(anonymous_30)
FNDA:2,(anonymous_31)
FNDA:6,(anonymous_32)
FNDA:3,(anonymous_33)
FNDA:0,(anonymous_34)
FNDA:0,(anonymous_35)
FNDA:0,(anonymous_36)
FNDA:0,(anonymous_37)
FNDA:0,(anonymous_38)
FNDA:3,(anonymous_39)
FNDA:3,(anonymous_40)
FNDA:2,(anonymous_41)
FNDA:3,(anonymous_42)
FNDA:0,(anonymous_43)
FNDA:3,(anonymous_44)
FNDA:0,(anonymous_45)
FNDA:3,(anonymous_46)
FNDA:0,(anonymous_47)
FNDA:12,(anonymous_48)
FNDA:1,(anonymous_49)
FNDA:2,(anonymous_50)
FNDA:2,(anonymous_51)
FNDA:0,(anonymous_52)
FNDA:2,(anonymous_53)
FNDA:0,(anonymous_54)
FNDA:5,(anonymous_55)
FNDA:3,(anonymous_56)
FNDA:2,(anonymous_57)
FNDA:2,(anonymous_58)
FNDA:4,(anonymous_59)
DA:18,1
DA:19,1
DA:20,1
DA:136,1
DA:180,1
DA:228,1
DA:247,1
DA:250,45
DA:251,45
DA:252,45
DA:255,45
DA:256,45
DA:273,4
DA:274,4
DA:276,4
DA:286,4
DA:291,4
DA:297,4
DA:307,3
DA:308,3
DA:310,3
DA:311,1
DA:314,2
DA:316,2
DA:317,1
DA:320,1
DA:326,1
DA:332,1
DA:334,0
DA:335,0
DA:337,0
DA:338,0
DA:340,0
DA:341,0
DA:344,1
DA:346,0
DA:347,0
DA:349,0
DA:350,0
DA:353,1
DA:364,1
DA:366,1
DA:373,1
DA:387,1
DA:395,1
DA:408,2
DA:415,2
DA:416,2
DA:417,2
DA:439,4
DA:441,4
DA:442,38
DA:443,24
DA:450,4
DA:460,4
DA:465,4
DA:466,24
DA:470,4
DA:481,4
DA:482,4
DA:484,4
DA:485,1
DA:488,3
DA:489,3
DA:491,3
DA:492,1
DA:495,2
DA:497,2
DA:498,1
DA:501,1
DA:507,1
DA:511,1
DA:521,4
DA:522,4
DA:524,4
DA:525,1
DA:528,3
DA:529,3
DA:535,3
DA:541,3
DA:542,3
DA:550,5
DA:555,5
DA:556,1
DA:559,4
DA:561,4
DA:562,1
DA:565,3
DA:566,3
DA:573,5
DA:578,5
DA:579,3
DA:582,2
DA:583,2
DA:599,3
DA:600,3
DA:602,3
DA:614,3
DA:623,3
DA:630,2
DA:631,0
DA:632,0
DA:640,3
DA:642,3
DA:643,3
DA:654,3
DA:665,2
DA:666,2
DA:667,2
DA:670,2
DA:671,12
DA:673,12
DA:674,1
DA:676,1
DA:677,1
DA:678,1
DA:680,1
DA:681,1
DA:683,1
DA:684,1
DA:685,1
DA:692,2
DA:693,1
DA:702,1
DA:704,6
DA:713,3
DA:716,3
DA:718,3
DA:719,1
DA:722,2
DA:729,2
DA:736,2
DA:747,2
DA:749,2
DA:750,2
DA:763,0
DA:765,0
DA:775,0
DA:779,0
DA:781,0
DA:782,0
DA:788,0
DA:791,0
DA:796,0
DA:798,0
DA:806,0
DA:810,3
DA:811,3
DA:815,3
DA:819,3
DA:823,3
DA:827,3
DA:831,3
DA:835,3
DA:839,3
DA:845,3
DA:849,12
DA:857,12
DA:858,12
DA:860,10
DA:861,2
DA:862,2
DA:865,8
DA:870,8
DA:874,1
DA:881,1
DA:882,1
DA:884,1
DA:891,1
DA:893,1
DA:894,1
DA:898,2
DA:910,2
DA:915,2
DA:916,2
DA:917,0
DA:923,2
DA:927,2
DA:932,2
DA:933,2
DA:934,0
DA:941,2
DA:945,5
DA:947,5
DA:948,160
DA:950,5
DA:955,5
DA:956,5
DA:957,5
DA:958,5
DA:960,5
DA:964,3
DA:965,3
DA:969,2
DA:973,2
DA:977,4
DA:978,4
DA:981,4
DA:986,1
LF:199
LH:174
BRDA:310,0,0,1
BRDA:310,0,1,2
BRDA:316,1,0,1
BRDA:316,1,1,1
BRDA:332,2,0,0
BRDA:332,2,1,0
BRDA:332,2,2,0
BRDA:332,2,3,1
BRDA:332,2,4,0
BRDA:332,2,5,0
BRDA:406,3,0,1
BRDA:445,4,0,24
BRDA:445,4,1,20
BRDA:445,4,2,14
BRDA:446,5,0,6
BRDA:446,5,1,18
BRDA:446,6,0,24
BRDA:446,6,1,20
BRDA:454,7,0,2
BRDA:454,7,1,2
BRDA:484,8,0,1
BRDA:484,8,1,3
BRDA:491,9,0,1
BRDA:491,9,1,2
BRDA:497,10,0,1
BRDA:497,10,1,1
BRDA:497,11,0,2
BRDA:497,11,1,1
BRDA:504,12,0,1
BRDA:504,12,1,0
BRDA:524,13,0,1
BRDA:524,13,1,3
BRDA:532,14,0,1
BRDA:532,14,1,2
BRDA:555,15,0,1
BRDA:555,15,1,4
BRDA:561,16,0,1
BRDA:561,16,1,3
BRDA:566,17,0,3
BRDA:566,17,1,1
BRDA:578,18,0,3
BRDA:578,18,1,2
BRDA:633,19,0,1
BRDA:633,19,1,2
BRDA:673,20,0,1
BRDA:673,20,1,11
BRDA:673,21,0,12
BRDA:673,21,1,1
BRDA:676,22,0,1
BRDA:676,22,1,0
BRDA:680,23,0,1
BRDA:680,23,1,0
BRDA:683,24,0,1
BRDA:683,24,1,0
BRDA:683,25,0,1
BRDA:683,25,1,0
BRDA:692,26,0,1
BRDA:692,26,1,1
BRDA:712,27,0,2
BRDA:718,28,0,1
BRDA:718,28,1,2
BRDA:718,29,0,3
BRDA:718,29,1,2
BRDA:781,30,0,0
BRDA:781,30,1,0
BRDA:811,31,0,3
BRDA:811,31,1,0
BRDA:858,32,0,2
BRDA:858,32,1,10
BRDA:860,33,0,2
BRDA:860,33,1,8
BRDA:882,34,0,0
BRDA:882,34,1,1
BRDA:891,35,0,0
BRDA:891,35,1,1
BRDA:894,36,0,1
BRDA:894,36,1,0
BRDA:948,37,0,5
BRDA:948,37,1,155
BRDA:978,38,0,4
BRDA:978,38,1,0
BRF:81
BRH:64
end_of_record
TN:
SF:src\triggers\index.ts
FN:12,(anonymous_0)
FN:13,(anonymous_1)
FN:14,(anonymous_2)
FN:21,(anonymous_3)
FN:22,(anonymous_4)
FN:23,(anonymous_5)
FN:30,(anonymous_6)
FN:31,(anonymous_7)
FN:32,(anonymous_8)
FNF:9
FNH:0
FNDA:0,(anonymous_0)
FNDA:0,(anonymous_1)
FNDA:0,(anonymous_2)
FNDA:0,(anonymous_3)
FNDA:0,(anonymous_4)
FNDA:0,(anonymous_5)
FNDA:0,(anonymous_6)
FNDA:0,(anonymous_7)
FNDA:0,(anonymous_8)
DA:11,0
DA:12,0
DA:13,0
DA:14,0
DA:20,0
DA:21,0
DA:22,0
DA:23,0
DA:29,0
DA:30,0
DA:31,0
DA:32,0
LF:12
LH:0
BRF:0
BRH:0
end_of_record
TN:
SF:src\triggers\orders.ts
FN:31,(anonymous_6)
FN:102,(anonymous_7)
FN:213,(anonymous_8)
FN:323,sendPharmacyNotification
FN:394,(anonymous_10)
FN:422,sendUserNotification
FN:523,(anonymous_12)
FN:551,updatePharmacyStats
FN:579,incrementPharmacyCompletedOrders
FN:601,incrementPharmacyCancelledOrders
FN:623,getEventTypeForStatus
FNF:11
FNH:9
FNDA:1,(anonymous_6)
FNDA:8,(anonymous_7)
FNDA:14,(anonymous_8)
FNDA:4,sendPharmacyNotification
FNDA:0,(anonymous_10)
FNDA:10,sendUserNotification
FNDA:0,(anonymous_12)
FNDA:4,updatePharmacyStats
FNDA:2,incrementPharmacyCompletedOrders
FNDA:2,incrementPharmacyCancelledOrders
FNDA:12,getEventTypeForStatus
DA:15,1
DA:16,1
DA:17,1
DA:23,1
DA:31,1
DA:32,1
DA:33,1
DA:34,1
DA:35,1
DA:36,1
DA:37,1
DA:38,1
DA:94,1
DA:103,8
DA:104,8
DA:106,8
DA:108,8
DA:109,8
DA:112,8
DA:113,2
DA:114,2
DA:124,6
DA:139,4
DA:153,4
DA:156,4
DA:158,4
DA:159,4
DA:163,4
DA:170,2
DA:171,2
DA:174,2
DA:185,2
DA:205,1
DA:214,14
DA:215,14
DA:217,14
DA:218,14
DA:221,14
DA:222,2
DA:223,2
DA:231,12
DA:232,12
DA:234,12
DA:238,12
DA:240,12
DA:243,12
DA:258,10
DA:272,10
DA:275,10
DA:276,2
DA:277,8
DA:278,2
DA:281,10
DA:282,10
DA:286,10
DA:293,2
DA:294,2
DA:299,2
DA:310,2
DA:327,4
DA:328,4
DA:331,4
DA:336,4
DA:337,4
DA:340,4
DA:343,0
DA:344,0
DA:346,0
DA:347,0
DA:350,0
DA:354,0
DA:384,0
DA:386,0
DA:392,0
DA:393,0
DA:394,0
DA:395,0
DA:396,0
DA:400,0
DA:401,0
DA:407,0
DA:413,0
DA:414,0
DA:428,10
DA:429,10
DA:432,10
DA:434,10
DA:435,10
DA:436,10
DA:439,0
DA:440,0
DA:442,0
DA:443,0
DA:444,0
DA:448,0
DA:479,0
DA:484,0
DA:513,0
DA:515,0
DA:521,0
DA:522,0
DA:523,0
DA:524,0
DA:525,0
DA:529,0
DA:530,0
DA:536,0
DA:542,0
DA:543,0
DA:555,4
DA:556,4
DA:558,4
DA:568,0
DA:570,4
DA:571,4
DA:580,2
DA:581,2
DA:583,2
DA:591,0
DA:593,2
DA:594,2
DA:602,2
DA:603,2
DA:605,2
DA:613,0
DA:615,2
DA:616,2
DA:626,12
DA:657,12
LF:129
LH:88
BRDA:31,0,0,1
BRDA:31,0,1,1
BRDA:112,1,0,2
BRDA:112,1,1,6
BRDA:112,2,0,8
BRDA:112,2,1,7
BRDA:127,3,0,6
BRDA:127,3,1,1
BRDA:130,4,0,6
BRDA:130,4,1,3
BRDA:147,5,0,4
BRDA:147,5,1,1
BRDA:170,6,0,1
BRDA:170,6,1,1
BRDA:221,7,0,2
BRDA:221,7,1,12
BRDA:275,8,0,2
BRDA:275,8,1,8
BRDA:277,9,0,2
BRDA:277,9,1,6
BRDA:293,10,0,1
BRDA:293,10,1,1
BRDA:336,11,0,4
BRDA:336,11,1,0
BRDA:346,12,0,0
BRDA:346,12,1,0
BRDA:346,13,0,0
BRDA:346,13,1,0
BRDA:358,14,0,0
BRDA:358,14,1,0
BRDA:363,15,0,0
BRDA:363,15,1,0
BRDA:364,16,0,0
BRDA:364,16,1,0
BRDA:392,17,0,0
BRDA:392,17,1,0
BRDA:395,18,0,0
BRDA:395,18,1,0
BRDA:395,19,0,0
BRDA:395,19,1,0
BRDA:400,20,0,0
BRDA:400,20,1,0
BRDA:413,21,0,0
BRDA:413,21,1,0
BRDA:434,22,0,10
BRDA:434,22,1,0
BRDA:442,23,0,0
BRDA:442,23,1,0
BRDA:442,24,0,0
BRDA:442,24,1,0
BRDA:479,25,0,0
BRDA:479,25,1,0
BRDA:521,26,0,0
BRDA:521,26,1,0
BRDA:524,27,0,0
BRDA:524,27,1,0
BRDA:524,28,0,0
BRDA:524,28,1,0
BRDA:529,29,0,0
BRDA:529,29,1,0
BRDA:542,30,0,0
BRDA:542,30,1,0
BRDA:563,31,0,0
BRDA:563,31,1,0
BRDA:570,32,0,4
BRDA:570,32,1,0
BRDA:593,33,0,2
BRDA:593,33,1,0
BRDA:615,34,0,2
BRDA:615,34,1,0
BRDA:657,35,0,12
BRDA:657,35,1,0
BRF:72
BRH:28
end_of_record
TN:
SF:src\triggers\pharmacies.ts
FN:31,(anonymous_6)
FN:94,(anonymous_7)
FN:185,(anonymous_8)
FN:292,notifyAdminsNewPharmacy
FN:313,(anonymous_10)
FN:369,sendPharmacyStatusNotification
FN:450,(anonymous_12)
FN:477,executeStatusSpecificActions
FN:542,activatePharmacyProducts
FN:557,(anonymous_15)
FN:569,deactivatePharmacyProducts
FN:584,(anonymous_17)
FN:596,cancelPendingOrders
FN:611,(anonymous_19)
FN:627,getEventTypeForPharmacyStatus
FN:642,getSeverityForPharmacyStatus
FN:657,getAuditActionForPharmacyStatus
FNF:17
FNH:14
FNDA:1,(anonymous_6)
FNDA:4,(anonymous_7)
FNDA:11,(anonymous_8)
FNDA:2,notifyAdminsNewPharmacy
FNDA:4,(anonymous_10)
FNDA:10,sendPharmacyStatusNotification
FNDA:0,(anonymous_12)
FNDA:10,executeStatusSpecificActions
FNDA:4,activatePharmacyProducts
FNDA:4,(anonymous_15)
FNDA:2,deactivatePharmacyProducts
FNDA:2,(anonymous_17)
FNDA:0,cancelPendingOrders
FNDA:0,(anonymous_19)
FNDA:10,getEventTypeForPharmacyStatus
FNDA:10,getSeverityForPharmacyStatus
FNDA:10,getAuditActionForPharmacyStatus
DA:15,1
DA:16,1
DA:17,1
DA:23,1
DA:31,1
DA:32,1
DA:33,1
DA:34,1
DA:35,1
DA:36,1
DA:86,1
DA:95,4
DA:96,4
DA:98,4
DA:100,4
DA:101,4
DA:104,4
DA:105,2
DA:106,2
DA:116,2
DA:129,2
DA:131,2
DA:132,2
DA:136,2
DA:143,0
DA:144,0
DA:146,0
DA:157,0
DA:177,1
DA:186,11
DA:187,11
DA:189,11
DA:190,11
DA:193,11
DA:194,1
DA:202,10
DA:203,10
DA:205,10
DA:209,10
DA:211,10
DA:212,10
DA:215,10
DA:231,10
DA:246,10
DA:249,10
DA:251,10
DA:252,10
DA:256,10
DA:263,0
DA:264,0
DA:268,0
DA:279,0
DA:296,2
DA:297,2
DA:300,2
DA:306,2
DA:307,0
DA:308,0
DA:312,2
DA:313,2
DA:314,4
DA:315,4
DA:316,4
DA:320,2
DA:321,0
DA:322,0
DA:326,2
DA:354,2
DA:356,2
DA:361,0
DA:362,0
DA:374,10
DA:375,10
DA:377,10
DA:378,0
DA:379,0
DA:383,10
DA:406,10
DA:411,10
DA:439,10
DA:440,10
DA:442,10
DA:448,10
DA:449,0
DA:450,0
DA:451,0
DA:452,0
DA:456,0
DA:457,0
DA:463,0
DA:469,0
DA:470,0
DA:483,10
DA:485,10
DA:486,10
DA:489,4
DA:492,0
DA:502,0
DA:503,0
DA:507,2
DA:510,0
DA:512,0
DA:513,0
DA:517,2
DA:527,0
DA:528,0
DA:531,2
DA:534,8
DA:535,8
DA:543,4
DA:545,4
DA:551,4
DA:552,0
DA:555,4
DA:557,4
DA:558,4
DA:561,0
DA:563,0
DA:570,2
DA:572,2
DA:578,2
DA:579,0
DA:582,2
DA:584,2
DA:585,2
DA:588,0
DA:590,0
DA:597,0
DA:599,0
DA:605,0
DA:606,0
DA:609,0
DA:611,0
DA:612,0
DA:619,0
DA:621,0
DA:628,10
DA:636,10
DA:643,10
DA:651,10
DA:658,10
DA:666,10
LF:142
LH:94
BRDA:31,0,0,1
BRDA:31,0,1,1
BRDA:104,1,0,2
BRDA:104,1,1,2
BRDA:104,2,0,4
BRDA:104,2,1,3
BRDA:143,3,0,0
BRDA:143,3,1,0
BRDA:193,4,0,1
BRDA:193,4,1,10
BRDA:235,5,0,10
BRDA:235,5,1,0
BRDA:241,6,0,10
BRDA:241,6,1,9
BRDA:263,7,0,0
BRDA:263,7,1,0
BRDA:306,8,0,0
BRDA:306,8,1,2
BRDA:315,9,0,4
BRDA:315,9,1,0
BRDA:320,10,0,0
BRDA:320,10,1,2
BRDA:361,11,0,0
BRDA:361,11,1,0
BRDA:377,12,0,0
BRDA:377,12,1,10
BRDA:377,13,0,10
BRDA:377,13,1,10
BRDA:394,14,0,10
BRDA:394,14,1,9
BRDA:398,15,0,10
BRDA:398,15,1,9
BRDA:406,16,0,10
BRDA:406,16,1,0
BRDA:448,17,0,0
BRDA:448,17,1,10
BRDA:451,18,0,0
BRDA:451,18,1,0
BRDA:451,19,0,0
BRDA:451,19,1,0
BRDA:456,20,0,0
BRDA:456,20,1,0
BRDA:469,21,0,0
BRDA:469,21,1,0
BRDA:486,22,0,4
BRDA:486,22,1,2
BRDA:486,22,2,2
BRDA:486,22,3,2
BRDA:534,23,0,8
BRDA:534,23,1,0
BRDA:551,24,0,0
BRDA:551,24,1,4
BRDA:578,25,0,0
BRDA:578,25,1,2
BRDA:605,26,0,0
BRDA:605,26,1,0
BRDA:636,27,0,10
BRDA:636,27,1,0
BRDA:651,28,0,10
BRDA:651,28,1,0
BRDA:666,29,0,10
BRDA:666,29,1,0
BRF:62
BRH:33
end_of_record
TN:
SF:src\triggers\products.ts
FN:72,(anonymous_6)
FN:165,(anonymous_7)
FN:262,(anonymous_8)
FN:326,handlePriceChange
FN:374,handleStockChange
FN:418,handleActiveChange
FN:455,updatePharmacyProductCount
FN:482,notifyPharmacyOutOfStock
FN:535,notifyPriceDropToWishlistUsers
FN:556,(anonymous_15)
FN:608,notifyBackInStock
FNF:11
FNH:10
FNDA:5,(anonymous_6)
FNDA:9,(anonymous_7)
FNDA:2,(anonymous_8)
FNDA:4,handlePriceChange
FNDA:4,handleStockChange
FNDA:2,handleActiveChange
FNDA:5,updatePharmacyProductCount
FNDA:1,notifyPharmacyOutOfStock
FNDA:3,notifyPriceDropToWishlistUsers
FNDA:0,(anonymous_15)
FNDA:1,notifyBackInStock
DA:16,1
DA:17,1
DA:18,1
DA:64,1
DA:73,5
DA:74,5
DA:76,5
DA:78,5
DA:79,5
DA:82,5
DA:83,2
DA:84,2
DA:94,3
DA:110,3
DA:112,3
DA:113,3
DA:117,3
DA:124,0
DA:125,0
DA:127,0
DA:138,0
DA:157,1
DA:166,9
DA:167,9
DA:169,9
DA:170,9
DA:172,9
DA:174,9
DA:175,9
DA:178,9
DA:179,4
DA:180,4
DA:184,9
DA:185,4
DA:186,4
DA:190,9
DA:191,2
DA:192,2
DA:196,9
DA:197,1
DA:209,9
DA:210,9
DA:215,9
DA:222,0
DA:223,0
DA:225,0
DA:236,0
DA:254,1
DA:263,2
DA:264,2
DA:266,2
DA:268,2
DA:269,2
DA:272,2
DA:285,2
DA:287,2
DA:288,2
DA:292,2
DA:299,0
DA:300,0
DA:302,0
DA:313,0
DA:331,4
DA:332,4
DA:336,4
DA:340,4
DA:360,4
DA:366,4
DA:367,3
DA:379,4
DA:381,4
DA:400,4
DA:405,4
DA:406,1
DA:410,4
DA:411,1
DA:423,2
DA:436,2
DA:437,2
DA:446,2
DA:459,5
DA:460,5
DA:462,5
DA:470,5
DA:474,0
DA:475,0
DA:483,1
DA:484,1
DA:487,1
DA:492,1
DA:493,0
DA:496,1
DA:497,1
DA:499,1
DA:500,0
DA:503,1
DA:523,1
DA:525,1
DA:527,0
DA:528,0
DA:540,3
DA:541,3
DA:544,3
DA:551,3
DA:552,3
DA:556,0
DA:557,0
DA:559,0
DA:560,0
DA:561,0
DA:562,0
DA:563,0
DA:564,0
DA:568,0
DA:569,0
DA:572,0
DA:594,0
DA:596,0
DA:600,0
DA:601,0
DA:612,1
DA:613,1
DA:616,1
DA:623,1
DA:624,1
DA:628,0
DA:629,0
DA:631,0
DA:632,0
DA:633,0
DA:634,0
DA:636,0
DA:637,0
DA:640,0
DA:643,0
DA:645,0
DA:646,0
DA:649,0
DA:670,0
DA:672,0
DA:676,0
DA:677,0
LF:142
LH:92
BRDA:82,0,0,2
BRDA:82,0,1,3
BRDA:82,1,0,5
BRDA:82,1,1,4
BRDA:124,2,0,0
BRDA:124,2,1,0
BRDA:178,3,0,4
BRDA:178,3,1,5
BRDA:184,4,0,4
BRDA:184,4,1,5
BRDA:190,5,0,2
BRDA:190,5,1,7
BRDA:196,6,0,1
BRDA:196,6,1,8
BRDA:212,7,0,9
BRDA:212,7,1,1
BRDA:222,8,0,0
BRDA:222,8,1,0
BRDA:299,9,0,0
BRDA:299,9,1,0
BRDA:336,10,0,1
BRDA:336,10,1,3
BRDA:366,11,0,3
BRDA:366,11,1,1
BRDA:384,12,0,1
BRDA:384,12,1,3
BRDA:388,13,0,1
BRDA:388,13,1,3
BRDA:405,14,0,1
BRDA:405,14,1,3
BRDA:405,15,0,4
BRDA:405,15,1,1
BRDA:410,16,0,1
BRDA:410,16,1,3
BRDA:410,17,0,4
BRDA:410,17,1,1
BRDA:427,18,0,0
BRDA:427,18,1,2
BRDA:442,19,0,0
BRDA:442,19,1,2
BRDA:447,20,0,0
BRDA:447,20,1,2
BRDA:448,21,0,0
BRDA:448,21,1,2
BRDA:471,22,0,3
BRDA:471,22,1,2
BRDA:474,23,0,0
BRDA:474,23,1,0
BRDA:492,24,0,0
BRDA:492,24,1,1
BRDA:499,25,0,0
BRDA:499,25,1,1
BRDA:499,26,0,1
BRDA:499,26,1,1
BRDA:527,27,0,0
BRDA:527,27,1,0
BRDA:551,28,0,3
BRDA:551,28,1,0
BRDA:563,29,0,0
BRDA:563,29,1,0
BRDA:568,30,0,0
BRDA:568,30,1,0
BRDA:600,31,0,0
BRDA:600,31,1,0
BRDA:623,32,0,1
BRDA:623,32,1,0
BRDA:636,33,0,0
BRDA:636,33,1,0
BRDA:645,34,0,0
BRDA:645,34,1,0
BRDA:676,35,0,0
BRDA:676,35,1,0
BRF:72
BRH:42
end_of_record
TN:
SF:src\utils\memory-profiler.ts
FN:128,(anonymous_0)
FN:139,(anonymous_1)
FN:182,(anonymous_2)
FN:194,(anonymous_3)
FN:235,(anonymous_4)
FN:254,(anonymous_5)
FN:270,(anonymous_6)
FN:274,(anonymous_7)
FN:308,(anonymous_8)
FN:363,(anonymous_9)
FN:389,(anonymous_10)
FN:401,(anonymous_11)
FN:418,(anonymous_12)
FN:426,(anonymous_13)
FN:433,(anonymous_14)
FN:441,(anonymous_15)
FN:486,getMemoryProfiler
FN:499,createMemoryProfiler
FN:515,memoryMonitorMiddleware
FN:520,(anonymous_19)
FN:524,(anonymous_20)
FN:556,MonitorMemory
FN:557,(anonymous_22)
FN:565,(anonymous_23)
FN:567,(anonymous_24)
FNF:25
FNH:19
FNDA:40,(anonymous_0)
FNDA:26,(anonymous_1)
FNDA:7,(anonymous_2)
FNDA:0,(anonymous_3)
FNDA:33,(anonymous_4)
FNDA:8,(anonymous_5)
FNDA:2,(anonymous_6)
FNDA:2,(anonymous_7)
FNDA:3,(anonymous_8)
FNDA:2,(anonymous_9)
FNDA:5,(anonymous_10)
FNDA:68,(anonymous_11)
FNDA:1,(anonymous_12)
FNDA:6,(anonymous_13)
FNDA:2,(anonymous_14)
FNDA:2,(anonymous_15)
FNDA:7,getMemoryProfiler
FNDA:1,createMemoryProfiler
FNDA:4,memoryMonitorMiddleware
FNDA:2,(anonymous_19)
FNDA:0,(anonymous_20)
FNDA:0,MonitorMemory
FNDA:0,(anonymous_22)
FNDA:0,(anonymous_23)
FNDA:0,(anonymous_24)
DA:12,1
DA:14,1
DA:97,1
DA:107,1
DA:121,1
DA:123,40
DA:124,40
DA:125,40
DA:132,40
DA:133,40
DA:140,26
DA:142,26
DA:153,26
DA:154,26
DA:164,0
DA:165,0
DA:176,26
DA:183,7
DA:184,1
DA:187,6
DA:188,6
DA:191,6
DA:194,6
DA:195,0
DA:196,0
DA:199,0
DA:200,0
DA:204,0
DA:206,0
DA:207,0
DA:222,6
DA:236,33
DA:237,6
DA:238,6
DA:240,6
DA:255,8
DA:257,8
DA:258,6
DA:270,2
DA:271,2
DA:274,2
DA:277,2
DA:280,2
DA:282,2
DA:283,0
DA:294,2
DA:313,3
DA:316,3
DA:318,3
DA:319,3
DA:321,3
DA:323,2
DA:324,2
DA:326,2
DA:327,2
DA:329,2
DA:330,1
DA:341,1
DA:352,2
DA:364,2
DA:365,2
DA:368,0
DA:369,0
DA:370,0
DA:373,0
DA:375,0
DA:376,0
DA:380,0
DA:383,0
DA:390,5
DA:391,1
DA:392,1
DA:393,1
DA:395,4
DA:402,68
DA:403,68
DA:404,68
DA:406,68
DA:407,128
DA:408,128
DA:411,68
DA:412,68
DA:419,1
DA:420,1
DA:427,6
DA:434,2
DA:435,2
DA:442,2
DA:443,2
DA:445,2
DA:446,0
DA:451,2
DA:452,2
DA:457,2
DA:458,0
DA:463,2
DA:464,0
DA:469,2
DA:470,0
DA:473,2
DA:481,1
DA:486,1
DA:490,7
DA:491,1
DA:493,7
DA:499,1
DA:503,1
DA:515,1
DA:518,4
DA:520,4
DA:521,2
DA:522,2
DA:524,2
DA:525,0
DA:526,0
DA:527,0
DA:530,0
DA:531,0
DA:545,2
DA:556,1
DA:557,0
DA:562,0
DA:563,0
DA:565,0
DA:566,0
DA:567,0
DA:573,0
LF:127
LH:93
BRDA:129,0,0,31
BRDA:130,1,0,32
BRDA:153,2,0,26
BRDA:153,2,1,0
BRDA:164,3,0,0
BRDA:164,3,1,0
BRDA:183,4,0,1
BRDA:183,4,1,6
BRDA:204,5,0,0
BRDA:204,5,1,0
BRDA:204,6,0,0
BRDA:204,6,1,0
BRDA:236,7,0,6
BRDA:236,7,1,27
BRDA:257,8,0,6
BRDA:257,8,1,2
BRDA:282,9,0,0
BRDA:282,9,1,2
BRDA:313,10,0,3
BRDA:313,10,1,2
BRDA:329,11,0,1
BRDA:329,11,1,1
BRDA:364,12,0,2
BRDA:364,12,1,0
BRDA:375,13,0,0
BRDA:375,13,1,0
BRDA:390,14,0,1
BRDA:390,14,1,4
BRDA:406,15,0,196
BRDA:406,15,1,128
BRDA:411,16,0,1
BRDA:411,16,1,67
BRDA:433,17,0,1
BRDA:445,18,0,0
BRDA:445,18,1,2
BRDA:451,19,0,2
BRDA:451,19,1,0
BRDA:457,20,0,0
BRDA:457,20,1,2
BRDA:463,21,0,0
BRDA:463,21,1,2
BRDA:469,22,0,0
BRDA:469,22,1,2
BRDA:490,23,0,1
BRDA:490,23,1,6
BRDA:530,24,0,0
BRDA:530,24,1,0
BRDA:530,25,0,0
BRDA:530,25,1,0
BRF:49
BRH:29
end_of_record
TN:
SF:src\utils\query-optimizer.ts
FN:135,generateQueryHash
FN:147,getCacheEntry
FN:172,setCacheEntry
FN:196,cleanupCache
FN:217,getCacheStats
FN:240,(anonymous_11)
FN:247,(anonymous_12)
FN:337,(anonymous_13)
FN:338,(anonymous_14)
FN:347,(anonymous_15)
FN:402,(anonymous_16)
FN:425,(anonymous_17)
FN:426,(anonymous_18)
FN:524,(anonymous_20)
FN:525,(anonymous_21)
FN:528,(anonymous_22)
FN:531,(anonymous_23)
FN:569,(anonymous_24)
FN:614,(anonymous_25)
FN:631,(anonymous_26)
FN:657,(anonymous_27)
FN:675,getQueryOptimizer
FN:685,createQueryOptimizer
FNF:23
FNH:23
FNDA:28,generateQueryHash
FNDA:26,getCacheEntry
FNDA:21,setCacheEntry
FNDA:1,cleanupCache
FNDA:2,getCacheStats
FNDA:41,(anonymous_11)
FNDA:20,(anonymous_12)
FNDA:19,(anonymous_13)
FNDA:1,(anonymous_14)
FNDA:54,(anonymous_15)
FNDA:5,(anonymous_16)
FNDA:6,(anonymous_17)
FNDA:255,(anonymous_18)
FNDA:6,(anonymous_20)
FNDA:6,(anonymous_21)
FNDA:3,(anonymous_22)
FNDA:3,(anonymous_23)
FNDA:5,(anonymous_24)
FNDA:15,(anonymous_25)
FNDA:1,(anonymous_26)
FNDA:39,(anonymous_27)
FNDA:3,getQueryOptimizer
FNDA:1,createQueryOptimizer
DA:13,1
DA:14,1
DA:15,1
DA:17,1
DA:105,1
DA:108,1
DA:111,1
DA:114,1
DA:117,1
DA:120,1
DA:127,1
DA:130,1
DA:140,28
DA:141,28
DA:148,26
DA:150,26
DA:151,24
DA:154,2
DA:155,0
DA:156,0
DA:160,2
DA:161,2
DA:162,2
DA:164,2
DA:166,2
DA:178,21
DA:179,0
DA:180,0
DA:181,0
DA:185,21
DA:190,21
DA:196,1
DA:197,1
DA:198,1
DA:200,1
DA:201,0
DA:202,0
DA:203,0
DA:204,0
DA:205,0
DA:207,0
DA:211,1
DA:217,1
DA:222,2
DA:230,1
DA:231,1
DA:237,1
DA:241,41
DA:252,20
DA:261,20
DA:264,20
DA:267,20
DA:268,20
DA:269,18
DA:270,18
DA:271,1
DA:272,1
DA:280,1
DA:282,17
DA:287,19
DA:290,19
DA:291,6
DA:292,4
DA:293,1
DA:294,1
DA:300,3
DA:306,19
DA:307,4
DA:308,4
DA:309,4
DA:311,1
DA:312,1
DA:314,1
DA:315,1
DA:317,1
DA:318,1
DA:320,1
DA:321,1
DA:327,19
DA:330,19
DA:331,1
DA:335,19
DA:338,19
DA:343,18
DA:344,18
DA:345,18
DA:347,54
DA:352,18
DA:354,18
DA:357,18
DA:365,18
DA:366,1
DA:376,18
DA:377,16
DA:381,18
DA:395,18
DA:405,5
DA:406,5
DA:408,5
DA:409,1
DA:413,4
DA:416,4
DA:417,4
DA:418,6
DA:422,4
DA:424,4
DA:426,255
DA:427,6
DA:429,6
DA:430,12
DA:431,12
DA:434,12
DA:435,2
DA:436,2
DA:437,2
DA:438,2
DA:441,2
DA:444,12
DA:450,4
DA:452,4
DA:465,4
DA:478,8
DA:481,8
DA:487,8
DA:488,8
DA:489,8
DA:490,1
DA:491,1
DA:493,7
DA:498,7
DA:500,7
DA:501,1
DA:502,1
DA:508,7
DA:510,3
DA:511,3
DA:512,3
DA:513,3
DA:517,4
DA:518,2
DA:522,2
DA:523,2
DA:524,6
DA:525,6
DA:527,2
DA:528,3
DA:530,1
DA:531,3
DA:534,2
DA:537,0
DA:540,5
DA:543,5
DA:544,5
DA:551,5
DA:563,5
DA:583,5
DA:586,5
DA:589,5
DA:590,1
DA:591,1
DA:596,5
DA:599,5
DA:600,1
DA:601,1
DA:602,1
DA:607,5
DA:609,5
DA:610,5
DA:611,5
DA:612,5
DA:614,15
DA:619,5
DA:632,1
DA:634,1
DA:635,2
DA:636,0
DA:637,0
DA:638,0
DA:639,0
DA:641,0
DA:645,1
DA:651,1
DA:658,39
DA:659,39
DA:660,39
DA:661,39
DA:662,39
DA:670,1
DA:675,1
DA:676,3
DA:677,1
DA:679,3
DA:685,1
DA:688,1
LF:194
LH:177
BRDA:150,0,0,24
BRDA:150,0,1,2
BRDA:154,1,0,0
BRDA:154,1,1,2
BRDA:161,2,0,2
BRDA:161,2,1,0
BRDA:178,3,0,21
BRDA:178,3,1,0
BRDA:180,4,0,0
BRDA:180,4,1,0
BRDA:201,5,0,0
BRDA:201,5,1,0
BRDA:204,6,0,0
BRDA:204,6,1,0
BRDA:225,7,0,2
BRDA:225,7,1,2
BRDA:241,8,0,41
BRDA:241,8,1,40
BRDA:249,9,0,0
BRDA:250,10,0,4
BRDA:254,11,0,17
BRDA:257,12,0,16
BRDA:258,13,0,14
BRDA:259,14,0,19
BRDA:260,15,0,19
BRDA:268,16,0,18
BRDA:268,16,1,2
BRDA:270,17,0,1
BRDA:270,17,1,17
BRDA:291,18,0,4
BRDA:291,18,1,2
BRDA:291,19,0,6
BRDA:291,19,1,5
BRDA:292,20,0,1
BRDA:292,20,1,3
BRDA:292,21,0,4
BRDA:292,21,1,1
BRDA:306,22,0,4
BRDA:306,22,1,15
BRDA:308,23,0,4
BRDA:308,23,1,0
BRDA:309,24,0,1
BRDA:309,24,1,1
BRDA:309,24,2,1
BRDA:309,24,3,1
BRDA:330,25,0,1
BRDA:330,25,1,18
BRDA:330,26,0,19
BRDA:330,26,1,1
BRDA:345,27,0,0
BRDA:345,27,1,18
BRDA:352,28,0,0
BRDA:352,28,1,18
BRDA:365,29,0,1
BRDA:365,29,1,17
BRDA:376,30,0,16
BRDA:376,30,1,2
BRDA:406,31,0,4
BRDA:408,32,0,1
BRDA:408,32,1,4
BRDA:430,33,0,12
BRDA:430,33,1,0
BRDA:434,34,0,2
BRDA:434,34,1,10
BRDA:434,35,0,12
BRDA:434,35,1,2
BRDA:437,36,0,2
BRDA:437,36,1,0
BRDA:475,37,0,5
BRDA:476,38,0,6
BRDA:487,39,0,8
BRDA:487,39,1,0
BRDA:489,40,0,1
BRDA:489,40,1,7
BRDA:489,41,0,8
BRDA:489,41,1,1
BRDA:501,42,0,1
BRDA:501,42,1,0
BRDA:501,43,0,1
BRDA:501,43,1,1
BRDA:508,44,0,3
BRDA:508,44,1,2
BRDA:508,44,2,4
BRDA:508,44,3,0
BRDA:517,45,0,2
BRDA:517,45,1,2
BRDA:527,46,0,1
BRDA:527,46,1,1
BRDA:530,47,0,1
BRDA:530,47,1,0
BRDA:543,48,0,5
BRDA:543,48,1,0
BRDA:572,49,0,1
BRDA:573,50,0,2
BRDA:575,51,0,4
BRDA:590,52,0,1
BRDA:590,52,1,0
BRDA:590,53,0,1
BRDA:590,53,1,1
BRDA:599,54,0,1
BRDA:599,54,1,4
BRDA:601,55,0,1
BRDA:601,55,1,0
BRDA:612,56,0,0
BRDA:612,56,1,5
BRDA:621,57,0,0
BRDA:621,57,1,5
BRDA:635,58,0,0
BRDA:635,58,1,2
BRDA:638,59,0,0
BRDA:638,59,1,0
BRDA:676,60,0,1
BRDA:676,60,1,2
BRF:113
BRH:86
end_of_record
TN:
SF:src\utils\structured-logger.ts
FN:159,(anonymous_6)
FN:181,(anonymous_7)
FN:196,(anonymous_8)
FN:204,(anonymous_9)
FN:211,(anonymous_10)
FN:218,(anonymous_11)
FN:225,(anonymous_12)
FN:232,(anonymous_13)
FN:239,(anonymous_14)
FN:257,(anonymous_15)
FN:269,(anonymous_16)
FN:285,(anonymous_17)
FN:363,(anonymous_18)
FN:366,(anonymous_19)
FN:371,(anonymous_20)
FN:397,(anonymous_21)
FN:440,(anonymous_22)
FN:447,(anonymous_23)
FN:455,loggerMiddleware
FN:486,(anonymous_25)
FN:497,getLogger
FN:508,createLogger
FNF:22
FNH:22
FNDA:46,(anonymous_6)
FNDA:2,(anonymous_7)
FNDA:1,(anonymous_8)
FNDA:1,(anonymous_9)
FNDA:20,(anonymous_10)
FNDA:3,(anonymous_11)
FNDA:10,(anonymous_12)
FNDA:2,(anonymous_13)
FNDA:4,(anonymous_14)
FNDA:1,(anonymous_15)
FNDA:1,(anonymous_16)
FNDA:42,(anonymous_17)
FNDA:19,(anonymous_18)
FNDA:24,(anonymous_19)
FNDA:1629,(anonymous_20)
FNDA:41,(anonymous_21)
FNDA:1,(anonymous_22)
FNDA:9,(anonymous_23)
FNDA:3,loggerMiddleware
FNDA:1,(anonymous_25)
FNDA:3,getLogger
FNDA:2,createLogger
DA:20,1
DA:30,1
DA:101,1
DA:132,1
DA:144,1
DA:149,1
DA:168,46
DA:169,46
DA:170,46
DA:171,46
DA:172,46
DA:173,46
DA:174,46
DA:175,46
DA:182,2
DA:197,1
DA:198,1
DA:205,1
DA:212,20
DA:219,3
DA:226,10
DA:233,2
DA:240,4
DA:241,4
DA:243,4
DA:258,1
DA:270,1
DA:279,1
DA:293,42
DA:294,1
DA:297,41
DA:298,41
DA:299,41
DA:300,41
DA:302,41
DA:339,41
DA:340,12
DA:349,41
DA:352,41
DA:353,40
DA:354,40
DA:356,40
DA:364,19
DA:366,19
DA:367,24
DA:368,76
DA:371,76
DA:372,1629
DA:375,76
DA:376,20
DA:378,17
DA:379,17
DA:381,3
DA:383,56
DA:385,5
DA:390,19
DA:391,19
DA:398,41
DA:406,41
DA:412,41
DA:413,12
DA:414,1
DA:415,11
DA:416,1
DA:417,10
DA:418,1
DA:419,9
DA:420,0
DA:425,41
DA:426,1
DA:427,1
DA:428,40
DA:429,0
DA:430,40
DA:431,0
DA:434,41
DA:441,1
DA:448,9
DA:455,1
DA:456,3
DA:457,3
DA:460,3
DA:468,3
DA:469,3
DA:472,3
DA:473,3
DA:476,3
DA:483,3
DA:486,3
DA:487,1
DA:488,1
DA:491,3
DA:497,1
DA:498,3
DA:499,2
DA:500,2
DA:502,1
DA:508,1
DA:509,2
LF:99
LH:96
BRDA:144,0,0,1
BRDA:144,0,1,1
BRDA:159,1,0,2
BRDA:168,2,0,46
BRDA:168,2,1,34
BRDA:173,3,0,46
BRDA:173,3,1,37
BRDA:174,4,0,46
BRDA:174,4,1,5
BRDA:241,5,0,1
BRDA:241,5,1,3
BRDA:241,6,0,1
BRDA:241,6,1,2
BRDA:250,7,0,0
BRDA:250,7,1,4
BRDA:293,8,0,1
BRDA:293,8,1,41
BRDA:329,9,0,19
BRDA:329,9,1,22
BRDA:339,10,0,12
BRDA:339,10,1,29
BRDA:341,11,0,12
BRDA:341,11,1,11
BRDA:343,12,0,11
BRDA:343,12,1,1
BRDA:344,13,0,1
BRDA:344,13,1,11
BRDA:352,14,0,40
BRDA:352,14,1,1
BRDA:366,15,0,19
BRDA:375,16,0,20
BRDA:375,16,1,56
BRDA:375,17,0,76
BRDA:375,17,1,20
BRDA:376,18,0,17
BRDA:376,18,1,3
BRDA:383,19,0,5
BRDA:383,19,1,51
BRDA:383,20,0,56
BRDA:383,20,1,51
BRDA:383,20,2,6
BRDA:408,21,0,41
BRDA:408,21,1,30
BRDA:412,22,0,12
BRDA:412,22,1,29
BRDA:413,23,0,1
BRDA:413,23,1,11
BRDA:415,24,0,1
BRDA:415,24,1,10
BRDA:417,25,0,1
BRDA:417,25,1,9
BRDA:419,26,0,0
BRDA:419,26,1,9
BRDA:425,27,0,1
BRDA:425,27,1,40
BRDA:428,28,0,0
BRDA:428,28,1,40
BRDA:430,29,0,0
BRDA:430,29,1,40
BRDA:456,30,0,3
BRDA:456,30,1,2
BRDA:498,31,0,2
BRDA:498,31,1,1
BRDA:498,32,0,3
BRDA:498,32,1,2
BRDA:500,33,0,1
BRDA:500,33,1,1
BRF:67
BRH:63
end_of_record
